TimeCreated      : 11.04.2019 19:13:24
ProviderName     : Service Control Manager
Id               : 7040
LevelDisplayName : Informationen
Message          : Der Starttyp des Diensts "Intelligenter Hintergrundübertragungsdienst" wurde von Automatisch starten in Manuell starten geändert.

TimeCreated      : 11.04.2019 19:11:22
ProviderName     : Service Control Manager
Id               : 7040
LevelDisplayName : Informationen
Message          : Der Starttyp des Diensts "Intelligenter Hintergrundübertragungsdienst" wurde von Manuell starten in Automatisch starten geändert.

TimeCreated      : 11.04.2019 18:57:34
ProviderName     : Microsoft-Windows-Kernel-General
Id               : 16
LevelDisplayName : Informationen
Message          : Der Zugriffsverlauf in der Struktur "\??\C:\ProgramData\Microsoft\Provisioning\Microsoft-Desktop-Provisioning-Sequence.dat" wurde gelöscht. Dabei 
                   wurden 0 Schlüssel aktualisiert und 0 geänderte Seiten erstellt.

TimeCreated      : 11.04.2019 18:41:46
ProviderName     : Service Control Manager
Id               : 7040
LevelDisplayName : Informationen
Message          : Der Starttyp des Diensts "Intelligenter Hintergrundübertragungsdienst" wurde von Automatisch starten in Manuell starten geändert.

TimeCreated      : 11.04.2019 18:39:21
ProviderName     : Service Control Manager
Id               : 7040
LevelDisplayName : Informationen
Message          : Der Starttyp des Diensts "Intelligenter Hintergrundübertragungsdienst" wurde von Manuell starten in Automatisch starten geändert.

TimeCreated      : 11.04.2019 18:35:21
ProviderName     : Service Control Manager
Id               : 7040
LevelDisplayName : Informationen
Message          : Der Starttyp des Diensts "Intelligenter Hintergrundübertragungsdienst" wurde von Automatisch starten in Manuell starten geändert.

TimeCreated      : 11.04.2019 18:33:20
ProviderName     : Microsoft-Windows-DistributedCOM
Id               : 10016
LevelDisplayName : Fehler
Message          : Durch die Berechtigungseinstellungen für "Anwendungsspezifisch" wird dem Benutzer "NIBIRU\admin" (SID: S-1-5-21-2863662748-938137181-2532542191-1000) 
                   unter der Adresse "LocalHost (unter Verwendung von LRPC)" keine Berechtigung vom Typ "Lokal Aktivierung" für die COM-Serveranwendung mit der CLSID 
                   {2593F8B9-4EAF-457C-B68A-50F6B8EA6B54}
                    und der APPID 
                   {15C20B67-12E7-4BB6-92BB-7AFF07997402}
                    im Anwendungscontainer "Nicht verfügbar" (SID: Nicht verfügbar) gewährt. Die Sicherheitsberechtigung kann mit dem Verwaltungstool für 
                   Komponentendienste geändert werden.

TimeCreated      : 11.04.2019 18:25:04
ProviderName     : Microsoft-Windows-WindowsUpdateClient
Id               : 19
LevelDisplayName : Informationen
Message          : Installation erfolgreich: Das folgende Update wurde installiert. Definitionsupdate für Windows Defender Antivirus – KB2267602 (Definition 
                   1.291.1667.0)

TimeCreated      : 11.04.2019 18:24:54
ProviderName     : Microsoft-Windows-WindowsUpdateClient
Id               : 43
LevelDisplayName : Informationen
Message          : Installation gestartet: Windows hat mit der Installation des folgenden Updates begonnen: Definitionsupdate für Windows Defender Antivirus – KB2267602 
                   (Definition 1.291.1667.0)

TimeCreated      : 11.04.2019 18:22:39
ProviderName     : Microsoft-Windows-WindowsUpdateClient
Id               : 44
LevelDisplayName : Informationen
Message          : Windows Update hat mit dem Herunterladen eines Updates begonnen.

TimeCreated      : 11.04.2019 18:21:58
ProviderName     : Microsoft-Windows-DistributedCOM
Id               : 10016
LevelDisplayName : Fehler
Message          : Durch die Berechtigungseinstellungen für "Anwendungsspezifisch" wird dem Benutzer "NIBIRU\admin" (SID: S-1-5-21-2863662748-938137181-2532542191-1000) 
                   unter der Adresse "LocalHost (unter Verwendung von LRPC)" keine Berechtigung vom Typ "Lokal Aktivierung" für die COM-Serveranwendung mit der CLSID 
                   {2593F8B9-4EAF-457C-B68A-50F6B8EA6B54}
                    und der APPID 
                   {15C20B67-12E7-4BB6-92BB-7AFF07997402}
                    im Anwendungscontainer "Nicht verfügbar" (SID: Nicht verfügbar) gewährt. Die Sicherheitsberechtigung kann mit dem Verwaltungstool für 
                   Komponentendienste geändert werden.

TimeCreated      : 11.04.2019 18:21:58
ProviderName     : Microsoft-Windows-DistributedCOM
Id               : 10016
LevelDisplayName : Fehler
Message          : Durch die Berechtigungseinstellungen für "Anwendungsspezifisch" wird dem Benutzer "NIBIRU\admin" (SID: S-1-5-21-2863662748-938137181-2532542191-1000) 
                   unter der Adresse "LocalHost (unter Verwendung von LRPC)" keine Berechtigung vom Typ "Lokal Aktivierung" für die COM-Serveranwendung mit der CLSID 
                   {2593F8B9-4EAF-457C-B68A-50F6B8EA6B54}
                    und der APPID 
                   {15C20B67-12E7-4BB6-92BB-7AFF07997402}
                    im Anwendungscontainer "Nicht verfügbar" (SID: Nicht verfügbar) gewährt. Die Sicherheitsberechtigung kann mit dem Verwaltungstool für 
                   Komponentendienste geändert werden.

TimeCreated      : 11.04.2019 18:21:57
ProviderName     : Microsoft-Windows-DistributedCOM
Id               : 10016
LevelDisplayName : Fehler
Message          : Durch die Berechtigungseinstellungen für "Anwendungsspezifisch" wird dem Benutzer "NIBIRU\admin" (SID: S-1-5-21-2863662748-938137181-2532542191-1000) 
                   unter der Adresse "LocalHost (unter Verwendung von LRPC)" keine Berechtigung vom Typ "Lokal Aktivierung" für die COM-Serveranwendung mit der CLSID 
                   {2593F8B9-4EAF-457C-B68A-50F6B8EA6B54}
                    und der APPID 
                   {15C20B67-12E7-4BB6-92BB-7AFF07997402}
                    im Anwendungscontainer "Nicht verfügbar" (SID: Nicht verfügbar) gewährt. Die Sicherheitsberechtigung kann mit dem Verwaltungstool für 
                   Komponentendienste geändert werden.

TimeCreated      : 11.04.2019 18:19:44
ProviderName     : Microsoft-Windows-DistributedCOM
Id               : 10016
LevelDisplayName : Fehler
Message          : Durch die Berechtigungseinstellungen für "Anwendungsspezifisch" wird dem Benutzer "NIBIRU\admin" (SID: S-1-5-21-2863662748-938137181-2532542191-1000) 
                   unter der Adresse "LocalHost (unter Verwendung von LRPC)" keine Berechtigung vom Typ "Lokal Aktivierung" für die COM-Serveranwendung mit der CLSID 
                   {2593F8B9-4EAF-457C-B68A-50F6B8EA6B54}
                    und der APPID 
                   {15C20B67-12E7-4BB6-92BB-7AFF07997402}
                    im Anwendungscontainer "Nicht verfügbar" (SID: Nicht verfügbar) gewährt. Die Sicherheitsberechtigung kann mit dem Verwaltungstool für 
                   Komponentendienste geändert werden.

TimeCreated      : 11.04.2019 18:19:21
ProviderName     : Service Control Manager
Id               : 7040
LevelDisplayName : Informationen
Message          : Der Starttyp des Diensts "Intelligenter Hintergrundübertragungsdienst" wurde von Manuell starten in Automatisch starten geändert.

TimeCreated      : 11.04.2019 18:19:20
ProviderName     : e1iexpress
Id               : 32
LevelDisplayName : Informationen
Message          : Intel(R) 82579V Gigabit Network Connection
                    Network link has been established at 1Gbps full duplex.
                   

TimeCreated      : 11.04.2019 18:19:20
ProviderName     : Microsoft-Windows-DistributedCOM
Id               : 10016
LevelDisplayName : Fehler
Message          : Durch die Berechtigungseinstellungen für "Anwendungsspezifisch" wird dem Benutzer "NT-AUTORITÄT\Lokaler Dienst" (SID: S-1-5-19) unter der Adresse 
                   "LocalHost (unter Verwendung von LRPC)" keine Berechtigung vom Typ "Lokal Aktivierung" für die COM-Serveranwendung mit der CLSID 
                   {6B3B8D23-FA8D-40B9-8DBD-B950333E2C52}
                    und der APPID 
                   {4839DDB7-58C2-48F5-8283-E1D1807D0D7D}
                    im Anwendungscontainer "Nicht verfügbar" (SID: Nicht verfügbar) gewährt. Die Sicherheitsberechtigung kann mit dem Verwaltungstool für 
                   Komponentendienste geändert werden.

TimeCreated      : 11.04.2019 18:19:20
ProviderName     : Microsoft-Windows-DistributedCOM
Id               : 10016
LevelDisplayName : Fehler
Message          : Durch die Berechtigungseinstellungen für "Anwendungsspezifisch" wird dem Benutzer "NT-AUTORITÄT\Lokaler Dienst" (SID: S-1-5-19) unter der Adresse 
                   "LocalHost (unter Verwendung von LRPC)" keine Berechtigung vom Typ "Lokal Aktivierung" für die COM-Serveranwendung mit der CLSID 
                   {6B3B8D23-FA8D-40B9-8DBD-B950333E2C52}
                    und der APPID 
                   {4839DDB7-58C2-48F5-8283-E1D1807D0D7D}
                    im Anwendungscontainer "Nicht verfügbar" (SID: Nicht verfügbar) gewährt. Die Sicherheitsberechtigung kann mit dem Verwaltungstool für 
                   Komponentendienste geändert werden.

TimeCreated      : 11.04.2019 18:19:19
ProviderName     : Microsoft-Windows-Power-Troubleshooter
Id               : 1
LevelDisplayName : Informationen
Message          : Das System wurde aus einem Standbymodus reaktiviert.
                   
                   Zeit im Energiesparmodus: ?2019?-?04?-?10T22:32:08.491558500Z
                   Reaktivierungszeit: ?2019?-?04?-?11T16:19:17.575177900Z
                   
                   Reaktivierungsquelle: Unbekannt

TimeCreated      : 11.04.2019 18:19:18
ProviderName     : BTHUSB
Id               : 34
LevelDisplayName : Warnung
Message          : Der lokale Adapter bietet keine Unterstützung für einen wichtigen Low Energy-Controllerstatus zur Unterstützung des Peripheral-Modus. Die mindestens 
                   erforderliche unterstützte Statusmaske ist 0x2491f7fffff, vorhanden ist 0x1fffffff. Für die Peripheral-Rolle "Low Energy" ist keine Funktion 
                   verfügbar.

TimeCreated      : 11.04.2019 18:19:18
ProviderName     : BTHUSB
Id               : 18
LevelDisplayName : Informationen
Message          : Windows kann keine Bluetooth-Authentifizierungscodes (Verbindungsschlüssel) auf dem lokalen Adapter speichern. Bluetooth-Tastaturen funktionieren 
                   möglicherweise nicht im System-BIOS während des Systemstarts.

TimeCreated      : 11.04.2019 18:19:18
ProviderName     : Microsoft-Windows-Winlogon
Id               : 7001
LevelDisplayName : Informationen
Message          : Benutzeranmeldebenachrichtigung für Programm zur Verbesserung der Benutzerfreundlichkeit

TimeCreated      : 11.04.2019 18:19:17
ProviderName     : Microsoft-Windows-Kernel-Boot
Id               : 27
LevelDisplayName : Informationen
Message          : Der Starttyp lautete "0x1".

TimeCreated      : 11.04.2019 18:19:17
ProviderName     : Microsoft-Windows-Kernel-Boot
Id               : 25
LevelDisplayName : Informationen
Message          : Die Richtlinie für das Startmenü lautete "0x1".

TimeCreated      : 11.04.2019 18:19:17
ProviderName     : Microsoft-Windows-Kernel-Boot
Id               : 32
LevelDisplayName : Informationen
Message          : Vom Start-Manager wurde 0 ms auf eine Benutzereingabe gewartet.

TimeCreated      : 11.04.2019 18:19:17
ProviderName     : Microsoft-Windows-Kernel-Boot
Id               : 18
LevelDisplayName : Informationen
Message          : In diesem System sind 0x1 Startoptionen vorhanden.

TimeCreated      : 11.04.2019 18:19:17
ProviderName     : e1iexpress
Id               : 27
LevelDisplayName : Warnung
Message          : Intel(R) 82579V Gigabit Network Connection
                    Network link is disconnected.
                   

TimeCreated      : 11.04.2019 18:19:16
ProviderName     : Microsoft-Windows-Kernel-General
Id               : 1
LevelDisplayName : Informationen
Message          : Die Systemzeit wurde von ?2019?-?04?-?10T22:32:10.400238200Z in ?2019?-?04?-?11T16:19:16.500000000Z geändert.
                   
                   Änderungsgrund: System time synchronized with the hardware clock.
                   Prozess: '' (PID 4).

TimeCreated      : 11.04.2019 00:32:10
ProviderName     : Microsoft-Windows-Kernel-Power
Id               : 107
LevelDisplayName : Informationen
Message          : Das System wurde aus dem Energiesparmodus reaktiviert.

TimeCreated      : 11.04.2019 18:19:17
ProviderName     : EventLog
Id               : 6013
LevelDisplayName : Informationen
Message          : Die aktive Systemzeit ist 83856 Sekunden.

TimeCreated      : 11.04.2019 00:32:08
ProviderName     : Microsoft-Windows-Kernel-Power
Id               : 42
LevelDisplayName : Informationen
Message          : Das System wird in den Standbymodus versetzt.
                   
                   Ursache: Application API

TimeCreated      : 11.04.2019 00:32:08
ProviderName     : Microsoft-Windows-Kernel-Power
Id               : 187
LevelDisplayName : Informationen
Message          : Von einem Prozess im Benutzermodus wurde versucht, den Systemstatus durch den Aufruf der SetSuspendState- oder SetSystemPowerState-API zu ändern.

TimeCreated      : 11.04.2019 00:32:07
ProviderName     : Microsoft-Windows-Winlogon
Id               : 7002
LevelDisplayName : Informationen
Message          : Benutzerabmeldebenachrichtigung für Programm zur Verbesserung der Benutzerfreundlichkeit

TimeCreated      : 11.04.2019 00:32:05
ProviderName     : User32
Id               : 1074
LevelDisplayName : Informationen
Message          : Vom Prozess "C:\Windows\Explorer.EXE (NIBIRU)" wurde auf Anforderung des Benutzers "NIBIRU\admin" das Ereignis "Ausschalten" für den Computer 
                   "NIBIRU" aus folgendem Grund initiiert: "Anderer Grund (nicht geplant)"
                    Ursachencode: "0x0"
                    Herunterfahrtyp: "Ausschalten"
                    Kommentar: ""

TimeCreated      : 10.04.2019 21:05:58
ProviderName     : Microsoft-Windows-Kernel-General
Id               : 16
LevelDisplayName : Informationen
Message          : Der Zugriffsverlauf in der Struktur "\??\C:\Users\admin\AppData\Local\Packages\ad2f1837.hpprintercontrol_v10z8vjag6ke6\Settings\settings.dat" wurde 
                   gelöscht. Dabei wurden 2 Schlüssel aktualisiert und 1 geänderte Seiten erstellt.

TimeCreated      : 10.04.2019 20:50:29
ProviderName     : Virtual Disk Service
Id               : 4
LevelDisplayName : Informationen
Message          : Dienst wurde beendet.

TimeCreated      : 10.04.2019 20:46:41
ProviderName     : Microsoft-Windows-DNS-Client
Id               : 1014
LevelDisplayName : Warnung
Message          : Zeitüberschreitung bei der Namensauflösung für den Namen wpad, nachdem keiner der konfigurierten DNS-Server geantwortet hat.

TimeCreated      : 10.04.2019 20:46:37
ProviderName     : Microsoft-Windows-Power-Troubleshooter
Id               : 1
LevelDisplayName : Informationen
Message          : Das System wurde aus einem Standbymodus reaktiviert.
                   
                   Zeit im Energiesparmodus: ?2019?-?04?-?10T18:46:15.087744200Z
                   Reaktivierungszeit: ?2019?-?04?-?10T18:46:34.595998600Z
                   
                   Reaktivierungsquelle: Gerät -Renesas USB 3.0 eXtensible-Hostcontroller – 0.96 (Microsoft)

TimeCreated      : 10.04.2019 20:46:36
ProviderName     : e1iexpress
Id               : 32
LevelDisplayName : Informationen
Message          : Intel(R) 82579V Gigabit Network Connection
                    Network link has been established at 1Gbps full duplex.
                   

TimeCreated      : 10.04.2019 20:46:33
ProviderName     : BTHUSB
Id               : 34
LevelDisplayName : Warnung
Message          : Der lokale Adapter bietet keine Unterstützung für einen wichtigen Low Energy-Controllerstatus zur Unterstützung des Peripheral-Modus. Die mindestens 
                   erforderliche unterstützte Statusmaske ist 0x2491f7fffff, vorhanden ist 0x1fffffff. Für die Peripheral-Rolle "Low Energy" ist keine Funktion 
                   verfügbar.

TimeCreated      : 10.04.2019 20:46:33
ProviderName     : BTHUSB
Id               : 18
LevelDisplayName : Informationen
Message          : Windows kann keine Bluetooth-Authentifizierungscodes (Verbindungsschlüssel) auf dem lokalen Adapter speichern. Bluetooth-Tastaturen funktionieren 
                   möglicherweise nicht im System-BIOS während des Systemstarts.

TimeCreated      : 10.04.2019 20:46:33
ProviderName     : e1iexpress
Id               : 27
LevelDisplayName : Warnung
Message          : Intel(R) 82579V Gigabit Network Connection
                    Network link is disconnected.
                   

TimeCreated      : 10.04.2019 20:46:32
ProviderName     : Microsoft-Windows-Kernel-General
Id               : 1
LevelDisplayName : Informationen
Message          : Die Systemzeit wurde von ?2019?-?04?-?10T18:46:17.881309200Z in ?2019?-?04?-?10T18:46:32.500000000Z geändert.
                   
                   Änderungsgrund: System time synchronized with the hardware clock.
                   Prozess: '' (PID 4).

TimeCreated      : 10.04.2019 20:46:17
ProviderName     : Microsoft-Windows-Kernel-Power
Id               : 107
LevelDisplayName : Informationen
Message          : Das System wurde aus dem Energiesparmodus reaktiviert.

TimeCreated      : 10.04.2019 20:46:16
ProviderName     : Microsoft-Windows-Kernel-Power
Id               : 42
LevelDisplayName : Informationen
Message          : Das System wird in den Standbymodus versetzt.
                   
                   Ursache: System Idle

TimeCreated      : 10.04.2019 20:16:01
ProviderName     : Microsoft-Windows-GroupPolicy
Id               : 1502
LevelDisplayName : Informationen
Message          : Die Gruppenrichtlinieneinstellungen für den Computer wurden erfolgreich verarbeitet. Es wurden neue 1-Gruppenrichtlinienobjekte erkannt und 
                   angewendet.

TimeCreated      : 10.04.2019 20:01:45
ProviderName     : Microsoft-Windows-UserPnp
Id               : 20001
LevelDisplayName : Informationen
Message          : Der Prozess zum Installieren von Treiber wpdfs.inf_amd64_10bfe1c48f153b03 für Geräteinstanz-ID 
                   SWD\WPDBUSENUM\{4F5C4C0B-5BB2-11E9-939A-001A7DDA7102}#0000000752EF7800 wurde mit folgendem Status beendet: 0x0.

TimeCreated      : 10.04.2019 20:01:45
ProviderName     : Microsoft-Windows-WPDClassInstaller
Id               : 24579
LevelDisplayName : Informationen
Message          : Die  Registrierung der automatischen Wiedergabe für Gerät %1 wurde übersprungen.

TimeCreated      : 10.04.2019 20:01:45
ProviderName     : Microsoft-Windows-WPDClassInstaller
Id               : 24577
LevelDisplayName : Informationen
Message          : Die Media Player- und Bildprogramm-Kompatibilitätsebenen für Gerät %1 wurden erfolgreich registriert: angeforderte Layerbits %2, registrierte 
                   Layerbits %3.

TimeCreated      : 10.04.2019 20:01:41
ProviderName     : Microsoft-Windows-WPDClassInstaller
Id               : 24576
LevelDisplayName : Informationen
Message          : Der Treiber für Gerät WPD Device wurde erfolgreich installiert.



