TimeCreated      : 20.04.2019 14:47:19
ProviderName     : Microsoft-Windows-DistributedCOM
Id               : 10016
LevelDisplayName : Fehler
Message          : Durch die Berechtigungseinstellungen für "Anwendungsspezifisch" wird dem Benutzer "NT-AUTORITÄT\Lokaler Dienst" (SID: S-1-5-19) unter der Adresse 
                   "LocalHost (unter Verwendung von LRPC)" keine Berechtigung vom Typ "Lokal Aktivierung" für die COM-Serveranwendung mit der CLSID 
                   {6B3B8D23-FA8D-40B9-8DBD-B950333E2C52}
                    und der APPID 
                   {4839DDB7-58C2-48F5-8283-E1D1807D0D7D}
                    im Anwendungscontainer "Nicht verfügbar" (SID: Nicht verfügbar) gewährt. Die Sicherheitsberechtigung kann mit dem Verwaltungstool für 
                   Komponentendienste geändert werden.

TimeCreated      : 20.04.2019 14:47:19
ProviderName     : Microsoft-Windows-DistributedCOM
Id               : 10016
LevelDisplayName : Fehler
Message          : Durch die Berechtigungseinstellungen für "Computerstandard" wird dem Benutzer "NT-AUTORITÄT\Lokaler Dienst" (SID: S-1-5-19) unter der Adresse 
                   "LocalHost (unter Verwendung von LRPC)" keine Berechtigung vom Typ "Lokal Aktivierung" für die COM-Serveranwendung mit der CLSID 
                   {C2F03A33-21F5-47FA-B4BB-156362A2F239}
                    und der APPID 
                   {316CDED5-E4AE-4B15-9113-7055D84DCC97}
                    im Anwendungscontainer "Nicht verfügbar" (SID: Nicht verfügbar) gewährt. Die Sicherheitsberechtigung kann mit dem Verwaltungstool für 
                   Komponentendienste geändert werden.

TimeCreated      : 20.04.2019 14:47:19
ProviderName     : Microsoft-Windows-DistributedCOM
Id               : 10016
LevelDisplayName : Fehler
Message          : Durch die Berechtigungseinstellungen für "Anwendungsspezifisch" wird dem Benutzer "NT-AUTORITÄT\Lokaler Dienst" (SID: S-1-5-19) unter der Adresse 
                   "LocalHost (unter Verwendung von LRPC)" keine Berechtigung vom Typ "Lokal Aktivierung" für die COM-Serveranwendung mit der CLSID 
                   {6B3B8D23-FA8D-40B9-8DBD-B950333E2C52}
                    und der APPID 
                   {4839DDB7-58C2-48F5-8283-E1D1807D0D7D}
                    im Anwendungscontainer "Nicht verfügbar" (SID: Nicht verfügbar) gewährt. Die Sicherheitsberechtigung kann mit dem Verwaltungstool für 
                   Komponentendienste geändert werden.

TimeCreated      : 20.04.2019 14:45:20
ProviderName     : Microsoft-Windows-DistributedCOM
Id               : 10016
LevelDisplayName : Fehler
Message          : Durch die Berechtigungseinstellungen für "Anwendungsspezifisch" wird dem Benutzer "NIBIRU\admin" (SID: S-1-5-21-2863662748-938137181-2532542191-1000) 
                   unter der Adresse "LocalHost (unter Verwendung von LRPC)" keine Berechtigung vom Typ "Lokal Aktivierung" für die COM-Serveranwendung mit der CLSID 
                   {2593F8B9-4EAF-457C-B68A-50F6B8EA6B54}
                    und der APPID 
                   {15C20B67-12E7-4BB6-92BB-7AFF07997402}
                    im Anwendungscontainer "Nicht verfügbar" (SID: Nicht verfügbar) gewährt. Die Sicherheitsberechtigung kann mit dem Verwaltungstool für 
                   Komponentendienste geändert werden.

TimeCreated      : 20.04.2019 14:09:47
ProviderName     : Service Control Manager
Id               : 7040
LevelDisplayName : Informationen
Message          : Der Starttyp des Diensts "Intelligenter Hintergrundübertragungsdienst" wurde von Automatisch starten in Manuell starten geändert.

TimeCreated      : 20.04.2019 14:07:22
ProviderName     : Service Control Manager
Id               : 7040
LevelDisplayName : Informationen
Message          : Der Starttyp des Diensts "Intelligenter Hintergrundübertragungsdienst" wurde von Manuell starten in Automatisch starten geändert.

TimeCreated      : 20.04.2019 14:01:22
ProviderName     : Microsoft-Windows-DistributedCOM
Id               : 10016
LevelDisplayName : Fehler
Message          : Durch die Berechtigungseinstellungen für "Anwendungsspezifisch" wird dem Benutzer "NIBIRU\admin" (SID: S-1-5-21-2863662748-938137181-2532542191-1000) 
                   unter der Adresse "LocalHost (unter Verwendung von LRPC)" keine Berechtigung vom Typ "Lokal Aktivierung" für die COM-Serveranwendung mit der CLSID 
                   {2593F8B9-4EAF-457C-B68A-50F6B8EA6B54}
                    und der APPID 
                   {15C20B67-12E7-4BB6-92BB-7AFF07997402}
                    im Anwendungscontainer "Nicht verfügbar" (SID: Nicht verfügbar) gewährt. Die Sicherheitsberechtigung kann mit dem Verwaltungstool für 
                   Komponentendienste geändert werden.

TimeCreated      : 20.04.2019 13:58:07
ProviderName     : Microsoft-Windows-WindowsUpdateClient
Id               : 19
LevelDisplayName : Informationen
Message          : Installation erfolgreich: Das folgende Update wurde installiert. Definitionsupdate für Windows Defender Antivirus – KB2267602 (Definition 
                   1.291.2341.0)

TimeCreated      : 20.04.2019 13:57:50
ProviderName     : Microsoft-Windows-WindowsUpdateClient
Id               : 43
LevelDisplayName : Informationen
Message          : Installation gestartet: Windows hat mit der Installation des folgenden Updates begonnen: Definitionsupdate für Windows Defender Antivirus – KB2267602 
                   (Definition 1.291.2341.0)

TimeCreated      : 20.04.2019 13:47:49
ProviderName     : Microsoft-Windows-WindowsUpdateClient
Id               : 19
LevelDisplayName : Informationen
Message          : Installation erfolgreich: Das folgende Update wurde installiert. Update für Windows Defender Antivirus-Antischadsoftwareplattform – KB4052623 
                   (Version 4.18.1904.1)

TimeCreated      : 20.04.2019 13:47:45
ProviderName     : Microsoft-Windows-DistributedCOM
Id               : 10016
LevelDisplayName : Fehler
Message          : Durch die Berechtigungseinstellungen für "Computerstandard" wird dem Benutzer "NT-AUTORITÄT\Lokaler Dienst" (SID: S-1-5-19) unter der Adresse 
                   "LocalHost (unter Verwendung von LRPC)" keine Berechtigung vom Typ "Lokal Aktivierung" für die COM-Serveranwendung mit der CLSID 
                   {0358B920-0AC7-461F-98F4-58E32CD89148}
                    und der APPID 
                   {3EB3C877-1F16-487C-9050-104DBCD66683}
                    im Anwendungscontainer "Nicht verfügbar" (SID: Nicht verfügbar) gewährt. Die Sicherheitsberechtigung kann mit dem Verwaltungstool für 
                   Komponentendienste geändert werden.

TimeCreated      : 20.04.2019 13:47:45
ProviderName     : Microsoft-Windows-DistributedCOM
Id               : 10016
LevelDisplayName : Fehler
Message          : Durch die Berechtigungseinstellungen für "Computerstandard" wird dem Benutzer "NT-AUTORITÄT\Lokaler Dienst" (SID: S-1-5-19) unter der Adresse 
                   "LocalHost (unter Verwendung von LRPC)" keine Berechtigung vom Typ "Lokal Aktivierung" für die COM-Serveranwendung mit der CLSID 
                   {0358B920-0AC7-461F-98F4-58E32CD89148}
                    und der APPID 
                   {3EB3C877-1F16-487C-9050-104DBCD66683}
                    im Anwendungscontainer "Nicht verfügbar" (SID: Nicht verfügbar) gewährt. Die Sicherheitsberechtigung kann mit dem Verwaltungstool für 
                   Komponentendienste geändert werden.

TimeCreated      : 20.04.2019 13:47:45
ProviderName     : Microsoft-Windows-DistributedCOM
Id               : 10016
LevelDisplayName : Fehler
Message          : Durch die Berechtigungseinstellungen für "Computerstandard" wird dem Benutzer "NT-AUTORITÄT\Lokaler Dienst" (SID: S-1-5-19) unter der Adresse 
                   "LocalHost (unter Verwendung von LRPC)" keine Berechtigung vom Typ "Lokal Aktivierung" für die COM-Serveranwendung mit der CLSID 
                   {0358B920-0AC7-461F-98F4-58E32CD89148}
                    und der APPID 
                   {3EB3C877-1F16-487C-9050-104DBCD66683}
                    im Anwendungscontainer "Nicht verfügbar" (SID: Nicht verfügbar) gewährt. Die Sicherheitsberechtigung kann mit dem Verwaltungstool für 
                   Komponentendienste geändert werden.

TimeCreated      : 20.04.2019 13:47:44
ProviderName     : Microsoft-Windows-DistributedCOM
Id               : 10016
LevelDisplayName : Fehler
Message          : Durch die Berechtigungseinstellungen für "Computerstandard" wird dem Benutzer "NT-AUTORITÄT\Lokaler Dienst" (SID: S-1-5-19) unter der Adresse 
                   "LocalHost (unter Verwendung von LRPC)" keine Berechtigung vom Typ "Lokal Aktivierung" für die COM-Serveranwendung mit der CLSID 
                   {0358B920-0AC7-461F-98F4-58E32CD89148}
                    und der APPID 
                   {3EB3C877-1F16-487C-9050-104DBCD66683}
                    im Anwendungscontainer "Nicht verfügbar" (SID: Nicht verfügbar) gewährt. Die Sicherheitsberechtigung kann mit dem Verwaltungstool für 
                   Komponentendienste geändert werden.

TimeCreated      : 20.04.2019 13:47:39
ProviderName     : Microsoft-Windows-FilterManager
Id               : 6
LevelDisplayName : Informationen
Message          : Der Dateisystemfilter "WdFilter" (10.0, ?2096?-?03?-?14T15:59:51.000000000Z) wurde erfolgreich geladen und im Filter-Manager registriert.

TimeCreated      : 20.04.2019 13:47:35
ProviderName     : Microsoft-Windows-FilterManager
Id               : 1
LevelDisplayName : Informationen
Message          : Der Dateisystemfilter "WdFilter" (Version 10.0, ?2103?-?11?-?18T13:19:06.000000000Z) wurde erfolgreich entladen.

TimeCreated      : 20.04.2019 13:47:35
ProviderName     : Microsoft-Windows-WindowsUpdateClient
Id               : 43
LevelDisplayName : Informationen
Message          : Installation gestartet: Windows hat mit der Installation des folgenden Updates begonnen: Update für Windows Defender 
                   Antivirus-Antischadsoftwareplattform – KB4052623 (Version 4.18.1904.1)

TimeCreated      : 20.04.2019 13:47:35
ProviderName     : Microsoft-Windows-WindowsUpdateClient
Id               : 44
LevelDisplayName : Informationen
Message          : Windows Update hat mit dem Herunterladen eines Updates begonnen.

TimeCreated      : 20.04.2019 13:47:29
ProviderName     : Microsoft-Windows-WindowsUpdateClient
Id               : 44
LevelDisplayName : Informationen
Message          : Windows Update hat mit dem Herunterladen eines Updates begonnen.

TimeCreated      : 20.04.2019 13:17:45
ProviderName     : Microsoft-Windows-Kernel-General
Id               : 1
LevelDisplayName : Informationen
Message          : Die Systemzeit wurde von ?2019?-?04?-?20T11:17:45.871031300Z in ?2019?-?04?-?20T11:17:45.871044300Z geändert.
                   
                   Änderungsgrund: An application or system component changed the time.
                   Prozess: '\Device\HarddiskVolume5\Windows\System32\svchost.exe' (PID 25800).

TimeCreated      : 20.04.2019 13:17:45
ProviderName     : Microsoft-Windows-Kernel-General
Id               : 1
LevelDisplayName : Informationen
Message          : Die Systemzeit wurde von ?2019?-?04?-?20T11:17:45.869053400Z in ?2019?-?04?-?20T11:17:45.869451700Z geändert.
                   
                   Änderungsgrund: An application or system component changed the time.
                   Prozess: '\Device\HarddiskVolume5\Windows\System32\svchost.exe' (PID 25800).

TimeCreated      : 20.04.2019 13:17:45
ProviderName     : Microsoft-Windows-Time-Service
Id               : 35
LevelDisplayName : Informationen
Message          : Der Zeitdienst synchronisiert jetzt die Systemzeit mit der Zeitquelle time.windows.com,0x9 (ntp.m|0x9|0.0.0.0:123->52.166.120.77:123) mit der 
                   Referenz-ID 1299752500. Die aktuelle lokale Stratumnummer ist 3.

TimeCreated      : 20.04.2019 13:17:45
ProviderName     : Microsoft-Windows-Kernel-General
Id               : 1
LevelDisplayName : Informationen
Message          : Die Systemzeit wurde von ?2019?-?04?-?20T11:17:42.287448000Z in ?2019?-?04?-?20T11:17:45.868540300Z geändert.
                   
                   Änderungsgrund: An application or system component changed the time.
                   Prozess: '\Device\HarddiskVolume5\Windows\System32\svchost.exe' (PID 25800).

TimeCreated      : 20.04.2019 13:17:39
ProviderName     : Microsoft-Windows-WindowsUpdateClient
Id               : 19
LevelDisplayName : Informationen
Message          : Installation erfolgreich: Das folgende Update wurde installiert. Definitionsupdate für Windows Defender Antivirus – KB2267602 (Definition 
                   1.291.2339.0)

TimeCreated      : 20.04.2019 13:17:28
ProviderName     : Microsoft-Windows-Kernel-General
Id               : 16
LevelDisplayName : Informationen
Message          : Der Zugriffsverlauf in der Struktur "\??\C:\Users\admin\AppData\Local\Packages\microsoft.office.onenote_8wekyb3d8bbwe\Settings\settings.dat" wurde 
                   gelöscht. Dabei wurden 232 Schlüssel aktualisiert und 40 geänderte Seiten erstellt.

TimeCreated      : 20.04.2019 13:17:28
ProviderName     : Microsoft-Windows-Kernel-General
Id               : 16
LevelDisplayName : Informationen
Message          : Der Zugriffsverlauf in der Struktur "\??\C:\Users\admin\AppData\Local\Packages\microsoft.aad.brokerplugin_cw5n1h2txyewy\Settings\settings.dat" wurde 
                   gelöscht. Dabei wurden 6 Schlüssel aktualisiert und 1 geänderte Seiten erstellt.

TimeCreated      : 20.04.2019 13:17:28
ProviderName     : Microsoft-Windows-Kernel-General
Id               : 16
LevelDisplayName : Informationen
Message          : Der Zugriffsverlauf in der Struktur "\??\C:\Users\admin\AppData\Local\Packages\inputapp_cw5n1h2txyewy\Settings\settings.dat" wurde gelöscht. Dabei 
                   wurden 3 Schlüssel aktualisiert und 1 geänderte Seiten erstellt.

TimeCreated      : 20.04.2019 13:17:27
ProviderName     : Microsoft-Windows-Time-Service
Id               : 37
LevelDisplayName : Informationen
Message          : Der Zeitanbieter "NtpClient" empfängt derzeit gültige Zeitdaten von time.windows.com,0x9 (ntp.m|0x9|0.0.0.0:123->52.166.120.77:123).

TimeCreated      : 20.04.2019 13:17:26
ProviderName     : Microsoft-Windows-Time-Service
Id               : 158
LevelDisplayName : Informationen
Message          : Der Zeitanbieter 'VMICTimeProvider' hat angegeben, dass die aktuelle Hardware- und Betriebssystemumgebung nicht unterstützt wird und beendet wurde. 
                   Dieses Verhalten wird für VMICTimeProvider in Nicht-HyperV-Gastumgebungen erwartet. Dies kann auch das vom aktuellen Anbieter erwartete Verhalten in 
                   der aktuellen Betriebsumgebung sein.

TimeCreated      : 20.04.2019 13:17:25
ProviderName     : Microsoft-Windows-Kernel-General
Id               : 16
LevelDisplayName : Informationen
Message          : Der Zugriffsverlauf in der Struktur "\??\C:\ProgramData\Microsoft\Provisioning\Microsoft-Desktop-Provisioning-Sequence.dat" wurde gelöscht. Dabei 
                   wurden 0 Schlüssel aktualisiert und 0 geänderte Seiten erstellt.

TimeCreated      : 20.04.2019 13:17:16
ProviderName     : Microsoft-Windows-WindowsUpdateClient
Id               : 43
LevelDisplayName : Informationen
Message          : Installation gestartet: Windows hat mit der Installation des folgenden Updates begonnen: Definitionsupdate für Windows Defender Antivirus – KB2267602 
                   (Definition 1.291.2339.0)

TimeCreated      : 20.04.2019 13:17:05
ProviderName     : Microsoft-Windows-WindowsUpdateClient
Id               : 44
LevelDisplayName : Informationen
Message          : Windows Update hat mit dem Herunterladen eines Updates begonnen.

TimeCreated      : 20.04.2019 13:09:34
ProviderName     : Microsoft-Windows-DistributedCOM
Id               : 10016
LevelDisplayName : Fehler
Message          : Durch die Berechtigungseinstellungen für "Anwendungsspezifisch" wird dem Benutzer "NIBIRU\admin" (SID: S-1-5-21-2863662748-938137181-2532542191-1000) 
                   unter der Adresse "LocalHost (unter Verwendung von LRPC)" keine Berechtigung vom Typ "Lokal Aktivierung" für die COM-Serveranwendung mit der CLSID 
                   {2593F8B9-4EAF-457C-B68A-50F6B8EA6B54}
                    und der APPID 
                   {15C20B67-12E7-4BB6-92BB-7AFF07997402}
                    im Anwendungscontainer "Nicht verfügbar" (SID: Nicht verfügbar) gewährt. Die Sicherheitsberechtigung kann mit dem Verwaltungstool für 
                   Komponentendienste geändert werden.

TimeCreated      : 20.04.2019 13:09:34
ProviderName     : Microsoft-Windows-DistributedCOM
Id               : 10016
LevelDisplayName : Fehler
Message          : Durch die Berechtigungseinstellungen für "Anwendungsspezifisch" wird dem Benutzer "NIBIRU\admin" (SID: S-1-5-21-2863662748-938137181-2532542191-1000) 
                   unter der Adresse "LocalHost (unter Verwendung von LRPC)" keine Berechtigung vom Typ "Lokal Aktivierung" für die COM-Serveranwendung mit der CLSID 
                   {2593F8B9-4EAF-457C-B68A-50F6B8EA6B54}
                    und der APPID 
                   {15C20B67-12E7-4BB6-92BB-7AFF07997402}
                    im Anwendungscontainer "Nicht verfügbar" (SID: Nicht verfügbar) gewährt. Die Sicherheitsberechtigung kann mit dem Verwaltungstool für 
                   Komponentendienste geändert werden.

TimeCreated      : 20.04.2019 13:09:34
ProviderName     : Microsoft-Windows-DistributedCOM
Id               : 10016
LevelDisplayName : Fehler
Message          : Durch die Berechtigungseinstellungen für "Anwendungsspezifisch" wird dem Benutzer "NIBIRU\admin" (SID: S-1-5-21-2863662748-938137181-2532542191-1000) 
                   unter der Adresse "LocalHost (unter Verwendung von LRPC)" keine Berechtigung vom Typ "Lokal Aktivierung" für die COM-Serveranwendung mit der CLSID 
                   {2593F8B9-4EAF-457C-B68A-50F6B8EA6B54}
                    und der APPID 
                   {15C20B67-12E7-4BB6-92BB-7AFF07997402}
                    im Anwendungscontainer "Nicht verfügbar" (SID: Nicht verfügbar) gewährt. Die Sicherheitsberechtigung kann mit dem Verwaltungstool für 
                   Komponentendienste geändert werden.

TimeCreated      : 20.04.2019 13:09:33
ProviderName     : Microsoft-Windows-DistributedCOM
Id               : 10016
LevelDisplayName : Fehler
Message          : Durch die Berechtigungseinstellungen für "Anwendungsspezifisch" wird dem Benutzer "NIBIRU\admin" (SID: S-1-5-21-2863662748-938137181-2532542191-1000) 
                   unter der Adresse "LocalHost (unter Verwendung von LRPC)" keine Berechtigung vom Typ "Lokal Aktivierung" für die COM-Serveranwendung mit der CLSID 
                   {2593F8B9-4EAF-457C-B68A-50F6B8EA6B54}
                    und der APPID 
                   {15C20B67-12E7-4BB6-92BB-7AFF07997402}
                    im Anwendungscontainer "Nicht verfügbar" (SID: Nicht verfügbar) gewährt. Die Sicherheitsberechtigung kann mit dem Verwaltungstool für 
                   Komponentendienste geändert werden.

TimeCreated      : 20.04.2019 13:09:00
ProviderName     : Service Control Manager
Id               : 7040
LevelDisplayName : Informationen
Message          : Der Starttyp des Diensts "Intelligenter Hintergrundübertragungsdienst" wurde von Automatisch starten in Manuell starten geändert.

TimeCreated      : 20.04.2019 13:08:25
ProviderName     : Microsoft-Windows-Kernel-General
Id               : 16
LevelDisplayName : Informationen
Message          : Der Zugriffsverlauf in der Struktur "\??\C:\Users\admin\AppData\Local\Packages\Microsoft.Windows.Photos_8wekyb3d8bbwe\Settings\settings.dat" wurde 
                   gelöscht. Dabei wurden 36 Schlüssel aktualisiert und 9 geänderte Seiten erstellt.

TimeCreated      : 20.04.2019 13:07:21
ProviderName     : Microsoft-Windows-DistributedCOM
Id               : 10016
LevelDisplayName : Fehler
Message          : Durch die Berechtigungseinstellungen für "Anwendungsspezifisch" wird dem Benutzer "NIBIRU\admin" (SID: S-1-5-21-2863662748-938137181-2532542191-1000) 
                   unter der Adresse "LocalHost (unter Verwendung von LRPC)" keine Berechtigung vom Typ "Lokal Aktivierung" für die COM-Serveranwendung mit der CLSID 
                   {2593F8B9-4EAF-457C-B68A-50F6B8EA6B54}
                    und der APPID 
                   {15C20B67-12E7-4BB6-92BB-7AFF07997402}
                    im Anwendungscontainer "Nicht verfügbar" (SID: Nicht verfügbar) gewährt. Die Sicherheitsberechtigung kann mit dem Verwaltungstool für 
                   Komponentendienste geändert werden.

TimeCreated      : 20.04.2019 13:07:00
ProviderName     : Microsoft-Windows-Kernel-General
Id               : 16
LevelDisplayName : Informationen
Message          : Der Zugriffsverlauf in der Struktur "\??\C:\Users\admin\AppData\Local\Packages\Microsoft.LockApp_cw5n1h2txyewy\Settings\settings.dat" wurde gelöscht. 
                   Dabei wurden 4 Schlüssel aktualisiert und 1 geänderte Seiten erstellt.

TimeCreated      : 20.04.2019 13:06:57
ProviderName     : Microsoft-Windows-Kernel-General
Id               : 16
LevelDisplayName : Informationen
Message          : Der Zugriffsverlauf in der Struktur "\??\C:\Users\admin\AppData\Local\Packages\Microsoft.Windows.Cortana_cw5n1h2txyewy\Settings\settings.dat" wurde 
                   gelöscht. Dabei wurden 47 Schlüssel aktualisiert und 11 geänderte Seiten erstellt.

TimeCreated      : 20.04.2019 13:06:57
ProviderName     : Microsoft-Windows-Kernel-General
Id               : 16
LevelDisplayName : Informationen
Message          : Der Zugriffsverlauf in der Struktur 
                   "\??\C:\Users\admin\AppData\Local\Packages\Microsoft.Windows.ShellExperienceHost_cw5n1h2txyewy\Settings\settings.dat" wurde gelöscht. Dabei wurden 5 
                   Schlüssel aktualisiert und 1 geänderte Seiten erstellt.

TimeCreated      : 20.04.2019 13:06:57
ProviderName     : Service Control Manager
Id               : 7040
LevelDisplayName : Informationen
Message          : Der Starttyp des Diensts "Intelligenter Hintergrundübertragungsdienst" wurde von Manuell starten in Automatisch starten geändert.

TimeCreated      : 20.04.2019 13:06:55
ProviderName     : e1iexpress
Id               : 32
LevelDisplayName : Informationen
Message          : Intel(R) 82579V Gigabit Network Connection
                    Network link has been established at 1Gbps full duplex.
                   

TimeCreated      : 20.04.2019 13:06:55
ProviderName     : Microsoft-Windows-Kernel-General
Id               : 15
LevelDisplayName : Informationen
Message          : Die Struktur "\??\C:\Windows\System32\config\COMPONENTS" wurde neu organisiert. Startgröße: 51167232 Bytes. Endgröße: 37613568 Bytes.

TimeCreated      : 20.04.2019 13:06:55
ProviderName     : Microsoft-Windows-DistributedCOM
Id               : 10016
LevelDisplayName : Fehler
Message          : Durch die Berechtigungseinstellungen für "Anwendungsspezifisch" wird dem Benutzer "NT-AUTORITÄT\Lokaler Dienst" (SID: S-1-5-19) unter der Adresse 
                   "LocalHost (unter Verwendung von LRPC)" keine Berechtigung vom Typ "Lokal Aktivierung" für die COM-Serveranwendung mit der CLSID 
                   {6B3B8D23-FA8D-40B9-8DBD-B950333E2C52}
                    und der APPID 
                   {4839DDB7-58C2-48F5-8283-E1D1807D0D7D}
                    im Anwendungscontainer "Nicht verfügbar" (SID: Nicht verfügbar) gewährt. Die Sicherheitsberechtigung kann mit dem Verwaltungstool für 
                   Komponentendienste geändert werden.

TimeCreated      : 20.04.2019 13:06:55
ProviderName     : Microsoft-Windows-DistributedCOM
Id               : 10016
LevelDisplayName : Fehler
Message          : Durch die Berechtigungseinstellungen für "Anwendungsspezifisch" wird dem Benutzer "NT-AUTORITÄT\Lokaler Dienst" (SID: S-1-5-19) unter der Adresse 
                   "LocalHost (unter Verwendung von LRPC)" keine Berechtigung vom Typ "Lokal Aktivierung" für die COM-Serveranwendung mit der CLSID 
                   {6B3B8D23-FA8D-40B9-8DBD-B950333E2C52}
                    und der APPID 
                   {4839DDB7-58C2-48F5-8283-E1D1807D0D7D}
                    im Anwendungscontainer "Nicht verfügbar" (SID: Nicht verfügbar) gewährt. Die Sicherheitsberechtigung kann mit dem Verwaltungstool für 
                   Komponentendienste geändert werden.

TimeCreated      : 20.04.2019 13:06:54
ProviderName     : Microsoft-Windows-Power-Troubleshooter
Id               : 1
LevelDisplayName : Informationen
Message          : Das System wurde aus einem Standbymodus reaktiviert.
                   
                   Zeit im Energiesparmodus: ?2019?-?04?-?20T02:35:18.323769600Z
                   Reaktivierungszeit: ?2019?-?04?-?20T11:06:52.732204900Z
                   
                   Reaktivierungsquelle: Unbekannt

TimeCreated      : 20.04.2019 13:06:53
ProviderName     : Microsoft-Windows-Kernel-General
Id               : 16
LevelDisplayName : Informationen
Message          : Der Zugriffsverlauf in der Struktur "\??\C:\Users\admin\AppData\Local\Microsoft\Windows\UsrClass.dat" wurde gelöscht. Dabei wurden 18066 Schlüssel 
                   aktualisiert und 1416 geänderte Seiten erstellt.

TimeCreated      : 20.04.2019 13:06:53
ProviderName     : Microsoft-Windows-Kernel-General
Id               : 16
LevelDisplayName : Informationen
Message          : Der Zugriffsverlauf in der Struktur "\??\C:\Users\admin\ntuser.dat" wurde gelöscht. Dabei wurden 3906 Schlüssel aktualisiert und 480 geänderte Seiten 
                   erstellt.

TimeCreated      : 20.04.2019 13:06:53
ProviderName     : Microsoft-Windows-Winlogon
Id               : 7001
LevelDisplayName : Informationen
Message          : Benutzeranmeldebenachrichtigung für Programm zur Verbesserung der Benutzerfreundlichkeit

TimeCreated      : 20.04.2019 13:06:53
ProviderName     : BTHUSB
Id               : 34
LevelDisplayName : Warnung
Message          : Der lokale Adapter bietet keine Unterstützung für einen wichtigen Low Energy-Controllerstatus zur Unterstützung des Peripheral-Modus. Die mindestens 
                   erforderliche unterstützte Statusmaske ist 0x2491f7fffff, vorhanden ist 0x1fffffff. Für die Peripheral-Rolle "Low Energy" ist keine Funktion 
                   verfügbar.

TimeCreated      : 20.04.2019 13:06:53
ProviderName     : BTHUSB
Id               : 18
LevelDisplayName : Informationen
Message          : Windows kann keine Bluetooth-Authentifizierungscodes (Verbindungsschlüssel) auf dem lokalen Adapter speichern. Bluetooth-Tastaturen funktionieren 
                   möglicherweise nicht im System-BIOS während des Systemstarts.

TimeCreated      : 20.04.2019 13:06:53
ProviderName     : Microsoft-Windows-Kernel-General
Id               : 16
LevelDisplayName : Informationen
Message          : Der Zugriffsverlauf in der Struktur "\Device\HarddiskVolume3\EFI\Microsoft\Boot\BCD" wurde gelöscht. Dabei wurden 65 Schlüssel aktualisiert und 5 
                   geänderte Seiten erstellt.

TimeCreated      : 20.04.2019 13:06:52
ProviderName     : Microsoft-Windows-Kernel-Boot
Id               : 27
LevelDisplayName : Informationen
Message          : Der Starttyp lautete "0x1".

TimeCreated      : 20.04.2019 13:06:52
ProviderName     : Microsoft-Windows-Kernel-Boot
Id               : 25
LevelDisplayName : Informationen
Message          : Die Richtlinie für das Startmenü lautete "0x1".

TimeCreated      : 20.04.2019 13:06:52
ProviderName     : Microsoft-Windows-Kernel-Boot
Id               : 32
LevelDisplayName : Informationen
Message          : Vom Start-Manager wurde 0 ms auf eine Benutzereingabe gewartet.

TimeCreated      : 20.04.2019 13:06:52
ProviderName     : Microsoft-Windows-Kernel-Boot
Id               : 18
LevelDisplayName : Informationen
Message          : In diesem System sind 0x1 Startoptionen vorhanden.

TimeCreated      : 20.04.2019 13:06:52
ProviderName     : e1iexpress
Id               : 27
LevelDisplayName : Warnung
Message          : Intel(R) 82579V Gigabit Network Connection
                    Network link is disconnected.
                   

TimeCreated      : 20.04.2019 13:06:51
ProviderName     : Microsoft-Windows-Kernel-General
Id               : 1
LevelDisplayName : Informationen
Message          : Die Systemzeit wurde von ?2019?-?04?-?20T02:35:20.196108800Z in ?2019?-?04?-?20T11:06:51.500000000Z geändert.
                   
                   Änderungsgrund: System time synchronized with the hardware clock.
                   Prozess: '' (PID 4).

TimeCreated      : 20.04.2019 04:35:20
ProviderName     : Microsoft-Windows-Kernel-Power
Id               : 107
LevelDisplayName : Informationen
Message          : Das System wurde aus dem Energiesparmodus reaktiviert.

TimeCreated      : 20.04.2019 13:06:52
ProviderName     : EventLog
Id               : 6013
LevelDisplayName : Informationen
Message          : Die aktive Systemzeit ist 654433 Sekunden.

TimeCreated      : 20.04.2019 04:35:18
ProviderName     : Microsoft-Windows-Kernel-Power
Id               : 42
LevelDisplayName : Informationen
Message          : Das System wird in den Standbymodus versetzt.
                   
                   Ursache: Application API

TimeCreated      : 20.04.2019 04:35:18
ProviderName     : Microsoft-Windows-Kernel-Power
Id               : 187
LevelDisplayName : Informationen
Message          : Von einem Prozess im Benutzermodus wurde versucht, den Systemstatus durch den Aufruf der SetSuspendState- oder SetSystemPowerState-API zu ändern.

TimeCreated      : 20.04.2019 04:35:17
ProviderName     : Microsoft-Windows-Winlogon
Id               : 7002
LevelDisplayName : Informationen
Message          : Benutzerabmeldebenachrichtigung für Programm zur Verbesserung der Benutzerfreundlichkeit

TimeCreated      : 20.04.2019 03:53:47
ProviderName     : Service Control Manager
Id               : 7040
LevelDisplayName : Informationen
Message          : Der Starttyp des Diensts "Intelligenter Hintergrundübertragungsdienst" wurde von Automatisch starten in Manuell starten geändert.

TimeCreated      : 20.04.2019 03:51:37
ProviderName     : Service Control Manager
Id               : 7040
LevelDisplayName : Informationen
Message          : Der Starttyp des Diensts "Intelligenter Hintergrundübertragungsdienst" wurde von Manuell starten in Automatisch starten geändert.

TimeCreated      : 19.04.2019 23:50:51
ProviderName     : Service Control Manager
Id               : 7040
LevelDisplayName : Informationen
Message          : Der Starttyp des Diensts "Intelligenter Hintergrundübertragungsdienst" wurde von Automatisch starten in Manuell starten geändert.

TimeCreated      : 19.04.2019 23:48:49
ProviderName     : Service Control Manager
Id               : 7040
LevelDisplayName : Informationen
Message          : Der Starttyp des Diensts "Intelligenter Hintergrundübertragungsdienst" wurde von Manuell starten in Automatisch starten geändert.

TimeCreated      : 19.04.2019 22:56:59
ProviderName     : Service Control Manager
Id               : 7040
LevelDisplayName : Informationen
Message          : Der Starttyp des Diensts "Intelligenter Hintergrundübertragungsdienst" wurde von Automatisch starten in Manuell starten geändert.

TimeCreated      : 19.04.2019 22:54:46
ProviderName     : Service Control Manager
Id               : 7040
LevelDisplayName : Informationen
Message          : Der Starttyp des Diensts "Intelligenter Hintergrundübertragungsdienst" wurde von Manuell starten in Automatisch starten geändert.

TimeCreated      : 19.04.2019 22:46:45
ProviderName     : Microsoft-Windows-Kernel-General
Id               : 15
LevelDisplayName : Informationen
Message          : Die Struktur "\SystemRoot\System32\config\DRIVERS" wurde neu organisiert. Startgröße: 3923968 Bytes. Endgröße: 3919872 Bytes.

TimeCreated      : 19.04.2019 22:45:36
ProviderName     : Microsoft-Windows-DistributedCOM
Id               : 10016
LevelDisplayName : Fehler
Message          : Durch die Berechtigungseinstellungen für "Anwendungsspezifisch" wird dem Benutzer "NIBIRU\admin" (SID: S-1-5-21-2863662748-938137181-2532542191-1000) 
                   unter der Adresse "LocalHost (unter Verwendung von LRPC)" keine Berechtigung vom Typ "Lokal Aktivierung" für die COM-Serveranwendung mit der CLSID 
                   {2593F8B9-4EAF-457C-B68A-50F6B8EA6B54}
                    und der APPID 
                   {15C20B67-12E7-4BB6-92BB-7AFF07997402}
                    im Anwendungscontainer "Nicht verfügbar" (SID: Nicht verfügbar) gewährt. Die Sicherheitsberechtigung kann mit dem Verwaltungstool für 
                   Komponentendienste geändert werden.

TimeCreated      : 19.04.2019 22:45:08
ProviderName     : Service Control Manager
Id               : 7040
LevelDisplayName : Informationen
Message          : Der Starttyp des Diensts "Intelligenter Hintergrundübertragungsdienst" wurde von Automatisch starten in Manuell starten geändert.

TimeCreated      : 19.04.2019 22:44:14
ProviderName     : Microsoft-Windows-Kernel-General
Id               : 16
LevelDisplayName : Informationen
Message          : Der Zugriffsverlauf in der Struktur 
                   "\??\C:\Users\admin\AppData\Local\Packages\Microsoft.Windows.ContentDeliveryManager_cw5n1h2txyewy\Settings\settings.dat" wurde gelöscht. Dabei wurden 
                   434 Schlüssel aktualisiert und 41 geänderte Seiten erstellt.

TimeCreated      : 19.04.2019 22:43:09
ProviderName     : Microsoft-Windows-DistributedCOM
Id               : 10016
LevelDisplayName : Fehler
Message          : Durch die Berechtigungseinstellungen für "Anwendungsspezifisch" wird dem Benutzer "NIBIRU\admin" (SID: S-1-5-21-2863662748-938137181-2532542191-1000) 
                   unter der Adresse "LocalHost (unter Verwendung von LRPC)" keine Berechtigung vom Typ "Lokal Aktivierung" für die COM-Serveranwendung mit der CLSID 
                   {2593F8B9-4EAF-457C-B68A-50F6B8EA6B54}
                    und der APPID 
                   {15C20B67-12E7-4BB6-92BB-7AFF07997402}
                    im Anwendungscontainer "Nicht verfügbar" (SID: Nicht verfügbar) gewährt. Die Sicherheitsberechtigung kann mit dem Verwaltungstool für 
                   Komponentendienste geändert werden.

TimeCreated      : 19.04.2019 22:43:05
ProviderName     : Service Control Manager
Id               : 7040
LevelDisplayName : Informationen
Message          : Der Starttyp des Diensts "Intelligenter Hintergrundübertragungsdienst" wurde von Manuell starten in Automatisch starten geändert.

TimeCreated      : 19.04.2019 22:42:46
ProviderName     : e1iexpress
Id               : 32
LevelDisplayName : Informationen
Message          : Intel(R) 82579V Gigabit Network Connection
                    Network link has been established at 1Gbps full duplex.
                   

TimeCreated      : 19.04.2019 22:42:45
ProviderName     : Microsoft-Windows-DistributedCOM
Id               : 10016
LevelDisplayName : Fehler
Message          : Durch die Berechtigungseinstellungen für "Anwendungsspezifisch" wird dem Benutzer "NT-AUTORITÄT\Lokaler Dienst" (SID: S-1-5-19) unter der Adresse 
                   "LocalHost (unter Verwendung von LRPC)" keine Berechtigung vom Typ "Lokal Aktivierung" für die COM-Serveranwendung mit der CLSID 
                   {6B3B8D23-FA8D-40B9-8DBD-B950333E2C52}
                    und der APPID 
                   {4839DDB7-58C2-48F5-8283-E1D1807D0D7D}
                    im Anwendungscontainer "Nicht verfügbar" (SID: Nicht verfügbar) gewährt. Die Sicherheitsberechtigung kann mit dem Verwaltungstool für 
                   Komponentendienste geändert werden.

TimeCreated      : 19.04.2019 22:42:45
ProviderName     : Microsoft-Windows-DistributedCOM
Id               : 10016
LevelDisplayName : Fehler
Message          : Durch die Berechtigungseinstellungen für "Anwendungsspezifisch" wird dem Benutzer "NT-AUTORITÄT\Lokaler Dienst" (SID: S-1-5-19) unter der Adresse 
                   "LocalHost (unter Verwendung von LRPC)" keine Berechtigung vom Typ "Lokal Aktivierung" für die COM-Serveranwendung mit der CLSID 
                   {6B3B8D23-FA8D-40B9-8DBD-B950333E2C52}
                    und der APPID 
                   {4839DDB7-58C2-48F5-8283-E1D1807D0D7D}
                    im Anwendungscontainer "Nicht verfügbar" (SID: Nicht verfügbar) gewährt. Die Sicherheitsberechtigung kann mit dem Verwaltungstool für 
                   Komponentendienste geändert werden.

TimeCreated      : 19.04.2019 22:42:45
ProviderName     : Microsoft-Windows-Power-Troubleshooter
Id               : 1
LevelDisplayName : Informationen
Message          : Das System wurde aus einem Standbymodus reaktiviert.
                   
                   Zeit im Energiesparmodus: ?2019?-?04?-?19T17:52:27.385555200Z
                   Reaktivierungszeit: ?2019?-?04?-?19T20:42:43.538974900Z
                   
                   Reaktivierungsquelle: Unbekannt

TimeCreated      : 19.04.2019 22:42:44
ProviderName     : BTHUSB
Id               : 34
LevelDisplayName : Warnung
Message          : Der lokale Adapter bietet keine Unterstützung für einen wichtigen Low Energy-Controllerstatus zur Unterstützung des Peripheral-Modus. Die mindestens 
                   erforderliche unterstützte Statusmaske ist 0x2491f7fffff, vorhanden ist 0x1fffffff. Für die Peripheral-Rolle "Low Energy" ist keine Funktion 
                   verfügbar.

TimeCreated      : 19.04.2019 22:42:44
ProviderName     : BTHUSB
Id               : 18
LevelDisplayName : Informationen
Message          : Windows kann keine Bluetooth-Authentifizierungscodes (Verbindungsschlüssel) auf dem lokalen Adapter speichern. Bluetooth-Tastaturen funktionieren 
                   möglicherweise nicht im System-BIOS während des Systemstarts.

TimeCreated      : 19.04.2019 22:42:44
ProviderName     : Microsoft-Windows-Winlogon
Id               : 7001
LevelDisplayName : Informationen
Message          : Benutzeranmeldebenachrichtigung für Programm zur Verbesserung der Benutzerfreundlichkeit

TimeCreated      : 19.04.2019 22:42:43
ProviderName     : Microsoft-Windows-Kernel-Boot
Id               : 27
LevelDisplayName : Informationen
Message          : Der Starttyp lautete "0x1".

TimeCreated      : 19.04.2019 22:42:43
ProviderName     : Microsoft-Windows-Kernel-Boot
Id               : 25
LevelDisplayName : Informationen
Message          : Die Richtlinie für das Startmenü lautete "0x1".

TimeCreated      : 19.04.2019 22:42:43
ProviderName     : Microsoft-Windows-Kernel-Boot
Id               : 32
LevelDisplayName : Informationen
Message          : Vom Start-Manager wurde 0 ms auf eine Benutzereingabe gewartet.

TimeCreated      : 19.04.2019 22:42:43
ProviderName     : Microsoft-Windows-Kernel-Boot
Id               : 18
LevelDisplayName : Informationen
Message          : In diesem System sind 0x1 Startoptionen vorhanden.

TimeCreated      : 19.04.2019 22:42:43
ProviderName     : e1iexpress
Id               : 27
LevelDisplayName : Warnung
Message          : Intel(R) 82579V Gigabit Network Connection
                    Network link is disconnected.
                   

TimeCreated      : 19.04.2019 22:42:42
ProviderName     : Microsoft-Windows-Kernel-General
Id               : 1
LevelDisplayName : Informationen
Message          : Die Systemzeit wurde von ?2019?-?04?-?19T17:52:28.853945200Z in ?2019?-?04?-?19T20:42:42.500000000Z geändert.
                   
                   Änderungsgrund: System time synchronized with the hardware clock.
                   Prozess: '' (PID 4).

TimeCreated      : 19.04.2019 19:52:28
ProviderName     : Microsoft-Windows-Kernel-Power
Id               : 107
LevelDisplayName : Informationen
Message          : Das System wurde aus dem Energiesparmodus reaktiviert.

TimeCreated      : 19.04.2019 19:52:27
ProviderName     : Microsoft-Windows-Kernel-Power
Id               : 42
LevelDisplayName : Informationen
Message          : Das System wird in den Standbymodus versetzt.
                   
                   Ursache: Application API

TimeCreated      : 19.04.2019 19:52:27
ProviderName     : Microsoft-Windows-Kernel-Power
Id               : 187
LevelDisplayName : Informationen
Message          : Von einem Prozess im Benutzermodus wurde versucht, den Systemstatus durch den Aufruf der SetSuspendState- oder SetSystemPowerState-API zu ändern.

TimeCreated      : 19.04.2019 19:52:26
ProviderName     : Microsoft-Windows-Winlogon
Id               : 7002
LevelDisplayName : Informationen
Message          : Benutzerabmeldebenachrichtigung für Programm zur Verbesserung der Benutzerfreundlichkeit

TimeCreated      : 19.04.2019 19:52:25
ProviderName     : Microsoft-Windows-DistributedCOM
Id               : 10010
LevelDisplayName : Fehler
Message          : Der Server "{A463FCB9-6B1C-4E0D-A80B-A2CA7999E25D}" konnte innerhalb des angegebenen Zeitabschnitts mit DCOM nicht registriert werden.

TimeCreated      : 19.04.2019 19:52:25
ProviderName     : Microsoft-Windows-DistributedCOM
Id               : 10010
LevelDisplayName : Fehler
Message          : Der Server "{A463FCB9-6B1C-4E0D-A80B-A2CA7999E25D}" konnte innerhalb des angegebenen Zeitabschnitts mit DCOM nicht registriert werden.

TimeCreated      : 19.04.2019 19:52:25
ProviderName     : Microsoft-Windows-DistributedCOM
Id               : 10010
LevelDisplayName : Fehler
Message          : Der Server "{A463FCB9-6B1C-4E0D-A80B-A2CA7999E25D}" konnte innerhalb des angegebenen Zeitabschnitts mit DCOM nicht registriert werden.

TimeCreated      : 19.04.2019 19:52:00
ProviderName     : e1iexpress
Id               : 32
LevelDisplayName : Informationen
Message          : Intel(R) 82579V Gigabit Network Connection
                    Network link has been established at 1Gbps full duplex.
                   

TimeCreated      : 19.04.2019 19:51:59
ProviderName     : Microsoft-Windows-DistributedCOM
Id               : 10016
LevelDisplayName : Fehler
Message          : Durch die Berechtigungseinstellungen für "Anwendungsspezifisch" wird dem Benutzer "NT-AUTORITÄT\Lokaler Dienst" (SID: S-1-5-19) unter der Adresse 
                   "LocalHost (unter Verwendung von LRPC)" keine Berechtigung vom Typ "Lokal Aktivierung" für die COM-Serveranwendung mit der CLSID 
                   {6B3B8D23-FA8D-40B9-8DBD-B950333E2C52}
                    und der APPID 
                   {4839DDB7-58C2-48F5-8283-E1D1807D0D7D}
                    im Anwendungscontainer "Nicht verfügbar" (SID: Nicht verfügbar) gewährt. Die Sicherheitsberechtigung kann mit dem Verwaltungstool für 
                   Komponentendienste geändert werden.

TimeCreated      : 19.04.2019 19:51:59
ProviderName     : Microsoft-Windows-DistributedCOM
Id               : 10016
LevelDisplayName : Fehler
Message          : Durch die Berechtigungseinstellungen für "Anwendungsspezifisch" wird dem Benutzer "NT-AUTORITÄT\Lokaler Dienst" (SID: S-1-5-19) unter der Adresse 
                   "LocalHost (unter Verwendung von LRPC)" keine Berechtigung vom Typ "Lokal Aktivierung" für die COM-Serveranwendung mit der CLSID 
                   {6B3B8D23-FA8D-40B9-8DBD-B950333E2C52}
                    und der APPID 
                   {4839DDB7-58C2-48F5-8283-E1D1807D0D7D}
                    im Anwendungscontainer "Nicht verfügbar" (SID: Nicht verfügbar) gewährt. Die Sicherheitsberechtigung kann mit dem Verwaltungstool für 
                   Komponentendienste geändert werden.

TimeCreated      : 19.04.2019 19:51:59
ProviderName     : Microsoft-Windows-Power-Troubleshooter
Id               : 1
LevelDisplayName : Informationen
Message          : Das System wurde aus einem Standbymodus reaktiviert.
                   
                   Zeit im Energiesparmodus: ?2019?-?04?-?19T17:51:16.784363900Z
                   Reaktivierungszeit: ?2019?-?04?-?19T17:51:57.542497300Z
                   
                   Reaktivierungsquelle: Unbekannt

TimeCreated      : 19.04.2019 19:51:58
ProviderName     : BTHUSB
Id               : 34
LevelDisplayName : Warnung
Message          : Der lokale Adapter bietet keine Unterstützung für einen wichtigen Low Energy-Controllerstatus zur Unterstützung des Peripheral-Modus. Die mindestens 
                   erforderliche unterstützte Statusmaske ist 0x2491f7fffff, vorhanden ist 0x1fffffff. Für die Peripheral-Rolle "Low Energy" ist keine Funktion 
                   verfügbar.

TimeCreated      : 19.04.2019 19:51:58
ProviderName     : BTHUSB
Id               : 18
LevelDisplayName : Informationen
Message          : Windows kann keine Bluetooth-Authentifizierungscodes (Verbindungsschlüssel) auf dem lokalen Adapter speichern. Bluetooth-Tastaturen funktionieren 
                   möglicherweise nicht im System-BIOS während des Systemstarts.

TimeCreated      : 19.04.2019 19:51:58
ProviderName     : Microsoft-Windows-Winlogon
Id               : 7001
LevelDisplayName : Informationen
Message          : Benutzeranmeldebenachrichtigung für Programm zur Verbesserung der Benutzerfreundlichkeit

TimeCreated      : 19.04.2019 19:51:57
ProviderName     : Microsoft-Windows-Kernel-Boot
Id               : 27
LevelDisplayName : Informationen
Message          : Der Starttyp lautete "0x1".

TimeCreated      : 19.04.2019 19:51:57
ProviderName     : Microsoft-Windows-Kernel-Boot
Id               : 25
LevelDisplayName : Informationen
Message          : Die Richtlinie für das Startmenü lautete "0x1".

TimeCreated      : 19.04.2019 19:51:57
ProviderName     : Microsoft-Windows-Kernel-Boot
Id               : 32
LevelDisplayName : Informationen
Message          : Vom Start-Manager wurde 0 ms auf eine Benutzereingabe gewartet.

TimeCreated      : 19.04.2019 19:51:57
ProviderName     : Microsoft-Windows-Kernel-Boot
Id               : 18
LevelDisplayName : Informationen
Message          : In diesem System sind 0x1 Startoptionen vorhanden.

TimeCreated      : 19.04.2019 19:51:57
ProviderName     : e1iexpress
Id               : 27
LevelDisplayName : Warnung
Message          : Intel(R) 82579V Gigabit Network Connection
                    Network link is disconnected.
                   

TimeCreated      : 19.04.2019 19:51:56
ProviderName     : Microsoft-Windows-Kernel-General
Id               : 1
LevelDisplayName : Informationen
Message          : Die Systemzeit wurde von ?2019?-?04?-?19T17:51:18.326939800Z in ?2019?-?04?-?19T17:51:56.500000000Z geändert.
                   
                   Änderungsgrund: System time synchronized with the hardware clock.
                   Prozess: '' (PID 4).

TimeCreated      : 19.04.2019 19:51:18
ProviderName     : Microsoft-Windows-Kernel-Power
Id               : 107
LevelDisplayName : Informationen
Message          : Das System wurde aus dem Energiesparmodus reaktiviert.

TimeCreated      : 19.04.2019 19:51:17
ProviderName     : Microsoft-Windows-Kernel-Power
Id               : 42
LevelDisplayName : Informationen
Message          : Das System wird in den Standbymodus versetzt.
                   
                   Ursache: Application API

TimeCreated      : 19.04.2019 19:51:16
ProviderName     : Microsoft-Windows-Kernel-Power
Id               : 187
LevelDisplayName : Informationen
Message          : Von einem Prozess im Benutzermodus wurde versucht, den Systemstatus durch den Aufruf der SetSuspendState- oder SetSystemPowerState-API zu ändern.

TimeCreated      : 19.04.2019 19:51:15
ProviderName     : Microsoft-Windows-Winlogon
Id               : 7002
LevelDisplayName : Informationen
Message          : Benutzerabmeldebenachrichtigung für Programm zur Verbesserung der Benutzerfreundlichkeit

TimeCreated      : 19.04.2019 19:51:03
ProviderName     : Microsoft-Windows-DistributedCOM
Id               : 10016
LevelDisplayName : Fehler
Message          : Durch die Berechtigungseinstellungen für "Anwendungsspezifisch" wird dem Benutzer "NIBIRU\admin" (SID: S-1-5-21-2863662748-938137181-2532542191-1000) 
                   unter der Adresse "LocalHost (unter Verwendung von LRPC)" keine Berechtigung vom Typ "Lokal Aktivierung" für die COM-Serveranwendung mit der CLSID 
                   {2593F8B9-4EAF-457C-B68A-50F6B8EA6B54}
                    und der APPID 
                   {15C20B67-12E7-4BB6-92BB-7AFF07997402}
                    im Anwendungscontainer "Nicht verfügbar" (SID: Nicht verfügbar) gewährt. Die Sicherheitsberechtigung kann mit dem Verwaltungstool für 
                   Komponentendienste geändert werden.

TimeCreated      : 19.04.2019 19:50:34
ProviderName     : e1iexpress
Id               : 32
LevelDisplayName : Informationen
Message          : Intel(R) 82579V Gigabit Network Connection
                    Network link has been established at 1Gbps full duplex.
                   

