TimeCreated      : 19.04.2019 19:50:34
ProviderName     : Microsoft-Windows-DistributedCOM
Id               : 10016
LevelDisplayName : Fehler
Message          : Durch die Berechtigungseinstellungen für "Anwendungsspezifisch" wird dem Benutzer "NT-AUTORITÄT\Lokaler Dienst" (SID: S-1-5-19) unter der Adresse 
                   "LocalHost (unter Verwendung von LRPC)" keine Berechtigung vom Typ "Lokal Aktivierung" für die COM-Serveranwendung mit der CLSID 
                   {6B3B8D23-FA8D-40B9-8DBD-B950333E2C52}
                    und der APPID 
                   {4839DDB7-58C2-48F5-8283-E1D1807D0D7D}
                    im Anwendungscontainer "Nicht verfügbar" (SID: Nicht verfügbar) gewährt. Die Sicherheitsberechtigung kann mit dem Verwaltungstool für 
                   Komponentendienste geändert werden.

TimeCreated      : 19.04.2019 19:50:34
ProviderName     : Microsoft-Windows-DistributedCOM
Id               : 10016
LevelDisplayName : Fehler
Message          : Durch die Berechtigungseinstellungen für "Anwendungsspezifisch" wird dem Benutzer "NT-AUTORITÄT\Lokaler Dienst" (SID: S-1-5-19) unter der Adresse 
                   "LocalHost (unter Verwendung von LRPC)" keine Berechtigung vom Typ "Lokal Aktivierung" für die COM-Serveranwendung mit der CLSID 
                   {6B3B8D23-FA8D-40B9-8DBD-B950333E2C52}
                    und der APPID 
                   {4839DDB7-58C2-48F5-8283-E1D1807D0D7D}
                    im Anwendungscontainer "Nicht verfügbar" (SID: Nicht verfügbar) gewährt. Die Sicherheitsberechtigung kann mit dem Verwaltungstool für 
                   Komponentendienste geändert werden.

TimeCreated      : 19.04.2019 19:50:33
ProviderName     : Microsoft-Windows-Power-Troubleshooter
Id               : 1
LevelDisplayName : Informationen
Message          : Das System wurde aus einem Standbymodus reaktiviert.
                   
                   Zeit im Energiesparmodus: ?2019?-?04?-?19T17:49:50.914047300Z
                   Reaktivierungszeit: ?2019?-?04?-?19T17:50:31.558110900Z
                   
                   Reaktivierungsquelle: Unbekannt

TimeCreated      : 19.04.2019 19:50:32
ProviderName     : BTHUSB
Id               : 34
LevelDisplayName : Warnung
Message          : Der lokale Adapter bietet keine Unterstützung für einen wichtigen Low Energy-Controllerstatus zur Unterstützung des Peripheral-Modus. Die mindestens 
                   erforderliche unterstützte Statusmaske ist 0x2491f7fffff, vorhanden ist 0x1fffffff. Für die Peripheral-Rolle "Low Energy" ist keine Funktion 
                   verfügbar.

TimeCreated      : 19.04.2019 19:50:32
ProviderName     : Microsoft-Windows-Winlogon
Id               : 7001
LevelDisplayName : Informationen
Message          : Benutzeranmeldebenachrichtigung für Programm zur Verbesserung der Benutzerfreundlichkeit

TimeCreated      : 19.04.2019 19:50:32
ProviderName     : BTHUSB
Id               : 18
LevelDisplayName : Informationen
Message          : Windows kann keine Bluetooth-Authentifizierungscodes (Verbindungsschlüssel) auf dem lokalen Adapter speichern. Bluetooth-Tastaturen funktionieren 
                   möglicherweise nicht im System-BIOS während des Systemstarts.

TimeCreated      : 19.04.2019 19:50:31
ProviderName     : Microsoft-Windows-Kernel-Boot
Id               : 27
LevelDisplayName : Informationen
Message          : Der Starttyp lautete "0x1".

TimeCreated      : 19.04.2019 19:50:31
ProviderName     : Microsoft-Windows-Kernel-Boot
Id               : 25
LevelDisplayName : Informationen
Message          : Die Richtlinie für das Startmenü lautete "0x1".

TimeCreated      : 19.04.2019 19:50:31
ProviderName     : Microsoft-Windows-Kernel-Boot
Id               : 32
LevelDisplayName : Informationen
Message          : Vom Start-Manager wurde 0 ms auf eine Benutzereingabe gewartet.

TimeCreated      : 19.04.2019 19:50:31
ProviderName     : Microsoft-Windows-Kernel-Boot
Id               : 18
LevelDisplayName : Informationen
Message          : In diesem System sind 0x1 Startoptionen vorhanden.

TimeCreated      : 19.04.2019 19:50:31
ProviderName     : e1iexpress
Id               : 27
LevelDisplayName : Warnung
Message          : Intel(R) 82579V Gigabit Network Connection
                    Network link is disconnected.
                   

TimeCreated      : 19.04.2019 19:50:30
ProviderName     : Microsoft-Windows-Kernel-General
Id               : 1
LevelDisplayName : Informationen
Message          : Die Systemzeit wurde von ?2019?-?04?-?19T17:49:52.647583400Z in ?2019?-?04?-?19T17:50:30.500000000Z geändert.
                   
                   Änderungsgrund: System time synchronized with the hardware clock.
                   Prozess: '' (PID 4).

TimeCreated      : 19.04.2019 19:49:52
ProviderName     : Microsoft-Windows-Kernel-Power
Id               : 107
LevelDisplayName : Informationen
Message          : Das System wurde aus dem Energiesparmodus reaktiviert.

TimeCreated      : 19.04.2019 19:49:51
ProviderName     : Microsoft-Windows-Kernel-Power
Id               : 42
LevelDisplayName : Informationen
Message          : Das System wird in den Standbymodus versetzt.
                   
                   Ursache: Application API

TimeCreated      : 19.04.2019 19:49:50
ProviderName     : Microsoft-Windows-Kernel-Power
Id               : 187
LevelDisplayName : Informationen
Message          : Von einem Prozess im Benutzermodus wurde versucht, den Systemstatus durch den Aufruf der SetSuspendState- oder SetSystemPowerState-API zu ändern.

TimeCreated      : 19.04.2019 19:49:49
ProviderName     : Microsoft-Windows-Winlogon
Id               : 7002
LevelDisplayName : Informationen
Message          : Benutzerabmeldebenachrichtigung für Programm zur Verbesserung der Benutzerfreundlichkeit

TimeCreated      : 19.04.2019 19:48:18
ProviderName     : Service Control Manager
Id               : 7040
LevelDisplayName : Informationen
Message          : Der Starttyp des Diensts "Intelligenter Hintergrundübertragungsdienst" wurde von Automatisch starten in Manuell starten geändert.

TimeCreated      : 19.04.2019 19:46:11
ProviderName     : Service Control Manager
Id               : 7040
LevelDisplayName : Informationen
Message          : Der Starttyp des Diensts "Intelligenter Hintergrundübertragungsdienst" wurde von Manuell starten in Automatisch starten geändert.

TimeCreated      : 19.04.2019 19:37:16
ProviderName     : Microsoft-Windows-Power-Troubleshooter
Id               : 1
LevelDisplayName : Informationen
Message          : Das System wurde aus einem Standbymodus reaktiviert.
                   
                   Zeit im Energiesparmodus: ?2019?-?04?-?19T17:36:56.802453600Z
                   Reaktivierungszeit: ?2019?-?04?-?19T17:37:13.073977200Z
                   
                   Reaktivierungsquelle: Gerät -Renesas USB 3.0 eXtensible-Hostcontroller – 0.96 (Microsoft)

TimeCreated      : 19.04.2019 19:37:15
ProviderName     : e1iexpress
Id               : 32
LevelDisplayName : Informationen
Message          : Intel(R) 82579V Gigabit Network Connection
                    Network link has been established at 1Gbps full duplex.
                   

TimeCreated      : 19.04.2019 19:37:12
ProviderName     : BTHUSB
Id               : 34
LevelDisplayName : Warnung
Message          : Der lokale Adapter bietet keine Unterstützung für einen wichtigen Low Energy-Controllerstatus zur Unterstützung des Peripheral-Modus. Die mindestens 
                   erforderliche unterstützte Statusmaske ist 0x2491f7fffff, vorhanden ist 0x1fffffff. Für die Peripheral-Rolle "Low Energy" ist keine Funktion 
                   verfügbar.

TimeCreated      : 19.04.2019 19:37:12
ProviderName     : BTHUSB
Id               : 18
LevelDisplayName : Informationen
Message          : Windows kann keine Bluetooth-Authentifizierungscodes (Verbindungsschlüssel) auf dem lokalen Adapter speichern. Bluetooth-Tastaturen funktionieren 
                   möglicherweise nicht im System-BIOS während des Systemstarts.

TimeCreated      : 19.04.2019 19:37:12
ProviderName     : e1iexpress
Id               : 27
LevelDisplayName : Warnung
Message          : Intel(R) 82579V Gigabit Network Connection
                    Network link is disconnected.
                   

TimeCreated      : 19.04.2019 19:37:11
ProviderName     : Microsoft-Windows-Kernel-General
Id               : 1
LevelDisplayName : Informationen
Message          : Die Systemzeit wurde von ?2019?-?04?-?19T17:36:59.838776900Z in ?2019?-?04?-?19T17:37:11.500000000Z geändert.
                   
                   Änderungsgrund: System time synchronized with the hardware clock.
                   Prozess: '' (PID 4).

TimeCreated      : 19.04.2019 19:36:59
ProviderName     : Microsoft-Windows-Kernel-Power
Id               : 107
LevelDisplayName : Informationen
Message          : Das System wurde aus dem Energiesparmodus reaktiviert.

TimeCreated      : 19.04.2019 19:36:58
ProviderName     : Microsoft-Windows-Kernel-Power
Id               : 42
LevelDisplayName : Informationen
Message          : Das System wird in den Standbymodus versetzt.
                   
                   Ursache: System Idle

TimeCreated      : 19.04.2019 18:18:03
ProviderName     : Service Control Manager
Id               : 7045
LevelDisplayName : Informationen
Message          : Im System wurde ein Dienst installiert.
                   
                   Dienstname:  TeamViewer 14
                   Dienstdateiname:  "C:\Program Files (x86)\TeamViewer\TeamViewer_Service.exe"
                   Diensttyp:  Benutzermodusdienst
                   Dienststarttyp:  Automatisch starten
                   Dienstkonto:  LocalSystem

TimeCreated      : 19.04.2019 18:13:31
ProviderName     : Microsoft-Windows-UserPnp
Id               : 20001
LevelDisplayName : Informationen
Message          : Der Prozess zum Installieren von Treiber nvvhci.inf_amd64_beec825fc22c3129 für Geräteinstanz-ID ROOT\UNNAMED_DEVICE\0001 wurde mit folgendem Status 
                   beendet: 0x0.

TimeCreated      : 19.04.2019 18:13:24
ProviderName     : Microsoft-Windows-UserPnp
Id               : 20001
LevelDisplayName : Informationen
Message          : Der Prozess zum Installieren von Treiber nvvad.inf_amd64_7f1f5303e15cceff für Geräteinstanz-ID ROOT\UNNAMED_DEVICE\0000 wurde mit folgendem Status 
                   beendet: 0x0.

TimeCreated      : 19.04.2019 18:13:24
ProviderName     : Microsoft-Windows-UserPnp
Id               : 20003
LevelDisplayName : Informationen
Message          : Der Prozess zum Hinzufügen von Dienst nvvad_WaveExtensible für Geräteinstanz-ID ROOT\UNNAMED_DEVICE\0000 wurde mit folgendem Status beendet: 0.

TimeCreated      : 19.04.2019 18:09:54
ProviderName     : Microsoft-Windows-Kernel-General
Id               : 16
LevelDisplayName : Informationen
Message          : Der Zugriffsverlauf in der Struktur "\??\C:\ProgramData\Microsoft\Provisioning\Microsoft-Desktop-Provisioning-Sequence.dat" wurde gelöscht. Dabei 
                   wurden 0 Schlüssel aktualisiert und 0 geänderte Seiten erstellt.

TimeCreated      : 19.04.2019 17:21:01
ProviderName     : Microsoft-Windows-DistributedCOM
Id               : 10016
LevelDisplayName : Fehler
Message          : Durch die Berechtigungseinstellungen für "Anwendungsspezifisch" wird dem Benutzer "NIBIRU\admin" (SID: S-1-5-21-2863662748-938137181-2532542191-1000) 
                   unter der Adresse "LocalHost (unter Verwendung von LRPC)" keine Berechtigung vom Typ "Lokal Aktivierung" für die COM-Serveranwendung mit der CLSID 
                   {2593F8B9-4EAF-457C-B68A-50F6B8EA6B54}
                    und der APPID 
                   {15C20B67-12E7-4BB6-92BB-7AFF07997402}
                    im Anwendungscontainer "Nicht verfügbar" (SID: Nicht verfügbar) gewährt. Die Sicherheitsberechtigung kann mit dem Verwaltungstool für 
                   Komponentendienste geändert werden.

TimeCreated      : 19.04.2019 17:12:37
ProviderName     : Microsoft-Windows-DistributedCOM
Id               : 10016
LevelDisplayName : Fehler
Message          : Durch die Berechtigungseinstellungen für "Anwendungsspezifisch" wird dem Benutzer "NIBIRU\admin" (SID: S-1-5-21-2863662748-938137181-2532542191-1000) 
                   unter der Adresse "LocalHost (unter Verwendung von LRPC)" keine Berechtigung vom Typ "Lokal Aktivierung" für die COM-Serveranwendung mit der CLSID 
                   {2593F8B9-4EAF-457C-B68A-50F6B8EA6B54}
                    und der APPID 
                   {15C20B67-12E7-4BB6-92BB-7AFF07997402}
                    im Anwendungscontainer "Nicht verfügbar" (SID: Nicht verfügbar) gewährt. Die Sicherheitsberechtigung kann mit dem Verwaltungstool für 
                   Komponentendienste geändert werden.

TimeCreated      : 19.04.2019 17:12:11
ProviderName     : e1iexpress
Id               : 32
LevelDisplayName : Informationen
Message          : Intel(R) 82579V Gigabit Network Connection
                    Network link has been established at 1Gbps full duplex.
                   

TimeCreated      : 19.04.2019 17:12:11
ProviderName     : Microsoft-Windows-DistributedCOM
Id               : 10016
LevelDisplayName : Fehler
Message          : Durch die Berechtigungseinstellungen für "Anwendungsspezifisch" wird dem Benutzer "NT-AUTORITÄT\Lokaler Dienst" (SID: S-1-5-19) unter der Adresse 
                   "LocalHost (unter Verwendung von LRPC)" keine Berechtigung vom Typ "Lokal Aktivierung" für die COM-Serveranwendung mit der CLSID 
                   {6B3B8D23-FA8D-40B9-8DBD-B950333E2C52}
                    und der APPID 
                   {4839DDB7-58C2-48F5-8283-E1D1807D0D7D}
                    im Anwendungscontainer "Nicht verfügbar" (SID: Nicht verfügbar) gewährt. Die Sicherheitsberechtigung kann mit dem Verwaltungstool für 
                   Komponentendienste geändert werden.

TimeCreated      : 19.04.2019 17:12:11
ProviderName     : Microsoft-Windows-DistributedCOM
Id               : 10016
LevelDisplayName : Fehler
Message          : Durch die Berechtigungseinstellungen für "Anwendungsspezifisch" wird dem Benutzer "NT-AUTORITÄT\Lokaler Dienst" (SID: S-1-5-19) unter der Adresse 
                   "LocalHost (unter Verwendung von LRPC)" keine Berechtigung vom Typ "Lokal Aktivierung" für die COM-Serveranwendung mit der CLSID 
                   {6B3B8D23-FA8D-40B9-8DBD-B950333E2C52}
                    und der APPID 
                   {4839DDB7-58C2-48F5-8283-E1D1807D0D7D}
                    im Anwendungscontainer "Nicht verfügbar" (SID: Nicht verfügbar) gewährt. Die Sicherheitsberechtigung kann mit dem Verwaltungstool für 
                   Komponentendienste geändert werden.

TimeCreated      : 19.04.2019 17:12:10
ProviderName     : Microsoft-Windows-Power-Troubleshooter
Id               : 1
LevelDisplayName : Informationen
Message          : Das System wurde aus einem Standbymodus reaktiviert.
                   
                   Zeit im Energiesparmodus: ?2019?-?04?-?19T12:50:40.294681800Z
                   Reaktivierungszeit: ?2019?-?04?-?19T15:12:08.753911100Z
                   
                   Reaktivierungsquelle: Unbekannt

TimeCreated      : 19.04.2019 17:12:09
ProviderName     : Microsoft-Windows-Winlogon
Id               : 7001
LevelDisplayName : Informationen
Message          : Benutzeranmeldebenachrichtigung für Programm zur Verbesserung der Benutzerfreundlichkeit

TimeCreated      : 19.04.2019 17:12:09
ProviderName     : BTHUSB
Id               : 34
LevelDisplayName : Warnung
Message          : Der lokale Adapter bietet keine Unterstützung für einen wichtigen Low Energy-Controllerstatus zur Unterstützung des Peripheral-Modus. Die mindestens 
                   erforderliche unterstützte Statusmaske ist 0x2491f7fffff, vorhanden ist 0x1fffffff. Für die Peripheral-Rolle "Low Energy" ist keine Funktion 
                   verfügbar.

TimeCreated      : 19.04.2019 17:12:09
ProviderName     : BTHUSB
Id               : 18
LevelDisplayName : Informationen
Message          : Windows kann keine Bluetooth-Authentifizierungscodes (Verbindungsschlüssel) auf dem lokalen Adapter speichern. Bluetooth-Tastaturen funktionieren 
                   möglicherweise nicht im System-BIOS während des Systemstarts.

TimeCreated      : 19.04.2019 17:12:08
ProviderName     : Microsoft-Windows-Kernel-Boot
Id               : 27
LevelDisplayName : Informationen
Message          : Der Starttyp lautete "0x1".

TimeCreated      : 19.04.2019 17:12:08
ProviderName     : Microsoft-Windows-Kernel-Boot
Id               : 25
LevelDisplayName : Informationen
Message          : Die Richtlinie für das Startmenü lautete "0x1".

TimeCreated      : 19.04.2019 17:12:08
ProviderName     : Microsoft-Windows-Kernel-Boot
Id               : 32
LevelDisplayName : Informationen
Message          : Vom Start-Manager wurde 0 ms auf eine Benutzereingabe gewartet.

TimeCreated      : 19.04.2019 17:12:08
ProviderName     : Microsoft-Windows-Kernel-Boot
Id               : 18
LevelDisplayName : Informationen
Message          : In diesem System sind 0x1 Startoptionen vorhanden.

TimeCreated      : 19.04.2019 17:12:08
ProviderName     : e1iexpress
Id               : 27
LevelDisplayName : Warnung
Message          : Intel(R) 82579V Gigabit Network Connection
                    Network link is disconnected.
                   

TimeCreated      : 19.04.2019 17:12:07
ProviderName     : Microsoft-Windows-Kernel-General
Id               : 1
LevelDisplayName : Informationen
Message          : Die Systemzeit wurde von ?2019?-?04?-?19T12:50:42.068133800Z in ?2019?-?04?-?19T15:12:07.500000000Z geändert.
                   
                   Änderungsgrund: System time synchronized with the hardware clock.
                   Prozess: '' (PID 4).

TimeCreated      : 19.04.2019 14:50:42
ProviderName     : Microsoft-Windows-Kernel-Power
Id               : 107
LevelDisplayName : Informationen
Message          : Das System wurde aus dem Energiesparmodus reaktiviert.

TimeCreated      : 19.04.2019 14:50:40
ProviderName     : Microsoft-Windows-Kernel-Power
Id               : 42
LevelDisplayName : Informationen
Message          : Das System wird in den Standbymodus versetzt.
                   
                   Ursache: Application API

TimeCreated      : 19.04.2019 14:50:40
ProviderName     : Microsoft-Windows-Kernel-Power
Id               : 187
LevelDisplayName : Informationen
Message          : Von einem Prozess im Benutzermodus wurde versucht, den Systemstatus durch den Aufruf der SetSuspendState- oder SetSystemPowerState-API zu ändern.

TimeCreated      : 19.04.2019 14:50:39
ProviderName     : Microsoft-Windows-Winlogon
Id               : 7002
LevelDisplayName : Informationen
Message          : Benutzerabmeldebenachrichtigung für Programm zur Verbesserung der Benutzerfreundlichkeit

TimeCreated      : 19.04.2019 13:20:03
ProviderName     : Microsoft-Windows-Kernel-General
Id               : 16
LevelDisplayName : Informationen
Message          : Der Zugriffsverlauf in der Struktur "\??\C:\ProgramData\Microsoft\Provisioning\Microsoft-Desktop-Provisioning-Sequence.dat" wurde gelöscht. Dabei 
                   wurden 0 Schlüssel aktualisiert und 0 geänderte Seiten erstellt.

TimeCreated      : 19.04.2019 13:14:02
ProviderName     : Service Control Manager
Id               : 7040
LevelDisplayName : Informationen
Message          : Der Starttyp des Diensts "Intelligenter Hintergrundübertragungsdienst" wurde von Automatisch starten in Manuell starten geändert.

TimeCreated      : 19.04.2019 13:11:26
ProviderName     : Service Control Manager
Id               : 7040
LevelDisplayName : Informationen
Message          : Der Starttyp des Diensts "Intelligenter Hintergrundübertragungsdienst" wurde von Manuell starten in Automatisch starten geändert.

TimeCreated      : 19.04.2019 13:05:25
ProviderName     : Microsoft-Windows-DistributedCOM
Id               : 10016
LevelDisplayName : Fehler
Message          : Durch die Berechtigungseinstellungen für "Anwendungsspezifisch" wird dem Benutzer "NIBIRU\admin" (SID: S-1-5-21-2863662748-938137181-2532542191-1000) 
                   unter der Adresse "LocalHost (unter Verwendung von LRPC)" keine Berechtigung vom Typ "Lokal Aktivierung" für die COM-Serveranwendung mit der CLSID 
                   {2593F8B9-4EAF-457C-B68A-50F6B8EA6B54}
                    und der APPID 
                   {15C20B67-12E7-4BB6-92BB-7AFF07997402}
                    im Anwendungscontainer "Nicht verfügbar" (SID: Nicht verfügbar) gewährt. Die Sicherheitsberechtigung kann mit dem Verwaltungstool für 
                   Komponentendienste geändert werden.

TimeCreated      : 19.04.2019 12:55:42
ProviderName     : Microsoft-Windows-WindowsUpdateClient
Id               : 19
LevelDisplayName : Informationen
Message          : Installation erfolgreich: Das folgende Update wurde installiert. Definitionsupdate für Windows Defender Antivirus – KB2267602 (Definition 
                   1.291.2270.0)

TimeCreated      : 19.04.2019 12:55:31
ProviderName     : Microsoft-Windows-WindowsUpdateClient
Id               : 43
LevelDisplayName : Informationen
Message          : Installation gestartet: Windows hat mit der Installation des folgenden Updates begonnen: Definitionsupdate für Windows Defender Antivirus – KB2267602 
                   (Definition 1.291.2270.0)

TimeCreated      : 19.04.2019 12:55:18
ProviderName     : Microsoft-Windows-WindowsUpdateClient
Id               : 44
LevelDisplayName : Informationen
Message          : Windows Update hat mit dem Herunterladen eines Updates begonnen.

TimeCreated      : 19.04.2019 12:54:54
ProviderName     : Microsoft-Windows-DistributedCOM
Id               : 10016
LevelDisplayName : Fehler
Message          : Durch die Berechtigungseinstellungen für "Anwendungsspezifisch" wird dem Benutzer "NIBIRU\admin" (SID: S-1-5-21-2863662748-938137181-2532542191-1000) 
                   unter der Adresse "LocalHost (unter Verwendung von LRPC)" keine Berechtigung vom Typ "Lokal Aktivierung" für die COM-Serveranwendung mit der CLSID 
                   {2593F8B9-4EAF-457C-B68A-50F6B8EA6B54}
                    und der APPID 
                   {15C20B67-12E7-4BB6-92BB-7AFF07997402}
                    im Anwendungscontainer "Nicht verfügbar" (SID: Nicht verfügbar) gewährt. Die Sicherheitsberechtigung kann mit dem Verwaltungstool für 
                   Komponentendienste geändert werden.

TimeCreated      : 19.04.2019 12:54:53
ProviderName     : Microsoft-Windows-DistributedCOM
Id               : 10016
LevelDisplayName : Fehler
Message          : Durch die Berechtigungseinstellungen für "Anwendungsspezifisch" wird dem Benutzer "NIBIRU\admin" (SID: S-1-5-21-2863662748-938137181-2532542191-1000) 
                   unter der Adresse "LocalHost (unter Verwendung von LRPC)" keine Berechtigung vom Typ "Lokal Aktivierung" für die COM-Serveranwendung mit der CLSID 
                   {2593F8B9-4EAF-457C-B68A-50F6B8EA6B54}
                    und der APPID 
                   {15C20B67-12E7-4BB6-92BB-7AFF07997402}
                    im Anwendungscontainer "Nicht verfügbar" (SID: Nicht verfügbar) gewährt. Die Sicherheitsberechtigung kann mit dem Verwaltungstool für 
                   Komponentendienste geändert werden.

TimeCreated      : 19.04.2019 12:54:53
ProviderName     : Microsoft-Windows-DistributedCOM
Id               : 10016
LevelDisplayName : Fehler
Message          : Durch die Berechtigungseinstellungen für "Anwendungsspezifisch" wird dem Benutzer "NIBIRU\admin" (SID: S-1-5-21-2863662748-938137181-2532542191-1000) 
                   unter der Adresse "LocalHost (unter Verwendung von LRPC)" keine Berechtigung vom Typ "Lokal Aktivierung" für die COM-Serveranwendung mit der CLSID 
                   {2593F8B9-4EAF-457C-B68A-50F6B8EA6B54}
                    und der APPID 
                   {15C20B67-12E7-4BB6-92BB-7AFF07997402}
                    im Anwendungscontainer "Nicht verfügbar" (SID: Nicht verfügbar) gewährt. Die Sicherheitsberechtigung kann mit dem Verwaltungstool für 
                   Komponentendienste geändert werden.

TimeCreated      : 19.04.2019 12:54:12
ProviderName     : Service Control Manager
Id               : 7040
LevelDisplayName : Informationen
Message          : Der Starttyp des Diensts "Intelligenter Hintergrundübertragungsdienst" wurde von Automatisch starten in Manuell starten geändert.

TimeCreated      : 19.04.2019 12:52:58
ProviderName     : Microsoft-Windows-DistributedCOM
Id               : 10016
LevelDisplayName : Fehler
Message          : Durch die Berechtigungseinstellungen für "Anwendungsspezifisch" wird dem Benutzer "NIBIRU\admin" (SID: S-1-5-21-2863662748-938137181-2532542191-1000) 
                   unter der Adresse "LocalHost (unter Verwendung von LRPC)" keine Berechtigung vom Typ "Lokal Aktivierung" für die COM-Serveranwendung mit der CLSID 
                   {2593F8B9-4EAF-457C-B68A-50F6B8EA6B54}
                    und der APPID 
                   {15C20B67-12E7-4BB6-92BB-7AFF07997402}
                    im Anwendungscontainer "Nicht verfügbar" (SID: Nicht verfügbar) gewährt. Die Sicherheitsberechtigung kann mit dem Verwaltungstool für 
                   Komponentendienste geändert werden.

TimeCreated      : 19.04.2019 12:52:57
ProviderName     : Service Control Manager
Id               : 7000
LevelDisplayName : Fehler
Message          : Der Dienst "Steam Client Service" wurde aufgrund folgenden Fehlers nicht gestartet: 
                   Der Dienst antwortete nicht rechtzeitig auf die Start- oder Steuerungsanforderung.

TimeCreated      : 19.04.2019 12:52:57
ProviderName     : Service Control Manager
Id               : 7009
LevelDisplayName : Fehler
Message          : Das Zeitlimit (30000 ms) wurde beim Verbindungsversuch mit dem Dienst Steam Client Service erreicht.

TimeCreated      : 19.04.2019 12:52:08
ProviderName     : Service Control Manager
Id               : 7040
LevelDisplayName : Informationen
Message          : Der Starttyp des Diensts "Intelligenter Hintergrundübertragungsdienst" wurde von Manuell starten in Automatisch starten geändert.

TimeCreated      : 19.04.2019 12:52:08
ProviderName     : e1iexpress
Id               : 32
LevelDisplayName : Informationen
Message          : Intel(R) 82579V Gigabit Network Connection
                    Network link has been established at 1Gbps full duplex.
                   

TimeCreated      : 19.04.2019 12:52:08
ProviderName     : Microsoft-Windows-DistributedCOM
Id               : 10016
LevelDisplayName : Fehler
Message          : Durch die Berechtigungseinstellungen für "Anwendungsspezifisch" wird dem Benutzer "NT-AUTORITÄT\Lokaler Dienst" (SID: S-1-5-19) unter der Adresse 
                   "LocalHost (unter Verwendung von LRPC)" keine Berechtigung vom Typ "Lokal Aktivierung" für die COM-Serveranwendung mit der CLSID 
                   {6B3B8D23-FA8D-40B9-8DBD-B950333E2C52}
                    und der APPID 
                   {4839DDB7-58C2-48F5-8283-E1D1807D0D7D}
                    im Anwendungscontainer "Nicht verfügbar" (SID: Nicht verfügbar) gewährt. Die Sicherheitsberechtigung kann mit dem Verwaltungstool für 
                   Komponentendienste geändert werden.

TimeCreated      : 19.04.2019 12:52:08
ProviderName     : Microsoft-Windows-DistributedCOM
Id               : 10016
LevelDisplayName : Fehler
Message          : Durch die Berechtigungseinstellungen für "Anwendungsspezifisch" wird dem Benutzer "NT-AUTORITÄT\Lokaler Dienst" (SID: S-1-5-19) unter der Adresse 
                   "LocalHost (unter Verwendung von LRPC)" keine Berechtigung vom Typ "Lokal Aktivierung" für die COM-Serveranwendung mit der CLSID 
                   {6B3B8D23-FA8D-40B9-8DBD-B950333E2C52}
                    und der APPID 
                   {4839DDB7-58C2-48F5-8283-E1D1807D0D7D}
                    im Anwendungscontainer "Nicht verfügbar" (SID: Nicht verfügbar) gewährt. Die Sicherheitsberechtigung kann mit dem Verwaltungstool für 
                   Komponentendienste geändert werden.

TimeCreated      : 19.04.2019 12:52:07
ProviderName     : Microsoft-Windows-Power-Troubleshooter
Id               : 1
LevelDisplayName : Informationen
Message          : Das System wurde aus einem Standbymodus reaktiviert.
                   
                   Zeit im Energiesparmodus: ?2019?-?04?-?18T23:29:35.194120500Z
                   Reaktivierungszeit: ?2019?-?04?-?19T10:52:05.782334700Z
                   
                   Reaktivierungsquelle: Unbekannt

TimeCreated      : 19.04.2019 12:52:06
ProviderName     : BTHUSB
Id               : 34
LevelDisplayName : Warnung
Message          : Der lokale Adapter bietet keine Unterstützung für einen wichtigen Low Energy-Controllerstatus zur Unterstützung des Peripheral-Modus. Die mindestens 
                   erforderliche unterstützte Statusmaske ist 0x2491f7fffff, vorhanden ist 0x1fffffff. Für die Peripheral-Rolle "Low Energy" ist keine Funktion 
                   verfügbar.

TimeCreated      : 19.04.2019 12:52:06
ProviderName     : BTHUSB
Id               : 18
LevelDisplayName : Informationen
Message          : Windows kann keine Bluetooth-Authentifizierungscodes (Verbindungsschlüssel) auf dem lokalen Adapter speichern. Bluetooth-Tastaturen funktionieren 
                   möglicherweise nicht im System-BIOS während des Systemstarts.

TimeCreated      : 19.04.2019 12:52:06
ProviderName     : Microsoft-Windows-Winlogon
Id               : 7001
LevelDisplayName : Informationen
Message          : Benutzeranmeldebenachrichtigung für Programm zur Verbesserung der Benutzerfreundlichkeit

TimeCreated      : 19.04.2019 12:52:05
ProviderName     : Microsoft-Windows-Kernel-Boot
Id               : 27
LevelDisplayName : Informationen
Message          : Der Starttyp lautete "0x1".

TimeCreated      : 19.04.2019 12:52:05
ProviderName     : Microsoft-Windows-Kernel-Boot
Id               : 25
LevelDisplayName : Informationen
Message          : Die Richtlinie für das Startmenü lautete "0x1".

TimeCreated      : 19.04.2019 12:52:05
ProviderName     : Microsoft-Windows-Kernel-Boot
Id               : 32
LevelDisplayName : Informationen
Message          : Vom Start-Manager wurde 0 ms auf eine Benutzereingabe gewartet.

TimeCreated      : 19.04.2019 12:52:05
ProviderName     : Microsoft-Windows-Kernel-Boot
Id               : 18
LevelDisplayName : Informationen
Message          : In diesem System sind 0x1 Startoptionen vorhanden.

TimeCreated      : 19.04.2019 12:52:05
ProviderName     : e1iexpress
Id               : 27
LevelDisplayName : Warnung
Message          : Intel(R) 82579V Gigabit Network Connection
                    Network link is disconnected.
                   

TimeCreated      : 19.04.2019 12:52:04
ProviderName     : Microsoft-Windows-Kernel-General
Id               : 1
LevelDisplayName : Informationen
Message          : Die Systemzeit wurde von ?2019?-?04?-?18T23:29:37.097838700Z in ?2019?-?04?-?19T10:52:04.500000000Z geändert.
                   
                   Änderungsgrund: System time synchronized with the hardware clock.
                   Prozess: '' (PID 4).

TimeCreated      : 19.04.2019 01:29:37
ProviderName     : Microsoft-Windows-Kernel-Power
Id               : 107
LevelDisplayName : Informationen
Message          : Das System wurde aus dem Energiesparmodus reaktiviert.

TimeCreated      : 19.04.2019 12:52:05
ProviderName     : EventLog
Id               : 6013
LevelDisplayName : Informationen
Message          : Die aktive Systemzeit ist 567146 Sekunden.

TimeCreated      : 19.04.2019 01:29:35
ProviderName     : Microsoft-Windows-Kernel-Power
Id               : 42
LevelDisplayName : Informationen
Message          : Das System wird in den Standbymodus versetzt.
                   
                   Ursache: Application API

TimeCreated      : 19.04.2019 01:29:35
ProviderName     : Microsoft-Windows-Kernel-Power
Id               : 187
LevelDisplayName : Informationen
Message          : Von einem Prozess im Benutzermodus wurde versucht, den Systemstatus durch den Aufruf der SetSuspendState- oder SetSystemPowerState-API zu ändern.

TimeCreated      : 19.04.2019 01:29:34
ProviderName     : Microsoft-Windows-Winlogon
Id               : 7002
LevelDisplayName : Informationen
Message          : Benutzerabmeldebenachrichtigung für Programm zur Verbesserung der Benutzerfreundlichkeit

TimeCreated      : 19.04.2019 01:29:34
ProviderName     : Microsoft-Windows-DistributedCOM
Id               : 10010
LevelDisplayName : Fehler
Message          : Der Server "{4AA0A5C4-1B9B-4F2E-99D7-99C6AEC83474}" konnte innerhalb des angegebenen Zeitabschnitts mit DCOM nicht registriert werden.

TimeCreated      : 19.04.2019 00:12:54
ProviderName     : Microsoft-Windows-Ntfs
Id               : 98
LevelDisplayName : Informationen
Message          : Volume "??" (\Device\HarddiskVolumeShadowCopy7) ist fehlerfrei. Es ist keine Aktion erforderlich.

TimeCreated      : 19.04.2019 00:05:28
ProviderName     : Service Control Manager
Id               : 7040
LevelDisplayName : Informationen
Message          : Der Starttyp des Diensts "Intelligenter Hintergrundübertragungsdienst" wurde von Automatisch starten in Manuell starten geändert.

TimeCreated      : 19.04.2019 00:03:26
ProviderName     : Service Control Manager
Id               : 7040
LevelDisplayName : Informationen
Message          : Der Starttyp des Diensts "Intelligenter Hintergrundübertragungsdienst" wurde von Manuell starten in Automatisch starten geändert.

TimeCreated      : 18.04.2019 23:48:13
ProviderName     : Microsoft-Windows-Kernel-General
Id               : 1
LevelDisplayName : Informationen
Message          : Die Systemzeit wurde von ?2019?-?04?-?18T21:48:13.746084200Z in ?2019?-?04?-?18T21:48:13.746810900Z geändert.
                   
                   Änderungsgrund: An application or system component changed the time.
                   Prozess: '\Device\HarddiskVolume5\Windows\System32\svchost.exe' (PID 15172).

TimeCreated      : 18.04.2019 23:48:13
ProviderName     : Microsoft-Windows-Time-Service
Id               : 35
LevelDisplayName : Informationen
Message          : Der Zeitdienst synchronisiert jetzt die Systemzeit mit der Zeitquelle time.windows.com,0x9 (ntp.m|0x9|0.0.0.0:123->52.166.120.77:123) mit der 
                   Referenz-ID 1299752500. Die aktuelle lokale Stratumnummer ist 3.

TimeCreated      : 18.04.2019 23:47:59
ProviderName     : Microsoft-Windows-Time-Service
Id               : 37
LevelDisplayName : Informationen
Message          : Der Zeitanbieter "NtpClient" empfängt derzeit gültige Zeitdaten von time.windows.com,0x9 (ntp.m|0x9|0.0.0.0:123->52.166.120.77:123).

TimeCreated      : 18.04.2019 23:47:57
ProviderName     : Microsoft-Windows-Time-Service
Id               : 158
LevelDisplayName : Informationen
Message          : Der Zeitanbieter 'VMICTimeProvider' hat angegeben, dass die aktuelle Hardware- und Betriebssystemumgebung nicht unterstützt wird und beendet wurde. 
                   Dieses Verhalten wird für VMICTimeProvider in Nicht-HyperV-Gastumgebungen erwartet. Dies kann auch das vom aktuellen Anbieter erwartete Verhalten in 
                   der aktuellen Betriebsumgebung sein.

TimeCreated      : 18.04.2019 21:26:24
ProviderName     : Service Control Manager
Id               : 7040
LevelDisplayName : Informationen
Message          : Der Starttyp des Diensts "Intelligenter Hintergrundübertragungsdienst" wurde von Automatisch starten in Manuell starten geändert.

TimeCreated      : 18.04.2019 21:24:21
ProviderName     : Service Control Manager
Id               : 7040
LevelDisplayName : Informationen
Message          : Der Starttyp des Diensts "Intelligenter Hintergrundübertragungsdienst" wurde von Manuell starten in Automatisch starten geändert.

TimeCreated      : 18.04.2019 19:14:00
ProviderName     : Microsoft-Windows-Kernel-General
Id               : 15
LevelDisplayName : Informationen
Message          : Die Struktur "\??\Volume{c33a22f7-e4a2-4e65-aa7b-aac8aae385d0}\System Volume 
                   Information\SPP\SppCbsHiveStore\{cd42efe1-f6f1-427c-b004-033192c625a4}{DC2556BE-2996-4D71-A34C-354F539179F8}" wurde neu organisiert. Startgröße: 
                   102772736 Bytes. Endgröße: 101564416 Bytes.

TimeCreated      : 18.04.2019 19:13:55
ProviderName     : Microsoft-Windows-Kernel-General
Id               : 16
LevelDisplayName : Informationen
Message          : Der Zugriffsverlauf in der Struktur "\??\Volume{c33a22f7-e4a2-4e65-aa7b-aac8aae385d0}\System Volume 
                   Information\SPP\SppCbsHiveStore\{cd42efe1-f6f1-427c-b004-033192c625a4}{E2305F24-D22A-4D1E-B661-00B7DD98AE82}" wurde gelöscht. Dabei wurden 631 
                   Schlüssel aktualisiert und 62 geänderte Seiten erstellt.

TimeCreated      : 18.04.2019 19:13:55
ProviderName     : Microsoft-Windows-Kernel-General
Id               : 16
LevelDisplayName : Informationen
Message          : Der Zugriffsverlauf in der Struktur "\??\Volume{c33a22f7-e4a2-4e65-aa7b-aac8aae385d0}\System Volume 
                   Information\SPP\SppCbsHiveStore\{cd42efe1-f6f1-427c-b004-033192c625a4}{05F23F34-9E56-49F9-AF1F-3A05631EA21F}" wurde gelöscht. Dabei wurden 15617 
                   Schlüssel aktualisiert und 2676 geänderte Seiten erstellt.

TimeCreated      : 18.04.2019 19:13:54
ProviderName     : Microsoft-Windows-Kernel-General
Id               : 16
LevelDisplayName : Informationen
Message          : Der Zugriffsverlauf in der Struktur "\??\Volume{c33a22f7-e4a2-4e65-aa7b-aac8aae385d0}\System Volume 
                   Information\SPP\SppCbsHiveStore\{cd42efe1-f6f1-427c-b004-033192c625a4}{2F654D0F-CC8F-4C47-9ACC-9A91A6847DAD}" wurde gelöscht. Dabei wurden 75 
                   Schlüssel aktualisiert und 4 geänderte Seiten erstellt.

TimeCreated      : 18.04.2019 19:13:54
ProviderName     : Microsoft-Windows-Kernel-General
Id               : 16
LevelDisplayName : Informationen
Message          : Der Zugriffsverlauf in der Struktur "\??\Volume{c33a22f7-e4a2-4e65-aa7b-aac8aae385d0}\System Volume 
                   Information\SPP\SppCbsHiveStore\{cd42efe1-f6f1-427c-b004-033192c625a4}{5552EDB3-3511-4CD5-99EA-460CD97B01C0}" wurde gelöscht. Dabei wurden 67 
                   Schlüssel aktualisiert und 7 geänderte Seiten erstellt.

TimeCreated      : 18.04.2019 19:13:54
ProviderName     : Microsoft-Windows-Kernel-General
Id               : 15
LevelDisplayName : Informationen
Message          : Die Struktur "\??\Volume{c33a22f7-e4a2-4e65-aa7b-aac8aae385d0}\System Volume 
                   Information\SPP\SppCbsHiveStore\{cd42efe1-f6f1-427c-b004-033192c625a4}{E0488DDB-ACFA-43E2-8170-7C3F7F5D5855}" wurde neu organisiert. Startgröße: 
                   12775424 Bytes. Endgröße: 12746752 Bytes.

TimeCreated      : 18.04.2019 19:13:49
ProviderName     : Microsoft-Windows-Kernel-General
Id               : 11
LevelDisplayName : Informationen
Message          : Die TxR-Initialisierungsphase für die Struktur \??\GLOBALROOT\Device\HarddiskVolumeShadowCopy4\Windows\System32\config\DRIVERS (TM: 
                   {9c3d0a2d-5fcf-11e9-939b-001a7dda7102}, RM: {9c3d0a2c-5fcf-11e9-939b-001a7dda7102}) wurde mit dem Ergebnis=0xC00000A2 (Interner Code=7) abgeschlossen.

TimeCreated      : 18.04.2019 19:13:49
ProviderName     : Microsoft-Windows-Kernel-General
Id               : 11
LevelDisplayName : Informationen
Message          : Die TxR-Initialisierungsphase für die Struktur \??\GLOBALROOT\Device\HarddiskVolumeShadowCopy4\Windows\System32\config\SYSTEM (TM: 
                   {9c3d0a2a-5fcf-11e9-939b-001a7dda7102}, RM: {9c3d0a29-5fcf-11e9-939b-001a7dda7102}) wurde mit dem Ergebnis=0xC00000A2 (Interner Code=7) abgeschlossen.

TimeCreated      : 18.04.2019 19:13:49
ProviderName     : Microsoft-Windows-Kernel-General
Id               : 15
LevelDisplayName : Informationen
Message          : Die Struktur "\??\GLOBALROOT\Device\HarddiskVolumeShadowCopy4\Windows\System32\config\SYSTEM" wurde neu organisiert. Startgröße: 12775424 Bytes. 
                   Endgröße: 12746752 Bytes.

TimeCreated      : 18.04.2019 19:13:47
ProviderName     : Microsoft-Windows-Kernel-General
Id               : 15
LevelDisplayName : Informationen
Message          : Die Struktur "\??\Volume{c33a22f7-e4a2-4e65-aa7b-aac8aae385d0}\System Volume 
                   Information\SPP\SppCbsHiveStore\{cd42efe1-f6f1-427c-b004-033192c625a4}{7578C4CF-DC3C-49D0-835D-1C2D2E1DB77A}" wurde neu organisiert. Startgröße: 
                   102772736 Bytes. Endgröße: 101711872 Bytes.

TimeCreated      : 18.04.2019 19:13:43
ProviderName     : Microsoft-Windows-Kernel-General
Id               : 16
LevelDisplayName : Informationen
Message          : Der Zugriffsverlauf in der Struktur "\??\Volume{c33a22f7-e4a2-4e65-aa7b-aac8aae385d0}\System Volume 
                   Information\SPP\SppCbsHiveStore\{cd42efe1-f6f1-427c-b004-033192c625a4}{8AC6EDD9-789B-4B22-A1E8-EB949BB0400B}" wurde gelöscht. Dabei wurden 645 
                   Schlüssel aktualisiert und 61 geänderte Seiten erstellt.

TimeCreated      : 18.04.2019 19:13:42
ProviderName     : Microsoft-Windows-Kernel-General
Id               : 16
LevelDisplayName : Informationen
Message          : Der Zugriffsverlauf in der Struktur "\??\Volume{c33a22f7-e4a2-4e65-aa7b-aac8aae385d0}\System Volume 
                   Information\SPP\SppCbsHiveStore\{cd42efe1-f6f1-427c-b004-033192c625a4}{D76E9A13-3773-4A1F-A769-FDB1E399A6D0}" wurde gelöscht. Dabei wurden 75 
                   Schlüssel aktualisiert und 4 geänderte Seiten erstellt.

TimeCreated      : 18.04.2019 19:13:42
ProviderName     : Microsoft-Windows-Kernel-General
Id               : 16
LevelDisplayName : Informationen
Message          : Der Zugriffsverlauf in der Struktur "\??\Volume{c33a22f7-e4a2-4e65-aa7b-aac8aae385d0}\System Volume 
                   Information\SPP\SppCbsHiveStore\{cd42efe1-f6f1-427c-b004-033192c625a4}{41F63796-C68A-4A20-AB96-6473D267E995}" wurde gelöscht. Dabei wurden 67 
                   Schlüssel aktualisiert und 7 geänderte Seiten erstellt.

TimeCreated      : 18.04.2019 19:13:42
ProviderName     : Microsoft-Windows-Kernel-General
Id               : 15
LevelDisplayName : Informationen
Message          : Die Struktur "\??\Volume{c33a22f7-e4a2-4e65-aa7b-aac8aae385d0}\System Volume 
                   Information\SPP\SppCbsHiveStore\{cd42efe1-f6f1-427c-b004-033192c625a4}{ED65DC9C-4C95-47EB-B4D9-17D951548E61}" wurde neu organisiert. Startgröße: 
                   13074432 Bytes. Endgröße: 13008896 Bytes.

TimeCreated      : 18.04.2019 19:13:38
ProviderName     : Microsoft-Windows-Kernel-General
Id               : 11
LevelDisplayName : Informationen
Message          : Die TxR-Initialisierungsphase für die Struktur \??\GLOBALROOT\Device\HarddiskVolumeShadowCopy5\Windows\System32\config\DRIVERS (TM: 
                   {9c3d0a07-5fcf-11e9-939b-001a7dda7102}, RM: {9c3d0a06-5fcf-11e9-939b-001a7dda7102}) wurde mit dem Ergebnis=0xC00000A2 (Interner Code=7) abgeschlossen.

TimeCreated      : 18.04.2019 19:13:38
ProviderName     : Microsoft-Windows-Kernel-General
Id               : 11
LevelDisplayName : Informationen
Message          : Die TxR-Initialisierungsphase für die Struktur \??\GLOBALROOT\Device\HarddiskVolumeShadowCopy5\Windows\System32\config\SYSTEM (TM: 
                   {9c3d0a04-5fcf-11e9-939b-001a7dda7102}, RM: {9c3d0a03-5fcf-11e9-939b-001a7dda7102}) wurde mit dem Ergebnis=0xC00000A2 (Interner Code=7) abgeschlossen.

TimeCreated      : 18.04.2019 19:13:38
ProviderName     : Microsoft-Windows-Kernel-General
Id               : 15
LevelDisplayName : Informationen
Message          : Die Struktur "\??\GLOBALROOT\Device\HarddiskVolumeShadowCopy5\Windows\System32\config\SYSTEM" wurde neu organisiert. Startgröße: 13074432 Bytes. 
                   Endgröße: 13008896 Bytes.

TimeCreated      : 18.04.2019 19:13:36
ProviderName     : Microsoft-Windows-Kernel-General
Id               : 15
LevelDisplayName : Informationen
Message          : Die Struktur "\??\Volume{c33a22f7-e4a2-4e65-aa7b-aac8aae385d0}\System Volume 
                   Information\SPP\SppCbsHiveStore\{cd42efe1-f6f1-427c-b004-033192c625a4}{ABB72B4F-EE35-4F07-9D96-353F987DEFCA}" wurde neu organisiert. Startgröße: 
                   102772736 Bytes. Endgröße: 101711872 Bytes.

TimeCreated      : 18.04.2019 19:13:31
ProviderName     : Microsoft-Windows-Kernel-General
Id               : 16
LevelDisplayName : Informationen
Message          : Der Zugriffsverlauf in der Struktur "\??\Volume{c33a22f7-e4a2-4e65-aa7b-aac8aae385d0}\System Volume 
                   Information\SPP\SppCbsHiveStore\{cd42efe1-f6f1-427c-b004-033192c625a4}{6E6E5E8D-8DAE-4CB7-944A-505BAE3D4890}" wurde gelöscht. Dabei wurden 645 
                   Schlüssel aktualisiert und 61 geänderte Seiten erstellt.

TimeCreated      : 18.04.2019 19:13:30
ProviderName     : Microsoft-Windows-Kernel-General
Id               : 16
LevelDisplayName : Informationen
Message          : Der Zugriffsverlauf in der Struktur "\??\Volume{c33a22f7-e4a2-4e65-aa7b-aac8aae385d0}\System Volume 
                   Information\SPP\SppCbsHiveStore\{cd42efe1-f6f1-427c-b004-033192c625a4}{559E0392-B14F-4375-882E-89E129E5FCFE}" wurde gelöscht. Dabei wurden 75 
                   Schlüssel aktualisiert und 4 geänderte Seiten erstellt.

TimeCreated      : 18.04.2019 19:13:30
ProviderName     : Microsoft-Windows-Kernel-General
Id               : 16
LevelDisplayName : Informationen
Message          : Der Zugriffsverlauf in der Struktur "\??\Volume{c33a22f7-e4a2-4e65-aa7b-aac8aae385d0}\System Volume 
                   Information\SPP\SppCbsHiveStore\{cd42efe1-f6f1-427c-b004-033192c625a4}{0A978B6B-80F0-4756-8C0E-A8240F22630D}" wurde gelöscht. Dabei wurden 67 
                   Schlüssel aktualisiert und 7 geänderte Seiten erstellt.

TimeCreated      : 18.04.2019 19:13:30
ProviderName     : Microsoft-Windows-Kernel-General
Id               : 15
LevelDisplayName : Informationen
Message          : Die Struktur "\??\Volume{c33a22f7-e4a2-4e65-aa7b-aac8aae385d0}\System Volume 
                   Information\SPP\SppCbsHiveStore\{cd42efe1-f6f1-427c-b004-033192c625a4}{32826856-6318-4E53-BF59-BEFE9740FD8F}" wurde neu organisiert. Startgröße: 
                   13074432 Bytes. Endgröße: 13008896 Bytes.

TimeCreated      : 18.04.2019 19:13:26
ProviderName     : Microsoft-Windows-Kernel-General
Id               : 11
LevelDisplayName : Informationen
Message          : Die TxR-Initialisierungsphase für die Struktur \??\GLOBALROOT\Device\HarddiskVolumeShadowCopy6\Windows\System32\config\DRIVERS (TM: 
                   {9c3d09df-5fcf-11e9-939b-001a7dda7102}, RM: {9c3d09de-5fcf-11e9-939b-001a7dda7102}) wurde mit dem Ergebnis=0xC00000A2 (Interner Code=7) abgeschlossen.

TimeCreated      : 18.04.2019 19:13:26
ProviderName     : Microsoft-Windows-Kernel-General
Id               : 11
LevelDisplayName : Informationen
Message          : Die TxR-Initialisierungsphase für die Struktur \??\GLOBALROOT\Device\HarddiskVolumeShadowCopy6\Windows\System32\config\SYSTEM (TM: 
                   {9c3d09dc-5fcf-11e9-939b-001a7dda7102}, RM: {9c3d09db-5fcf-11e9-939b-001a7dda7102}) wurde mit dem Ergebnis=0xC00000A2 (Interner Code=7) abgeschlossen.

TimeCreated      : 18.04.2019 19:13:26
ProviderName     : Microsoft-Windows-Kernel-General
Id               : 15
LevelDisplayName : Informationen
Message          : Die Struktur "\??\GLOBALROOT\Device\HarddiskVolumeShadowCopy6\Windows\System32\config\SYSTEM" wurde neu organisiert. Startgröße: 13074432 Bytes. 
                   Endgröße: 13008896 Bytes.

TimeCreated      : 18.04.2019 17:43:02
ProviderName     : Microsoft-Windows-Kernel-General
Id               : 16
LevelDisplayName : Informationen
Message          : Der Zugriffsverlauf in der Struktur "\??\C:\ProgramData\Microsoft\Provisioning\Microsoft-Desktop-Provisioning-Sequence.dat" wurde gelöscht. Dabei 
                   wurden 0 Schlüssel aktualisiert und 0 geänderte Seiten erstellt.

TimeCreated      : 18.04.2019 17:34:43
ProviderName     : BTHUSB
Id               : 34
LevelDisplayName : Warnung
Message          : Der lokale Adapter bietet keine Unterstützung für einen wichtigen Low Energy-Controllerstatus zur Unterstützung des Peripheral-Modus. Die mindestens 
                   erforderliche unterstützte Statusmaske ist 0x2491f7fffff, vorhanden ist 0x1fffffff. Für die Peripheral-Rolle "Low Energy" ist keine Funktion 
                   verfügbar.

TimeCreated      : 18.04.2019 17:34:43
ProviderName     : BTHUSB
Id               : 18
LevelDisplayName : Informationen
Message          : Windows kann keine Bluetooth-Authentifizierungscodes (Verbindungsschlüssel) auf dem lokalen Adapter speichern. Bluetooth-Tastaturen funktionieren 
                   möglicherweise nicht im System-BIOS während des Systemstarts.

TimeCreated      : 18.04.2019 17:30:47
ProviderName     : Service Control Manager
Id               : 7040
LevelDisplayName : Informationen
Message          : Der Starttyp des Diensts "Intelligenter Hintergrundübertragungsdienst" wurde von Automatisch starten in Manuell starten geändert.

