TimeCreated      : 13.04.2019 18:31:29
ProviderName     : Microsoft-Windows-DistributedCOM
Id               : 10016
LevelDisplayName : Fehler
Message          : Durch die Berechtigungseinstellungen für "Anwendungsspezifisch" wird dem Benutzer "NIBIRU\admin" (SID: S-1-5-21-2863662748-938137181-2532542191-1000) 
                   unter der Adresse "LocalHost (unter Verwendung von LRPC)" keine Berechtigung vom Typ "Lokal Aktivierung" für die COM-Serveranwendung mit der CLSID 
                   {2593F8B9-4EAF-457C-B68A-50F6B8EA6B54}
                    und der APPID 
                   {15C20B67-12E7-4BB6-92BB-7AFF07997402}
                    im Anwendungscontainer "Nicht verfügbar" (SID: Nicht verfügbar) gewährt. Die Sicherheitsberechtigung kann mit dem Verwaltungstool für 
                   Komponentendienste geändert werden.

TimeCreated      : 13.04.2019 18:29:17
ProviderName     : Service Control Manager
Id               : 7040
LevelDisplayName : Informationen
Message          : Der Starttyp des Diensts "Windows Modules Installer" wurde von Automatisch starten in Manuell starten geändert.

TimeCreated      : 13.04.2019 18:28:40
ProviderName     : Microsoft-Windows-Kernel-General
Id               : 16
LevelDisplayName : Informationen
Message          : Der Zugriffsverlauf in der Struktur "\??\C:\Windows\System32\SMI\Store\Machine\SCHEMA.DAT" wurde gelöscht. Dabei wurden 15617 Schlüssel aktualisiert 
                   und 2676 geänderte Seiten erstellt.

TimeCreated      : 13.04.2019 18:28:13
ProviderName     : Service Control Manager
Id               : 7040
LevelDisplayName : Informationen
Message          : Der Starttyp des Diensts "Windows Modules Installer" wurde von Manuell starten in Automatisch starten geändert.

TimeCreated      : 13.04.2019 18:28:12
ProviderName     : Microsoft-Windows-Kernel-General
Id               : 16
LevelDisplayName : Informationen
Message          : Der Zugriffsverlauf in der Struktur "\??\C:\ProgramData\Microsoft\Provisioning\Microsoft-Desktop-Provisioning-Sequence.dat" wurde gelöscht. Dabei 
                   wurden 0 Schlüssel aktualisiert und 0 geänderte Seiten erstellt.

TimeCreated      : 13.04.2019 18:19:23
ProviderName     : Microsoft-Windows-Kernel-General
Id               : 16
LevelDisplayName : Informationen
Message          : Der Zugriffsverlauf in der Struktur "\??\C:\Users\admin\AppData\Local\Packages\AcrobatNotificationClient_e1rzdqpraam7r\Settings\settings.dat" wurde 
                   gelöscht. Dabei wurden 3 Schlüssel aktualisiert und 0 geänderte Seiten erstellt.

TimeCreated      : 13.04.2019 18:17:14
ProviderName     : Microsoft-Windows-DistributedCOM
Id               : 10016
LevelDisplayName : Fehler
Message          : Durch die Berechtigungseinstellungen für "Anwendungsspezifisch" wird dem Benutzer "NIBIRU\admin" (SID: S-1-5-21-2863662748-938137181-2532542191-1000) 
                   unter der Adresse "LocalHost (unter Verwendung von LRPC)" keine Berechtigung vom Typ "Lokal Aktivierung" für die COM-Serveranwendung mit der CLSID 
                   {2593F8B9-4EAF-457C-B68A-50F6B8EA6B54}
                    und der APPID 
                   {15C20B67-12E7-4BB6-92BB-7AFF07997402}
                    im Anwendungscontainer "Nicht verfügbar" (SID: Nicht verfügbar) gewährt. Die Sicherheitsberechtigung kann mit dem Verwaltungstool für 
                   Komponentendienste geändert werden.

TimeCreated      : 13.04.2019 18:16:49
ProviderName     : e1iexpress
Id               : 32
LevelDisplayName : Informationen
Message          : Intel(R) 82579V Gigabit Network Connection
                    Network link has been established at 1Gbps full duplex.
                   

TimeCreated      : 13.04.2019 18:16:49
ProviderName     : Microsoft-Windows-DistributedCOM
Id               : 10016
LevelDisplayName : Fehler
Message          : Durch die Berechtigungseinstellungen für "Anwendungsspezifisch" wird dem Benutzer "NT-AUTORITÄT\Lokaler Dienst" (SID: S-1-5-19) unter der Adresse 
                   "LocalHost (unter Verwendung von LRPC)" keine Berechtigung vom Typ "Lokal Aktivierung" für die COM-Serveranwendung mit der CLSID 
                   {6B3B8D23-FA8D-40B9-8DBD-B950333E2C52}
                    und der APPID 
                   {4839DDB7-58C2-48F5-8283-E1D1807D0D7D}
                    im Anwendungscontainer "Nicht verfügbar" (SID: Nicht verfügbar) gewährt. Die Sicherheitsberechtigung kann mit dem Verwaltungstool für 
                   Komponentendienste geändert werden.

TimeCreated      : 13.04.2019 18:16:49
ProviderName     : Microsoft-Windows-DistributedCOM
Id               : 10016
LevelDisplayName : Fehler
Message          : Durch die Berechtigungseinstellungen für "Anwendungsspezifisch" wird dem Benutzer "NT-AUTORITÄT\Lokaler Dienst" (SID: S-1-5-19) unter der Adresse 
                   "LocalHost (unter Verwendung von LRPC)" keine Berechtigung vom Typ "Lokal Aktivierung" für die COM-Serveranwendung mit der CLSID 
                   {6B3B8D23-FA8D-40B9-8DBD-B950333E2C52}
                    und der APPID 
                   {4839DDB7-58C2-48F5-8283-E1D1807D0D7D}
                    im Anwendungscontainer "Nicht verfügbar" (SID: Nicht verfügbar) gewährt. Die Sicherheitsberechtigung kann mit dem Verwaltungstool für 
                   Komponentendienste geändert werden.

TimeCreated      : 13.04.2019 18:16:48
ProviderName     : Microsoft-Windows-Power-Troubleshooter
Id               : 1
LevelDisplayName : Informationen
Message          : Das System wurde aus einem Standbymodus reaktiviert.
                   
                   Zeit im Energiesparmodus: ?2019?-?04?-?13T14:38:53.468927200Z
                   Reaktivierungszeit: ?2019?-?04?-?13T16:16:46.703452700Z
                   
                   Reaktivierungsquelle: Unbekannt

TimeCreated      : 13.04.2019 18:16:47
ProviderName     : Microsoft-Windows-Winlogon
Id               : 7001
LevelDisplayName : Informationen
Message          : Benutzeranmeldebenachrichtigung für Programm zur Verbesserung der Benutzerfreundlichkeit

TimeCreated      : 13.04.2019 18:16:47
ProviderName     : BTHUSB
Id               : 34
LevelDisplayName : Warnung
Message          : Der lokale Adapter bietet keine Unterstützung für einen wichtigen Low Energy-Controllerstatus zur Unterstützung des Peripheral-Modus. Die mindestens 
                   erforderliche unterstützte Statusmaske ist 0x2491f7fffff, vorhanden ist 0x1fffffff. Für die Peripheral-Rolle "Low Energy" ist keine Funktion 
                   verfügbar.

TimeCreated      : 13.04.2019 18:16:47
ProviderName     : BTHUSB
Id               : 18
LevelDisplayName : Informationen
Message          : Windows kann keine Bluetooth-Authentifizierungscodes (Verbindungsschlüssel) auf dem lokalen Adapter speichern. Bluetooth-Tastaturen funktionieren 
                   möglicherweise nicht im System-BIOS während des Systemstarts.

TimeCreated      : 13.04.2019 18:16:46
ProviderName     : Microsoft-Windows-Kernel-Boot
Id               : 27
LevelDisplayName : Informationen
Message          : Der Starttyp lautete "0x1".

TimeCreated      : 13.04.2019 18:16:46
ProviderName     : Microsoft-Windows-Kernel-Boot
Id               : 25
LevelDisplayName : Informationen
Message          : Die Richtlinie für das Startmenü lautete "0x1".

TimeCreated      : 13.04.2019 18:16:46
ProviderName     : Microsoft-Windows-Kernel-Boot
Id               : 32
LevelDisplayName : Informationen
Message          : Vom Start-Manager wurde 0 ms auf eine Benutzereingabe gewartet.

TimeCreated      : 13.04.2019 18:16:46
ProviderName     : Microsoft-Windows-Kernel-Boot
Id               : 18
LevelDisplayName : Informationen
Message          : In diesem System sind 0x1 Startoptionen vorhanden.

TimeCreated      : 13.04.2019 18:16:46
ProviderName     : e1iexpress
Id               : 27
LevelDisplayName : Warnung
Message          : Intel(R) 82579V Gigabit Network Connection
                    Network link is disconnected.
                   

TimeCreated      : 13.04.2019 18:16:45
ProviderName     : Microsoft-Windows-Kernel-General
Id               : 1
LevelDisplayName : Informationen
Message          : Die Systemzeit wurde von ?2019?-?04?-?13T14:38:55.448258200Z in ?2019?-?04?-?13T16:16:45.500000000Z geändert.
                   
                   Änderungsgrund: System time synchronized with the hardware clock.
                   Prozess: '' (PID 4).

TimeCreated      : 13.04.2019 16:38:55
ProviderName     : Microsoft-Windows-Kernel-Power
Id               : 107
LevelDisplayName : Informationen
Message          : Das System wurde aus dem Energiesparmodus reaktiviert.

TimeCreated      : 13.04.2019 16:38:54
ProviderName     : Microsoft-Windows-Kernel-Power
Id               : 42
LevelDisplayName : Informationen
Message          : Das System wird in den Standbymodus versetzt.
                   
                   Ursache: Application API

TimeCreated      : 13.04.2019 16:38:53
ProviderName     : Microsoft-Windows-Kernel-Power
Id               : 187
LevelDisplayName : Informationen
Message          : Von einem Prozess im Benutzermodus wurde versucht, den Systemstatus durch den Aufruf der SetSuspendState- oder SetSystemPowerState-API zu ändern.

TimeCreated      : 13.04.2019 16:38:51
ProviderName     : Microsoft-Windows-Winlogon
Id               : 7002
LevelDisplayName : Informationen
Message          : Benutzerabmeldebenachrichtigung für Programm zur Verbesserung der Benutzerfreundlichkeit

TimeCreated      : 13.04.2019 14:50:45
ProviderName     : Microsoft-Windows-Ntfs
Id               : 98
LevelDisplayName : Informationen
Message          : Volume "??" (\Device\HarddiskVolumeShadowCopy4) ist fehlerfrei. Es ist keine Aktion erforderlich.

TimeCreated      : 13.04.2019 14:39:51
ProviderName     : Microsoft-Windows-DistributedCOM
Id               : 10016
LevelDisplayName : Fehler
Message          : Durch die Berechtigungseinstellungen für "Anwendungsspezifisch" wird dem Benutzer "NIBIRU\admin" (SID: S-1-5-21-2863662748-938137181-2532542191-1000) 
                   unter der Adresse "LocalHost (unter Verwendung von LRPC)" keine Berechtigung vom Typ "Lokal Aktivierung" für die COM-Serveranwendung mit der CLSID 
                   {2593F8B9-4EAF-457C-B68A-50F6B8EA6B54}
                    und der APPID 
                   {15C20B67-12E7-4BB6-92BB-7AFF07997402}
                    im Anwendungscontainer "Nicht verfügbar" (SID: Nicht verfügbar) gewährt. Die Sicherheitsberechtigung kann mit dem Verwaltungstool für 
                   Komponentendienste geändert werden.

TimeCreated      : 13.04.2019 14:01:10
ProviderName     : Microsoft-Windows-Kernel-General
Id               : 16
LevelDisplayName : Informationen
Message          : Der Zugriffsverlauf in der Struktur "\??\C:\Users\admin\AppData\Local\Packages\windows.printdialog_cw5n1h2txyewy\Settings\settings.dat" wurde 
                   gelöscht. Dabei wurden 2 Schlüssel aktualisiert und 1 geänderte Seiten erstellt.

TimeCreated      : 13.04.2019 14:01:10
ProviderName     : Microsoft-Windows-Kernel-General
Id               : 16
LevelDisplayName : Informationen
Message          : Der Zugriffsverlauf in der Struktur "\??\C:\Users\admin\AppData\Local\Packages\windows.immersivecontrolpanel_cw5n1h2txyewy\Settings\settings.dat" 
                   wurde gelöscht. Dabei wurden 2 Schlüssel aktualisiert und 1 geänderte Seiten erstellt.

TimeCreated      : 13.04.2019 14:01:10
ProviderName     : Microsoft-Windows-Kernel-General
Id               : 16
LevelDisplayName : Informationen
Message          : Der Zugriffsverlauf in der Struktur "\??\C:\Users\admin\AppData\Local\Packages\windows.cbspreview_cw5n1h2txyewy\Settings\settings.dat" wurde 
                   gelöscht. Dabei wurden 2 Schlüssel aktualisiert und 1 geänderte Seiten erstellt.

TimeCreated      : 13.04.2019 14:01:10
ProviderName     : Microsoft-Windows-Kernel-General
Id               : 16
LevelDisplayName : Informationen
Message          : Der Zugriffsverlauf in der Struktur "\??\C:\Users\admin\AppData\Local\Packages\microsoft.xboxgamecallableui_cw5n1h2txyewy\Settings\settings.dat" 
                   wurde gelöscht. Dabei wurden 2 Schlüssel aktualisiert und 1 geänderte Seiten erstellt.

TimeCreated      : 13.04.2019 14:01:10
ProviderName     : Microsoft-Windows-Kernel-General
Id               : 16
LevelDisplayName : Informationen
Message          : Der Zugriffsverlauf in der Struktur "\??\C:\Users\admin\AppData\Local\Packages\microsoft.windowscalculator_8wekyb3d8bbwe\Settings\settings.dat" wurde 
                   gelöscht. Dabei wurden 4 Schlüssel aktualisiert und 1 geänderte Seiten erstellt.

TimeCreated      : 13.04.2019 14:01:10
ProviderName     : Microsoft-Windows-Kernel-General
Id               : 16
LevelDisplayName : Informationen
Message          : Der Zugriffsverlauf in der Struktur "\??\C:\Users\admin\AppData\Local\Packages\microsoft.windows.xgpuejectdialog_cw5n1h2txyewy\Settings\settings.dat" 
                   wurde gelöscht. Dabei wurden 2 Schlüssel aktualisiert und 1 geänderte Seiten erstellt.

TimeCreated      : 13.04.2019 14:01:10
ProviderName     : Microsoft-Windows-Kernel-General
Id               : 16
LevelDisplayName : Informationen
Message          : Der Zugriffsverlauf in der Struktur 
                   "\??\C:\Users\admin\AppData\Local\Packages\microsoft.windows.secureassessmentbrowser_cw5n1h2txyewy\Settings\settings.dat" wurde gelöscht. Dabei 
                   wurden 2 Schlüssel aktualisiert und 1 geänderte Seiten erstellt.

TimeCreated      : 13.04.2019 14:01:10
ProviderName     : Microsoft-Windows-Kernel-General
Id               : 16
LevelDisplayName : Informationen
Message          : Der Zugriffsverlauf in der Struktur "\??\C:\Users\admin\AppData\Local\Packages\microsoft.windows.sechealthui_cw5n1h2txyewy\Settings\settings.dat" 
                   wurde gelöscht. Dabei wurden 2 Schlüssel aktualisiert und 1 geänderte Seiten erstellt.

TimeCreated      : 13.04.2019 14:01:10
ProviderName     : Microsoft-Windows-Kernel-General
Id               : 16
LevelDisplayName : Informationen
Message          : Der Zugriffsverlauf in der Struktur 
                   "\??\C:\Users\admin\AppData\Local\Packages\microsoft.windows.pinningconfirmationdialog_cw5n1h2txyewy\Settings\settings.dat" wurde gelöscht. Dabei 
                   wurden 2 Schlüssel aktualisiert und 1 geänderte Seiten erstellt.

TimeCreated      : 13.04.2019 14:01:10
ProviderName     : Microsoft-Windows-Kernel-General
Id               : 16
LevelDisplayName : Informationen
Message          : Der Zugriffsverlauf in der Struktur 
                   "\??\C:\Users\admin\AppData\Local\Packages\microsoft.windows.peopleexperiencehost_cw5n1h2txyewy\Settings\settings.dat" wurde gelöscht. Dabei wurden 2 
                   Schlüssel aktualisiert und 1 geänderte Seiten erstellt.

TimeCreated      : 13.04.2019 14:01:10
ProviderName     : Microsoft-Windows-Kernel-General
Id               : 16
LevelDisplayName : Informationen
Message          : Der Zugriffsverlauf in der Struktur 
                   "\??\C:\Users\admin\AppData\Local\Packages\microsoft.windows.parentalcontrols_cw5n1h2txyewy\Settings\settings.dat" wurde gelöscht. Dabei wurden 2 
                   Schlüssel aktualisiert und 1 geänderte Seiten erstellt.

TimeCreated      : 13.04.2019 14:01:10
ProviderName     : Microsoft-Windows-Kernel-General
Id               : 16
LevelDisplayName : Informationen
Message          : Der Zugriffsverlauf in der Struktur 
                   "\??\C:\Users\admin\AppData\Local\Packages\microsoft.windows.oobenetworkconnectionflow_cw5n1h2txyewy\Settings\settings.dat" wurde gelöscht. Dabei 
                   wurden 2 Schlüssel aktualisiert und 1 geänderte Seiten erstellt.

TimeCreated      : 13.04.2019 14:01:10
ProviderName     : Microsoft-Windows-Kernel-General
Id               : 16
LevelDisplayName : Informationen
Message          : Der Zugriffsverlauf in der Struktur 
                   "\??\C:\Users\admin\AppData\Local\Packages\microsoft.windows.oobenetworkcaptiveportal_cw5n1h2txyewy\Settings\settings.dat" wurde gelöscht. Dabei 
                   wurden 2 Schlüssel aktualisiert und 1 geänderte Seiten erstellt.

TimeCreated      : 13.04.2019 14:01:10
ProviderName     : Microsoft-Windows-Kernel-General
Id               : 16
LevelDisplayName : Informationen
Message          : Der Zugriffsverlauf in der Struktur 
                   "\??\C:\Users\admin\AppData\Local\Packages\microsoft.windows.narratorquickstart_8wekyb3d8bbwe\Settings\settings.dat" wurde gelöscht. Dabei wurden 2 
                   Schlüssel aktualisiert und 1 geänderte Seiten erstellt.

TimeCreated      : 13.04.2019 14:01:09
ProviderName     : Microsoft-Windows-Kernel-General
Id               : 16
LevelDisplayName : Informationen
Message          : Der Zugriffsverlauf in der Struktur 
                   "\??\C:\Users\admin\AppData\Local\Packages\microsoft.windows.cloudexperiencehost_cw5n1h2txyewy\Settings\settings.dat" wurde gelöscht. Dabei wurden 2 
                   Schlüssel aktualisiert und 1 geänderte Seiten erstellt.

TimeCreated      : 13.04.2019 14:01:09
ProviderName     : Microsoft-Windows-Kernel-General
Id               : 16
LevelDisplayName : Informationen
Message          : Der Zugriffsverlauf in der Struktur "\??\C:\Users\admin\AppData\Local\Packages\microsoft.windows.capturepicker_cw5n1h2txyewy\Settings\settings.dat" 
                   wurde gelöscht. Dabei wurden 2 Schlüssel aktualisiert und 1 geänderte Seiten erstellt.

TimeCreated      : 13.04.2019 14:01:09
ProviderName     : Microsoft-Windows-Kernel-General
Id               : 16
LevelDisplayName : Informationen
Message          : Der Zugriffsverlauf in der Struktur 
                   "\??\C:\Users\admin\AppData\Local\Packages\microsoft.windows.assignedaccesslockapp_cw5n1h2txyewy\Settings\settings.dat" wurde gelöscht. Dabei wurden 
                   2 Schlüssel aktualisiert und 1 geänderte Seiten erstellt.

TimeCreated      : 13.04.2019 14:01:09
ProviderName     : Microsoft-Windows-Kernel-General
Id               : 16
LevelDisplayName : Informationen
Message          : Der Zugriffsverlauf in der Struktur "\??\C:\Users\admin\AppData\Local\Packages\microsoft.windows.apprep.chxapp_cw5n1h2txyewy\Settings\settings.dat" 
                   wurde gelöscht. Dabei wurden 2 Schlüssel aktualisiert und 1 geänderte Seiten erstellt.

TimeCreated      : 13.04.2019 14:01:09
ProviderName     : Microsoft-Windows-Kernel-General
Id               : 16
LevelDisplayName : Informationen
Message          : Der Zugriffsverlauf in der Struktur "\??\C:\Users\admin\AppData\Local\Packages\microsoft.win32webviewhost_cw5n1h2txyewy\Settings\settings.dat" wurde 
                   gelöscht. Dabei wurden 2 Schlüssel aktualisiert und 1 geänderte Seiten erstellt.

TimeCreated      : 13.04.2019 14:01:09
ProviderName     : Microsoft-Windows-Kernel-General
Id               : 16
LevelDisplayName : Informationen
Message          : Der Zugriffsverlauf in der Struktur "\??\C:\Users\admin\AppData\Local\Packages\microsoft.screensketch_8wekyb3d8bbwe\Settings\settings.dat" wurde 
                   gelöscht. Dabei wurden 2 Schlüssel aktualisiert und 1 geänderte Seiten erstellt.

TimeCreated      : 13.04.2019 14:01:09
ProviderName     : Microsoft-Windows-Kernel-General
Id               : 16
LevelDisplayName : Informationen
Message          : Der Zugriffsverlauf in der Struktur "\??\C:\Users\admin\AppData\Local\Packages\microsoft.ppiprojection_cw5n1h2txyewy\Settings\settings.dat" wurde 
                   gelöscht. Dabei wurden 2 Schlüssel aktualisiert und 1 geänderte Seiten erstellt.

TimeCreated      : 13.04.2019 14:01:09
ProviderName     : Microsoft-Windows-Kernel-General
Id               : 16
LevelDisplayName : Informationen
Message          : Der Zugriffsverlauf in der Struktur "\??\C:\Users\admin\AppData\Local\Packages\microsoft.mspaint_8wekyb3d8bbwe\Settings\settings.dat" wurde gelöscht. 
                   Dabei wurden 2 Schlüssel aktualisiert und 1 geänderte Seiten erstellt.

TimeCreated      : 13.04.2019 14:01:09
ProviderName     : Microsoft-Windows-Kernel-General
Id               : 16
LevelDisplayName : Informationen
Message          : Der Zugriffsverlauf in der Struktur "\??\C:\Users\admin\AppData\Local\Packages\microsoft.microsoftstickynotes_8wekyb3d8bbwe\Settings\settings.dat" 
                   wurde gelöscht. Dabei wurden 2 Schlüssel aktualisiert und 1 geänderte Seiten erstellt.

TimeCreated      : 13.04.2019 14:01:09
ProviderName     : Microsoft-Windows-Kernel-General
Id               : 16
LevelDisplayName : Informationen
Message          : Der Zugriffsverlauf in der Struktur "\??\C:\Users\admin\AppData\Local\Packages\microsoft.microsoftedge_8wekyb3d8bbwe\Settings\settings.dat" wurde 
                   gelöscht. Dabei wurden 5 Schlüssel aktualisiert und 1 geänderte Seiten erstellt.

TimeCreated      : 13.04.2019 14:01:09
ProviderName     : Microsoft-Windows-Kernel-General
Id               : 16
LevelDisplayName : Informationen
Message          : Der Zugriffsverlauf in der Struktur 
                   "\??\C:\Users\admin\AppData\Local\Packages\microsoft.microsoftedgedevtoolsclient_8wekyb3d8bbwe\Settings\settings.dat" wurde gelöscht. Dabei wurden 2 
                   Schlüssel aktualisiert und 1 geänderte Seiten erstellt.

TimeCreated      : 13.04.2019 14:01:09
ProviderName     : Microsoft-Windows-Kernel-General
Id               : 16
LevelDisplayName : Informationen
Message          : Der Zugriffsverlauf in der Struktur 
                   "\??\C:\Users\admin\AppData\Local\Packages\microsoft.languageexperiencepackde-de_8wekyb3d8bbwe\Settings\settings.dat" wurde gelöscht. Dabei wurden 2 
                   Schlüssel aktualisiert und 1 geänderte Seiten erstellt.

TimeCreated      : 13.04.2019 14:01:09
ProviderName     : Microsoft-Windows-Kernel-General
Id               : 16
LevelDisplayName : Informationen
Message          : Der Zugriffsverlauf in der Struktur "\??\C:\Users\admin\AppData\Local\Packages\microsoft.gethelp_8wekyb3d8bbwe\Settings\settings.dat" wurde gelöscht. 
                   Dabei wurden 2 Schlüssel aktualisiert und 1 geänderte Seiten erstellt.

TimeCreated      : 13.04.2019 14:01:09
ProviderName     : Microsoft-Windows-Kernel-General
Id               : 16
LevelDisplayName : Informationen
Message          : Der Zugriffsverlauf in der Struktur "\??\C:\Users\admin\AppData\Local\Packages\microsoft.ecapp_8wekyb3d8bbwe\Settings\settings.dat" wurde gelöscht. 
                   Dabei wurden 2 Schlüssel aktualisiert und 1 geänderte Seiten erstellt.

TimeCreated      : 13.04.2019 14:01:09
ProviderName     : Microsoft-Windows-Kernel-General
Id               : 16
LevelDisplayName : Informationen
Message          : Der Zugriffsverlauf in der Struktur "\??\C:\Users\admin\AppData\Local\Packages\microsoft.desktopappinstaller_8wekyb3d8bbwe\Settings\settings.dat" 
                   wurde gelöscht. Dabei wurden 2 Schlüssel aktualisiert und 1 geänderte Seiten erstellt.

TimeCreated      : 13.04.2019 14:01:09
ProviderName     : Microsoft-Windows-Kernel-General
Id               : 16
LevelDisplayName : Informationen
Message          : Der Zugriffsverlauf in der Struktur "\??\C:\Users\admin\AppData\Local\Packages\microsoft.creddialoghost_cw5n1h2txyewy\Settings\settings.dat" wurde 
                   gelöscht. Dabei wurden 2 Schlüssel aktualisiert und 1 geänderte Seiten erstellt.

TimeCreated      : 13.04.2019 14:01:09
ProviderName     : Microsoft-Windows-Kernel-General
Id               : 16
LevelDisplayName : Informationen
Message          : Der Zugriffsverlauf in der Struktur "\??\C:\Users\admin\AppData\Local\Packages\microsoft.bioenrollment_cw5n1h2txyewy\Settings\settings.dat" wurde 
                   gelöscht. Dabei wurden 2 Schlüssel aktualisiert und 1 geänderte Seiten erstellt.

TimeCreated      : 13.04.2019 14:01:09
ProviderName     : Microsoft-Windows-Kernel-General
Id               : 16
LevelDisplayName : Informationen
Message          : Der Zugriffsverlauf in der Struktur "\??\C:\Users\admin\AppData\Local\Packages\microsoft.asynctextservice_8wekyb3d8bbwe\Settings\settings.dat" wurde 
                   gelöscht. Dabei wurden 2 Schlüssel aktualisiert und 1 geänderte Seiten erstellt.

TimeCreated      : 13.04.2019 14:01:09
ProviderName     : Microsoft-Windows-Kernel-General
Id               : 16
LevelDisplayName : Informationen
Message          : Der Zugriffsverlauf in der Struktur "\??\C:\Users\admin\AppData\Local\Packages\microsoft.accountscontrol_cw5n1h2txyewy\Settings\settings.dat" wurde 
                   gelöscht. Dabei wurden 2 Schlüssel aktualisiert und 1 geänderte Seiten erstellt.

TimeCreated      : 13.04.2019 14:01:09
ProviderName     : Microsoft-Windows-Kernel-General
Id               : 16
LevelDisplayName : Informationen
Message          : Der Zugriffsverlauf in der Struktur 
                   "\??\C:\Users\admin\AppData\Local\Packages\f46d4000-fd22-4db4-ac8e-4e1ddde828fe_cw5n1h2txyewy\Settings\settings.dat" wurde gelöscht. Dabei wurden 2 
                   Schlüssel aktualisiert und 1 geänderte Seiten erstellt.

TimeCreated      : 13.04.2019 14:01:09
ProviderName     : Microsoft-Windows-Kernel-General
Id               : 16
LevelDisplayName : Informationen
Message          : Der Zugriffsverlauf in der Struktur 
                   "\??\C:\Users\admin\AppData\Local\Packages\e2a4f912-2574-4a75-9bb0-0d023378592b_cw5n1h2txyewy\Settings\settings.dat" wurde gelöscht. Dabei wurden 2 
                   Schlüssel aktualisiert und 1 geänderte Seiten erstellt.

TimeCreated      : 13.04.2019 14:01:09
ProviderName     : Microsoft-Windows-Kernel-General
Id               : 16
LevelDisplayName : Informationen
Message          : Der Zugriffsverlauf in der Struktur 
                   "\??\C:\Users\admin\AppData\Local\Packages\c5e2524a-ea46-4f67-841f-6a9465d9d515_cw5n1h2txyewy\Settings\settings.dat" wurde gelöscht. Dabei wurden 2 
                   Schlüssel aktualisiert und 1 geänderte Seiten erstellt.

TimeCreated      : 13.04.2019 14:01:09
ProviderName     : Microsoft-Windows-Kernel-General
Id               : 16
LevelDisplayName : Informationen
Message          : Der Zugriffsverlauf in der Struktur 
                   "\??\C:\Users\admin\AppData\Local\Packages\1527c705-839a-4832-9118-54d4bd6a0c89_cw5n1h2txyewy\Settings\settings.dat" wurde gelöscht. Dabei wurden 2 
                   Schlüssel aktualisiert und 1 geänderte Seiten erstellt.

TimeCreated      : 13.04.2019 14:01:06
ProviderName     : Microsoft-Windows-Kernel-General
Id               : 16
LevelDisplayName : Informationen
Message          : Der Zugriffsverlauf in der Struktur "\??\C:\ProgramData\Microsoft\Provisioning\Microsoft-Desktop-Provisioning-Sequence.dat" wurde gelöscht. Dabei 
                   wurden 0 Schlüssel aktualisiert und 0 geänderte Seiten erstellt.

TimeCreated      : 13.04.2019 12:57:15
ProviderName     : Service Control Manager
Id               : 7040
LevelDisplayName : Informationen
Message          : Der Starttyp des Diensts "Intelligenter Hintergrundübertragungsdienst" wurde von Automatisch starten in Manuell starten geändert.

TimeCreated      : 13.04.2019 12:54:50
ProviderName     : Service Control Manager
Id               : 7040
LevelDisplayName : Informationen
Message          : Der Starttyp des Diensts "Intelligenter Hintergrundübertragungsdienst" wurde von Manuell starten in Automatisch starten geändert.

TimeCreated      : 13.04.2019 12:48:51
ProviderName     : Microsoft-Windows-DistributedCOM
Id               : 10016
LevelDisplayName : Fehler
Message          : Durch die Berechtigungseinstellungen für "Anwendungsspezifisch" wird dem Benutzer "NIBIRU\admin" (SID: S-1-5-21-2863662748-938137181-2532542191-1000) 
                   unter der Adresse "LocalHost (unter Verwendung von LRPC)" keine Berechtigung vom Typ "Lokal Aktivierung" für die COM-Serveranwendung mit der CLSID 
                   {2593F8B9-4EAF-457C-B68A-50F6B8EA6B54}
                    und der APPID 
                   {15C20B67-12E7-4BB6-92BB-7AFF07997402}
                    im Anwendungscontainer "Nicht verfügbar" (SID: Nicht verfügbar) gewährt. Die Sicherheitsberechtigung kann mit dem Verwaltungstool für 
                   Komponentendienste geändert werden.

TimeCreated      : 13.04.2019 12:38:17
ProviderName     : Microsoft-Windows-DistributedCOM
Id               : 10016
LevelDisplayName : Fehler
Message          : Durch die Berechtigungseinstellungen für "Anwendungsspezifisch" wird dem Benutzer "NIBIRU\admin" (SID: S-1-5-21-2863662748-938137181-2532542191-1000) 
                   unter der Adresse "LocalHost (unter Verwendung von LRPC)" keine Berechtigung vom Typ "Lokal Aktivierung" für die COM-Serveranwendung mit der CLSID 
                   {2593F8B9-4EAF-457C-B68A-50F6B8EA6B54}
                    und der APPID 
                   {15C20B67-12E7-4BB6-92BB-7AFF07997402}
                    im Anwendungscontainer "Nicht verfügbar" (SID: Nicht verfügbar) gewährt. Die Sicherheitsberechtigung kann mit dem Verwaltungstool für 
                   Komponentendienste geändert werden.

TimeCreated      : 13.04.2019 12:37:54
ProviderName     : e1iexpress
Id               : 32
LevelDisplayName : Informationen
Message          : Intel(R) 82579V Gigabit Network Connection
                    Network link has been established at 1Gbps full duplex.
                   

TimeCreated      : 13.04.2019 12:37:53
ProviderName     : Microsoft-Windows-Power-Troubleshooter
Id               : 1
LevelDisplayName : Informationen
Message          : Das System wurde aus einem Standbymodus reaktiviert.
                   
                   Zeit im Energiesparmodus: ?2019?-?04?-?13T01:17:27.052817200Z
                   Reaktivierungszeit: ?2019?-?04?-?13T10:37:51.695021000Z
                   
                   Reaktivierungsquelle: Unbekannt

TimeCreated      : 13.04.2019 12:37:53
ProviderName     : Microsoft-Windows-DistributedCOM
Id               : 10016
LevelDisplayName : Fehler
Message          : Durch die Berechtigungseinstellungen für "Anwendungsspezifisch" wird dem Benutzer "NT-AUTORITÄT\Lokaler Dienst" (SID: S-1-5-19) unter der Adresse 
                   "LocalHost (unter Verwendung von LRPC)" keine Berechtigung vom Typ "Lokal Aktivierung" für die COM-Serveranwendung mit der CLSID 
                   {6B3B8D23-FA8D-40B9-8DBD-B950333E2C52}
                    und der APPID 
                   {4839DDB7-58C2-48F5-8283-E1D1807D0D7D}
                    im Anwendungscontainer "Nicht verfügbar" (SID: Nicht verfügbar) gewährt. Die Sicherheitsberechtigung kann mit dem Verwaltungstool für 
                   Komponentendienste geändert werden.

TimeCreated      : 13.04.2019 12:37:53
ProviderName     : Microsoft-Windows-DistributedCOM
Id               : 10016
LevelDisplayName : Fehler
Message          : Durch die Berechtigungseinstellungen für "Anwendungsspezifisch" wird dem Benutzer "NT-AUTORITÄT\Lokaler Dienst" (SID: S-1-5-19) unter der Adresse 
                   "LocalHost (unter Verwendung von LRPC)" keine Berechtigung vom Typ "Lokal Aktivierung" für die COM-Serveranwendung mit der CLSID 
                   {6B3B8D23-FA8D-40B9-8DBD-B950333E2C52}
                    und der APPID 
                   {4839DDB7-58C2-48F5-8283-E1D1807D0D7D}
                    im Anwendungscontainer "Nicht verfügbar" (SID: Nicht verfügbar) gewährt. Die Sicherheitsberechtigung kann mit dem Verwaltungstool für 
                   Komponentendienste geändert werden.

TimeCreated      : 13.04.2019 12:37:52
ProviderName     : Microsoft-Windows-Winlogon
Id               : 7001
LevelDisplayName : Informationen
Message          : Benutzeranmeldebenachrichtigung für Programm zur Verbesserung der Benutzerfreundlichkeit

TimeCreated      : 13.04.2019 12:37:52
ProviderName     : BTHUSB
Id               : 34
LevelDisplayName : Warnung
Message          : Der lokale Adapter bietet keine Unterstützung für einen wichtigen Low Energy-Controllerstatus zur Unterstützung des Peripheral-Modus. Die mindestens 
                   erforderliche unterstützte Statusmaske ist 0x2491f7fffff, vorhanden ist 0x1fffffff. Für die Peripheral-Rolle "Low Energy" ist keine Funktion 
                   verfügbar.

TimeCreated      : 13.04.2019 12:37:52
ProviderName     : BTHUSB
Id               : 18
LevelDisplayName : Informationen
Message          : Windows kann keine Bluetooth-Authentifizierungscodes (Verbindungsschlüssel) auf dem lokalen Adapter speichern. Bluetooth-Tastaturen funktionieren 
                   möglicherweise nicht im System-BIOS während des Systemstarts.

TimeCreated      : 13.04.2019 12:37:51
ProviderName     : Microsoft-Windows-Kernel-Boot
Id               : 27
LevelDisplayName : Informationen
Message          : Der Starttyp lautete "0x1".

TimeCreated      : 13.04.2019 12:37:51
ProviderName     : Microsoft-Windows-Kernel-Boot
Id               : 25
LevelDisplayName : Informationen
Message          : Die Richtlinie für das Startmenü lautete "0x1".

TimeCreated      : 13.04.2019 12:37:51
ProviderName     : Microsoft-Windows-Kernel-Boot
Id               : 32
LevelDisplayName : Informationen
Message          : Vom Start-Manager wurde 0 ms auf eine Benutzereingabe gewartet.

TimeCreated      : 13.04.2019 12:37:51
ProviderName     : Microsoft-Windows-Kernel-Boot
Id               : 18
LevelDisplayName : Informationen
Message          : In diesem System sind 0x1 Startoptionen vorhanden.

TimeCreated      : 13.04.2019 12:37:51
ProviderName     : e1iexpress
Id               : 27
LevelDisplayName : Warnung
Message          : Intel(R) 82579V Gigabit Network Connection
                    Network link is disconnected.
                   

TimeCreated      : 13.04.2019 12:37:50
ProviderName     : Microsoft-Windows-Kernel-General
Id               : 1
LevelDisplayName : Informationen
Message          : Die Systemzeit wurde von ?2019?-?04?-?13T01:17:30.209133200Z in ?2019?-?04?-?13T10:37:50.500000000Z geändert.
                   
                   Änderungsgrund: System time synchronized with the hardware clock.
                   Prozess: '' (PID 4).

TimeCreated      : 13.04.2019 03:17:30
ProviderName     : Microsoft-Windows-Kernel-Power
Id               : 107
LevelDisplayName : Informationen
Message          : Das System wurde aus dem Energiesparmodus reaktiviert.

TimeCreated      : 13.04.2019 12:37:50
ProviderName     : EventLog
Id               : 6013
LevelDisplayName : Informationen
Message          : Die aktive Systemzeit ist 47898 Sekunden.

TimeCreated      : 13.04.2019 03:17:27
ProviderName     : Microsoft-Windows-Kernel-Power
Id               : 42
LevelDisplayName : Informationen
Message          : Das System wird in den Standbymodus versetzt.
                   
                   Ursache: Application API

TimeCreated      : 13.04.2019 03:17:27
ProviderName     : Microsoft-Windows-Kernel-Power
Id               : 187
LevelDisplayName : Informationen
Message          : Von einem Prozess im Benutzermodus wurde versucht, den Systemstatus durch den Aufruf der SetSuspendState- oder SetSystemPowerState-API zu ändern.

TimeCreated      : 13.04.2019 03:17:26
ProviderName     : Microsoft-Windows-Winlogon
Id               : 7002
LevelDisplayName : Informationen
Message          : Benutzerabmeldebenachrichtigung für Programm zur Verbesserung der Benutzerfreundlichkeit

TimeCreated      : 13.04.2019 03:17:24
ProviderName     : User32
Id               : 1074
LevelDisplayName : Informationen
Message          : Vom Prozess "C:\Windows\Explorer.EXE (NIBIRU)" wurde auf Anforderung des Benutzers "NIBIRU\admin" das Ereignis "Ausschalten" für den Computer 
                   "NIBIRU" aus folgendem Grund initiiert: "Anderer Grund (nicht geplant)"
                    Ursachencode: "0x0"
                    Herunterfahrtyp: "Ausschalten"
                    Kommentar: ""

TimeCreated      : 12.04.2019 23:27:36
ProviderName     : Microsoft-Windows-Kernel-General
Id               : 16
LevelDisplayName : Informationen
Message          : Der Zugriffsverlauf in der Struktur "\??\C:\Users\admin\AppData\Local\Packages\Microsoft.AAD.BrokerPlugin_cw5n1h2txyewy\Settings\settings.dat" wurde 
                   gelöscht. Dabei wurden 6 Schlüssel aktualisiert und 1 geänderte Seiten erstellt.

TimeCreated      : 12.04.2019 23:27:35
ProviderName     : Microsoft-Windows-Kernel-General
Id               : 16
LevelDisplayName : Informationen
Message          : Der Zugriffsverlauf in der Struktur "\??\C:\Users\admin\AppData\Local\Packages\Microsoft.Office.OneNote_8wekyb3d8bbwe\Settings\settings.dat" wurde 
                   gelöscht. Dabei wurden 227 Schlüssel aktualisiert und 35 geänderte Seiten erstellt.

TimeCreated      : 12.04.2019 23:27:20
ProviderName     : Microsoft-Windows-DistributedCOM
Id               : 10016
LevelDisplayName : Fehler
Message          : Durch die Berechtigungseinstellungen für "Anwendungsspezifisch" wird dem Benutzer "NIBIRU\admin" (SID: S-1-5-21-2863662748-938137181-2532542191-1000) 
                   unter der Adresse "LocalHost (unter Verwendung von LRPC)" keine Berechtigung vom Typ "Lokal Aktivierung" für die COM-Serveranwendung mit der CLSID 
                   {2593F8B9-4EAF-457C-B68A-50F6B8EA6B54}
                    und der APPID 
                   {15C20B67-12E7-4BB6-92BB-7AFF07997402}
                    im Anwendungscontainer "Nicht verfügbar" (SID: Nicht verfügbar) gewährt. Die Sicherheitsberechtigung kann mit dem Verwaltungstool für 
                   Komponentendienste geändert werden.

TimeCreated      : 12.04.2019 23:24:42
ProviderName     : Microsoft-Windows-Kernel-General
Id               : 16
LevelDisplayName : Informationen
Message          : Der Zugriffsverlauf in der Struktur "\??\C:\Users\admin\AppData\Local\Packages\InputApp_cw5n1h2txyewy\Settings\settings.dat" wurde gelöscht. Dabei 
                   wurden 3 Schlüssel aktualisiert und 1 geänderte Seiten erstellt.

TimeCreated      : 12.04.2019 23:22:22
ProviderName     : Microsoft-Windows-DistributedCOM
Id               : 10016
LevelDisplayName : Fehler
Message          : Durch die Berechtigungseinstellungen für "Anwendungsspezifisch" wird dem Benutzer "NIBIRU\admin" (SID: S-1-5-21-2863662748-938137181-2532542191-1000) 
                   unter der Adresse "LocalHost (unter Verwendung von LRPC)" keine Berechtigung vom Typ "Lokal Aktivierung" für die COM-Serveranwendung mit der CLSID 
                   {2593F8B9-4EAF-457C-B68A-50F6B8EA6B54}
                    und der APPID 
                   {15C20B67-12E7-4BB6-92BB-7AFF07997402}
                    im Anwendungscontainer "Nicht verfügbar" (SID: Nicht verfügbar) gewährt. Die Sicherheitsberechtigung kann mit dem Verwaltungstool für 
                   Komponentendienste geändert werden.

TimeCreated      : 12.04.2019 23:22:22
ProviderName     : Microsoft-Windows-DistributedCOM
Id               : 10016
LevelDisplayName : Fehler
Message          : Durch die Berechtigungseinstellungen für "Anwendungsspezifisch" wird dem Benutzer "NIBIRU\admin" (SID: S-1-5-21-2863662748-938137181-2532542191-1000) 
                   unter der Adresse "LocalHost (unter Verwendung von LRPC)" keine Berechtigung vom Typ "Lokal Aktivierung" für die COM-Serveranwendung mit der CLSID 
                   {2593F8B9-4EAF-457C-B68A-50F6B8EA6B54}
                    und der APPID 
                   {15C20B67-12E7-4BB6-92BB-7AFF07997402}
                    im Anwendungscontainer "Nicht verfügbar" (SID: Nicht verfügbar) gewährt. Die Sicherheitsberechtigung kann mit dem Verwaltungstool für 
                   Komponentendienste geändert werden.

TimeCreated      : 12.04.2019 23:22:22
ProviderName     : Microsoft-Windows-DistributedCOM
Id               : 10016
LevelDisplayName : Fehler
Message          : Durch die Berechtigungseinstellungen für "Anwendungsspezifisch" wird dem Benutzer "NIBIRU\admin" (SID: S-1-5-21-2863662748-938137181-2532542191-1000) 
                   unter der Adresse "LocalHost (unter Verwendung von LRPC)" keine Berechtigung vom Typ "Lokal Aktivierung" für die COM-Serveranwendung mit der CLSID 
                   {2593F8B9-4EAF-457C-B68A-50F6B8EA6B54}
                    und der APPID 
                   {15C20B67-12E7-4BB6-92BB-7AFF07997402}
                    im Anwendungscontainer "Nicht verfügbar" (SID: Nicht verfügbar) gewährt. Die Sicherheitsberechtigung kann mit dem Verwaltungstool für 
                   Komponentendienste geändert werden.

TimeCreated      : 12.04.2019 23:21:54
ProviderName     : Service Control Manager
Id               : 7040
LevelDisplayName : Informationen
Message          : Der Starttyp des Diensts "Intelligenter Hintergrundübertragungsdienst" wurde von Automatisch starten in Manuell starten geändert.

TimeCreated      : 12.04.2019 23:21:44
ProviderName     : Microsoft-Windows-DistributedCOM
Id               : 10016
LevelDisplayName : Fehler
Message          : Durch die Berechtigungseinstellungen für "Anwendungsspezifisch" wird dem Benutzer "NT-AUTORITÄT\SYSTEM" (SID: S-1-5-18) unter der Adresse "LocalHost 
                   (unter Verwendung von LRPC)" keine Berechtigung vom Typ "Lokal Start" für die COM-Serveranwendung mit der CLSID 
                   Windows.SecurityCenter.WscDataProtection
                    und der APPID 
                   Nicht verfügbar
                    im Anwendungscontainer "Nicht verfügbar" (SID: Nicht verfügbar) gewährt. Die Sicherheitsberechtigung kann mit dem Verwaltungstool für 
                   Komponentendienste geändert werden.

TimeCreated      : 12.04.2019 23:21:44
ProviderName     : Microsoft-Windows-DistributedCOM
Id               : 10016
LevelDisplayName : Fehler
Message          : Durch die Berechtigungseinstellungen für "Anwendungsspezifisch" wird dem Benutzer "NT-AUTORITÄT\SYSTEM" (SID: S-1-5-18) unter der Adresse "LocalHost 
                   (unter Verwendung von LRPC)" keine Berechtigung vom Typ "Lokal Start" für die COM-Serveranwendung mit der CLSID 
                   Windows.SecurityCenter.WscBrokerManager
                    und der APPID 
                   Nicht verfügbar
                    im Anwendungscontainer "Nicht verfügbar" (SID: Nicht verfügbar) gewährt. Die Sicherheitsberechtigung kann mit dem Verwaltungstool für 
                   Komponentendienste geändert werden.

TimeCreated      : 12.04.2019 23:21:44
ProviderName     : Microsoft-Windows-DistributedCOM
Id               : 10016
LevelDisplayName : Fehler
Message          : Durch die Berechtigungseinstellungen für "Anwendungsspezifisch" wird dem Benutzer "NT-AUTORITÄT\SYSTEM" (SID: S-1-5-18) unter der Adresse "LocalHost 
                   (unter Verwendung von LRPC)" keine Berechtigung vom Typ "Lokal Start" für die COM-Serveranwendung mit der CLSID 
                   Windows.SecurityCenter.SecurityAppBroker
                    und der APPID 
                   Nicht verfügbar
                    im Anwendungscontainer "Nicht verfügbar" (SID: Nicht verfügbar) gewährt. Die Sicherheitsberechtigung kann mit dem Verwaltungstool für 
                   Komponentendienste geändert werden.

TimeCreated      : 12.04.2019 23:21:14
ProviderName     : Microsoft-Windows-Kernel-General
Id               : 16
LevelDisplayName : Informationen
Message          : Der Zugriffsverlauf in der Struktur "\??\C:\Users\admin\AppData\Local\Packages\Microsoft.Windows.Photos_8wekyb3d8bbwe\Settings\settings.dat" wurde 
                   gelöscht. Dabei wurden 34 Schlüssel aktualisiert und 9 geänderte Seiten erstellt.

TimeCreated      : 12.04.2019 23:20:15
ProviderName     : Microsoft-Windows-DistributedCOM
Id               : 10016
LevelDisplayName : Fehler
Message          : Durch die Berechtigungseinstellungen für "Anwendungsspezifisch" wird dem Benutzer "NIBIRU\admin" (SID: S-1-5-21-2863662748-938137181-2532542191-1000) 
                   unter der Adresse "LocalHost (unter Verwendung von LRPC)" keine Berechtigung vom Typ "Lokal Start" für die COM-Serveranwendung mit der CLSID 
                   Windows.SecurityCenter.WscCloudBackupProvider
                    und der APPID 
                   Nicht verfügbar
                    im Anwendungscontainer "Nicht verfügbar" (SID: Nicht verfügbar) gewährt. Die Sicherheitsberechtigung kann mit dem Verwaltungstool für 
                   Komponentendienste geändert werden.

TimeCreated      : 12.04.2019 23:20:14
ProviderName     : Microsoft-Windows-DistributedCOM
Id               : 10016
LevelDisplayName : Fehler
Message          : Durch die Berechtigungseinstellungen für "Anwendungsspezifisch" wird dem Benutzer "NIBIRU\admin" (SID: S-1-5-21-2863662748-938137181-2532542191-1000) 
                   unter der Adresse "LocalHost (unter Verwendung von LRPC)" keine Berechtigung vom Typ "Lokal Start" für die COM-Serveranwendung mit der CLSID 
                   Windows.SecurityCenter.WscCloudBackupProvider
                    und der APPID 
                   Nicht verfügbar
                    im Anwendungscontainer "Nicht verfügbar" (SID: Nicht verfügbar) gewährt. Die Sicherheitsberechtigung kann mit dem Verwaltungstool für 
                   Komponentendienste geändert werden.

TimeCreated      : 12.04.2019 23:20:14
ProviderName     : Microsoft-Windows-DistributedCOM
Id               : 10016
LevelDisplayName : Fehler
Message          : Durch die Berechtigungseinstellungen für "Anwendungsspezifisch" wird dem Benutzer "NIBIRU\admin" (SID: S-1-5-21-2863662748-938137181-2532542191-1000) 
                   unter der Adresse "LocalHost (unter Verwendung von LRPC)" keine Berechtigung vom Typ "Lokal Start" für die COM-Serveranwendung mit der CLSID 
                   Windows.SecurityCenter.WscCloudBackupProvider
                    und der APPID 
                   Nicht verfügbar
                    im Anwendungscontainer "Nicht verfügbar" (SID: Nicht verfügbar) gewährt. Die Sicherheitsberechtigung kann mit dem Verwaltungstool für 
                   Komponentendienste geändert werden.

TimeCreated      : 12.04.2019 23:20:13
ProviderName     : Microsoft-Windows-DistributedCOM
Id               : 10016
LevelDisplayName : Fehler
Message          : Durch die Berechtigungseinstellungen für "Anwendungsspezifisch" wird dem Benutzer "NIBIRU\admin" (SID: S-1-5-21-2863662748-938137181-2532542191-1000) 
                   unter der Adresse "LocalHost (unter Verwendung von LRPC)" keine Berechtigung vom Typ "Lokal Start" für die COM-Serveranwendung mit der CLSID 
                   Windows.SecurityCenter.WscCloudBackupProvider
                    und der APPID 
                   Nicht verfügbar
                    im Anwendungscontainer "Nicht verfügbar" (SID: Nicht verfügbar) gewährt. Die Sicherheitsberechtigung kann mit dem Verwaltungstool für 
                   Komponentendienste geändert werden.

TimeCreated      : 12.04.2019 23:20:09
ProviderName     : Microsoft-Windows-DistributedCOM
Id               : 10016
LevelDisplayName : Fehler
Message          : Durch die Berechtigungseinstellungen für "Anwendungsspezifisch" wird dem Benutzer "NIBIRU\admin" (SID: S-1-5-21-2863662748-938137181-2532542191-1000) 
                   unter der Adresse "LocalHost (unter Verwendung von LRPC)" keine Berechtigung vom Typ "Lokal Aktivierung" für die COM-Serveranwendung mit der CLSID 
                   {2593F8B9-4EAF-457C-B68A-50F6B8EA6B54}
                    und der APPID 
                   {15C20B67-12E7-4BB6-92BB-7AFF07997402}
                    im Anwendungscontainer "Nicht verfügbar" (SID: Nicht verfügbar) gewährt. Die Sicherheitsberechtigung kann mit dem Verwaltungstool für 
                   Komponentendienste geändert werden.

TimeCreated      : 12.04.2019 23:19:59
ProviderName     : Microsoft-Windows-FilterManager
Id               : 6
LevelDisplayName : Informationen
Message          : Der Dateisystemfilter "wcnfs" (10.0, ?2006?-?11?-?24T09:13:01.000000000Z) wurde erfolgreich geladen und im Filter-Manager registriert.

TimeCreated      : 12.04.2019 23:19:51
ProviderName     : Service Control Manager
Id               : 7040
LevelDisplayName : Informationen
Message          : Der Starttyp des Diensts "Intelligenter Hintergrundübertragungsdienst" wurde von Manuell starten in Automatisch starten geändert.

TimeCreated      : 12.04.2019 23:19:50
ProviderName     : Microsoft-Windows-Kernel-General
Id               : 16
LevelDisplayName : Informationen
Message          : Der Zugriffsverlauf in der Struktur "\??\C:\Users\admin\AppData\Local\Packages\Microsoft.LockApp_cw5n1h2txyewy\Settings\settings.dat" wurde gelöscht. 
                   Dabei wurden 4 Schlüssel aktualisiert und 1 geänderte Seiten erstellt.

TimeCreated      : 12.04.2019 23:19:49
ProviderName     : Microsoft-Windows-Kernel-General
Id               : 16
LevelDisplayName : Informationen
Message          : Der Zugriffsverlauf in der Struktur "\??\C:\Windows\System32\config\COMPONENTS" wurde gelöscht. Dabei wurden 115694 Schlüssel aktualisiert und 9220 
                   geänderte Seiten erstellt.

