TimeCreated      : 12.04.2019 23:19:47
ProviderName     : Microsoft-Windows-Kernel-General
Id               : 16
LevelDisplayName : Informationen
Message          : Der Zugriffsverlauf in der Struktur "\??\C:\Users\admin\AppData\Local\Packages\Microsoft.Windows.Cortana_cw5n1h2txyewy\Settings\settings.dat" wurde 
                   gelöscht. Dabei wurden 48 Schlüssel aktualisiert und 12 geänderte Seiten erstellt.

TimeCreated      : 12.04.2019 23:19:47
ProviderName     : Microsoft-Windows-Kernel-General
Id               : 16
LevelDisplayName : Informationen
Message          : Der Zugriffsverlauf in der Struktur 
                   "\??\C:\Users\admin\AppData\Local\Packages\Microsoft.Windows.ShellExperienceHost_cw5n1h2txyewy\Settings\settings.dat" wurde gelöscht. Dabei wurden 5 
                   Schlüssel aktualisiert und 1 geänderte Seiten erstellt.

TimeCreated      : 12.04.2019 23:19:44
ProviderName     : Microsoft-Windows-DistributedCOM
Id               : 10016
LevelDisplayName : Fehler
Message          : Durch die Berechtigungseinstellungen für "Anwendungsspezifisch" wird dem Benutzer "NT-AUTORITÄT\Lokaler Dienst" (SID: S-1-5-19) unter der Adresse 
                   "LocalHost (unter Verwendung von LRPC)" keine Berechtigung vom Typ "Lokal Aktivierung" für die COM-Serveranwendung mit der CLSID 
                   {6B3B8D23-FA8D-40B9-8DBD-B950333E2C52}
                    und der APPID 
                   {4839DDB7-58C2-48F5-8283-E1D1807D0D7D}
                    im Anwendungscontainer "Nicht verfügbar" (SID: Nicht verfügbar) gewährt. Die Sicherheitsberechtigung kann mit dem Verwaltungstool für 
                   Komponentendienste geändert werden.

TimeCreated      : 12.04.2019 23:19:44
ProviderName     : Microsoft-Windows-DistributedCOM
Id               : 10016
LevelDisplayName : Fehler
Message          : Durch die Berechtigungseinstellungen für "Anwendungsspezifisch" wird dem Benutzer "NT-AUTORITÄT\Lokaler Dienst" (SID: S-1-5-19) unter der Adresse 
                   "LocalHost (unter Verwendung von LRPC)" keine Berechtigung vom Typ "Lokal Aktivierung" für die COM-Serveranwendung mit der CLSID 
                   {6B3B8D23-FA8D-40B9-8DBD-B950333E2C52}
                    und der APPID 
                   {4839DDB7-58C2-48F5-8283-E1D1807D0D7D}
                    im Anwendungscontainer "Nicht verfügbar" (SID: Nicht verfügbar) gewährt. Die Sicherheitsberechtigung kann mit dem Verwaltungstool für 
                   Komponentendienste geändert werden.

TimeCreated      : 12.04.2019 23:19:43
ProviderName     : Service Control Manager
Id               : 7026
LevelDisplayName : Informationen
Message          : Der folgende Boot- oder Systemstarttreiber konnte nicht geladen werden: 
                   dam
                   EhStorClass

TimeCreated      : 12.04.2019 23:19:43
ProviderName     : Microsoft-Windows-Kernel-General
Id               : 15
LevelDisplayName : Informationen
Message          : Die Struktur "\??\C:\Users\admin\AppData\Local\Microsoft\Windows\UsrClass.dat" wurde neu organisiert. Startgröße: 6688768 Bytes. Endgröße: 6664192 
                   Bytes.

TimeCreated      : 12.04.2019 23:19:43
ProviderName     : Microsoft-Windows-Kernel-General
Id               : 16
LevelDisplayName : Informationen
Message          : Der Zugriffsverlauf in der Struktur "\??\C:\Users\admin\ntuser.dat" wurde gelöscht. Dabei wurden 4850 Schlüssel aktualisiert und 532 geänderte Seiten 
                   erstellt.

TimeCreated      : 12.04.2019 23:19:43
ProviderName     : Microsoft-Windows-Winlogon
Id               : 7001
LevelDisplayName : Informationen
Message          : Benutzeranmeldebenachrichtigung für Programm zur Verbesserung der Benutzerfreundlichkeit

TimeCreated      : 12.04.2019 23:19:42
ProviderName     : Microsoft-Windows-DHCPv6-Client
Id               : 51046
LevelDisplayName : Informationen
Message          : Der DHCPv6-Clientdienst wird gestartet.

TimeCreated      : 12.04.2019 23:19:42
ProviderName     : Microsoft-Windows-Dhcp-Client
Id               : 50103
LevelDisplayName : Informationen
Message          : Der DHCPv4-Client hat sich für eine Benachrichtigung zum Herunterfahren registriert.

TimeCreated      : 12.04.2019 23:19:42
ProviderName     : Microsoft-Windows-Dhcp-Client
Id               : 50036
LevelDisplayName : Informationen
Message          : Der DHCPv4-Clientdienst wird gestartet.

TimeCreated      : 12.04.2019 23:19:42
ProviderName     : Microsoft-Windows-FilterManager
Id               : 6
LevelDisplayName : Informationen
Message          : Der Dateisystemfilter "storqosflt" (10.0, ?1992?-?02?-?07T10:10:35.000000000Z) wurde erfolgreich geladen und im Filter-Manager registriert.

TimeCreated      : 12.04.2019 23:19:42
ProviderName     : Microsoft-Windows-FilterManager
Id               : 6
LevelDisplayName : Informationen
Message          : Der Dateisystemfilter "CldFlt" (10.0, ?2098?-?06?-?25T06:24:31.000000000Z) wurde erfolgreich geladen und im Filter-Manager registriert.

TimeCreated      : 12.04.2019 23:19:42
ProviderName     : Microsoft-Windows-FilterManager
Id               : 1
LevelDisplayName : Informationen
Message          : Der Dateisystemfilter "CldFlt" (Version 10.0, ?2098?-?06?-?25T06:24:31.000000000Z) wurde erfolgreich entladen.

TimeCreated      : 12.04.2019 23:19:42
ProviderName     : Microsoft-Windows-FilterManager
Id               : 6
LevelDisplayName : Informationen
Message          : Der Dateisystemfilter "CldFlt" (10.0, ?2098?-?06?-?25T06:24:31.000000000Z) wurde erfolgreich geladen und im Filter-Manager registriert.

TimeCreated      : 12.04.2019 23:19:42
ProviderName     : Microsoft-Windows-FilterManager
Id               : 6
LevelDisplayName : Informationen
Message          : Der Dateisystemfilter "luafv" (10.0, ?2022?-?11?-?24T12:03:32.000000000Z) wurde erfolgreich geladen und im Filter-Manager registriert.

TimeCreated      : 12.04.2019 23:19:42
ProviderName     : Microsoft-Windows-FilterManager
Id               : 6
LevelDisplayName : Informationen
Message          : Der Dateisystemfilter "wcifs" (10.0, ?1988?-?07?-?09T04:58:49.000000000Z) wurde erfolgreich geladen und im Filter-Manager registriert.

TimeCreated      : 12.04.2019 23:19:41
ProviderName     : Microsoft-Windows-Directory-Services-SAM
Id               : 16962
LevelDisplayName : Informationen
Message          : Remoteaufrufe an die SAM-Datenbank werden mit der Standardsicherheitsbeschreibung eingeschränkt: O:SYG:SYD:(A;;RC;;;BA).
                   Weitere Informationen finden Sie unter "http://go.microsoft.com/fwlink/?LinkId=787651".

TimeCreated      : 12.04.2019 23:19:41
ProviderName     : Microsoft-Windows-Wininit
Id               : 14
LevelDisplayName : Informationen
Message          : Credential Guard-Konfiguration: 0x0, 0

TimeCreated      : 12.04.2019 23:19:40
ProviderName     : e1iexpress
Id               : 32
LevelDisplayName : Informationen
Message          : Intel(R) 82579V Gigabit Network Connection
                    Network link has been established at 1Gbps full duplex.
                   

TimeCreated      : 12.04.2019 23:19:40
ProviderName     : BTHUSB
Id               : 34
LevelDisplayName : Warnung
Message          : Der lokale Adapter bietet keine Unterstützung für einen wichtigen Low Energy-Controllerstatus zur Unterstützung des Peripheral-Modus. Die mindestens 
                   erforderliche unterstützte Statusmaske ist 0x2491f7fffff, vorhanden ist 0x1fffffff. Für die Peripheral-Rolle "Low Energy" ist keine Funktion 
                   verfügbar.

TimeCreated      : 12.04.2019 23:19:40
ProviderName     : BTHUSB
Id               : 18
LevelDisplayName : Informationen
Message          : Windows kann keine Bluetooth-Authentifizierungscodes (Verbindungsschlüssel) auf dem lokalen Adapter speichern. Bluetooth-Tastaturen funktionieren 
                   möglicherweise nicht im System-BIOS während des Systemstarts.

TimeCreated      : 12.04.2019 23:19:37
ProviderName     : Microsoft-Windows-Kernel-General
Id               : 16
LevelDisplayName : Informationen
Message          : Der Zugriffsverlauf in der Struktur "\Device\HarddiskVolume3\EFI\Microsoft\Boot\BCD" wurde gelöscht. Dabei wurden 122 Schlüssel aktualisiert und 5 
                   geänderte Seiten erstellt.

TimeCreated      : 12.04.2019 23:19:37
ProviderName     : Microsoft-Windows-Ntfs
Id               : 98
LevelDisplayName : Informationen
Message          : Volume "\\?\Volume{c538f800-a1a1-4245-af91-48032f821451}" (\Device\HarddiskVolume2) ist fehlerfrei. Es ist keine Aktion erforderlich.

TimeCreated      : 12.04.2019 23:19:36
ProviderName     : Microsoft-Windows-Kernel-Processor-Power
Id               : 55
LevelDisplayName : Informationen
Message          : Vom Prozessor "7" in der Gruppe "0" werden die folgenden Energieverwaltungsfunktionen verfügbar gemacht:
                   
                   Art des Leerlaufzustands: ACPI Idle (C) States (3 Zustand/Zustände)
                   
                   Art des Leistungszustands: ACPI Performance (P) / Throttle (T) States
                   Nominale Frequenz (MHz): 3501
                   Höchste Leistung in Prozent: 100
                   Geringste Leistung in Prozent: 45
                   Geringste Drosselung in Prozent: 45

TimeCreated      : 12.04.2019 23:19:36
ProviderName     : Microsoft-Windows-Kernel-Processor-Power
Id               : 55
LevelDisplayName : Informationen
Message          : Vom Prozessor "5" in der Gruppe "0" werden die folgenden Energieverwaltungsfunktionen verfügbar gemacht:
                   
                   Art des Leerlaufzustands: ACPI Idle (C) States (3 Zustand/Zustände)
                   
                   Art des Leistungszustands: ACPI Performance (P) / Throttle (T) States
                   Nominale Frequenz (MHz): 3501
                   Höchste Leistung in Prozent: 100
                   Geringste Leistung in Prozent: 45
                   Geringste Drosselung in Prozent: 45

TimeCreated      : 12.04.2019 23:19:36
ProviderName     : Microsoft-Windows-Kernel-Processor-Power
Id               : 55
LevelDisplayName : Informationen
Message          : Vom Prozessor "3" in der Gruppe "0" werden die folgenden Energieverwaltungsfunktionen verfügbar gemacht:
                   
                   Art des Leerlaufzustands: ACPI Idle (C) States (3 Zustand/Zustände)
                   
                   Art des Leistungszustands: ACPI Performance (P) / Throttle (T) States
                   Nominale Frequenz (MHz): 3501
                   Höchste Leistung in Prozent: 100
                   Geringste Leistung in Prozent: 45
                   Geringste Drosselung in Prozent: 45

TimeCreated      : 12.04.2019 23:19:36
ProviderName     : Microsoft-Windows-Kernel-Processor-Power
Id               : 55
LevelDisplayName : Informationen
Message          : Vom Prozessor "1" in der Gruppe "0" werden die folgenden Energieverwaltungsfunktionen verfügbar gemacht:
                   
                   Art des Leerlaufzustands: ACPI Idle (C) States (3 Zustand/Zustände)
                   
                   Art des Leistungszustands: ACPI Performance (P) / Throttle (T) States
                   Nominale Frequenz (MHz): 3501
                   Höchste Leistung in Prozent: 100
                   Geringste Leistung in Prozent: 45
                   Geringste Drosselung in Prozent: 45

TimeCreated      : 12.04.2019 23:19:36
ProviderName     : Microsoft-Windows-Kernel-Processor-Power
Id               : 55
LevelDisplayName : Informationen
Message          : Vom Prozessor "6" in der Gruppe "0" werden die folgenden Energieverwaltungsfunktionen verfügbar gemacht:
                   
                   Art des Leerlaufzustands: ACPI Idle (C) States (3 Zustand/Zustände)
                   
                   Art des Leistungszustands: ACPI Performance (P) / Throttle (T) States
                   Nominale Frequenz (MHz): 3501
                   Höchste Leistung in Prozent: 100
                   Geringste Leistung in Prozent: 45
                   Geringste Drosselung in Prozent: 45

TimeCreated      : 12.04.2019 23:19:36
ProviderName     : Microsoft-Windows-Kernel-Processor-Power
Id               : 55
LevelDisplayName : Informationen
Message          : Vom Prozessor "4" in der Gruppe "0" werden die folgenden Energieverwaltungsfunktionen verfügbar gemacht:
                   
                   Art des Leerlaufzustands: ACPI Idle (C) States (3 Zustand/Zustände)
                   
                   Art des Leistungszustands: ACPI Performance (P) / Throttle (T) States
                   Nominale Frequenz (MHz): 3501
                   Höchste Leistung in Prozent: 100
                   Geringste Leistung in Prozent: 45
                   Geringste Drosselung in Prozent: 45

TimeCreated      : 12.04.2019 23:19:36
ProviderName     : Microsoft-Windows-Kernel-Processor-Power
Id               : 55
LevelDisplayName : Informationen
Message          : Vom Prozessor "2" in der Gruppe "0" werden die folgenden Energieverwaltungsfunktionen verfügbar gemacht:
                   
                   Art des Leerlaufzustands: ACPI Idle (C) States (3 Zustand/Zustände)
                   
                   Art des Leistungszustands: ACPI Performance (P) / Throttle (T) States
                   Nominale Frequenz (MHz): 3501
                   Höchste Leistung in Prozent: 100
                   Geringste Leistung in Prozent: 45
                   Geringste Drosselung in Prozent: 45

TimeCreated      : 12.04.2019 23:19:36
ProviderName     : Microsoft-Windows-Kernel-Processor-Power
Id               : 55
LevelDisplayName : Informationen
Message          : Vom Prozessor "0" in der Gruppe "0" werden die folgenden Energieverwaltungsfunktionen verfügbar gemacht:
                   
                   Art des Leerlaufzustands: ACPI Idle (C) States (3 Zustand/Zustände)
                   
                   Art des Leistungszustands: ACPI Performance (P) / Throttle (T) States
                   Nominale Frequenz (MHz): 3501
                   Höchste Leistung in Prozent: 100
                   Geringste Leistung in Prozent: 45
                   Geringste Drosselung in Prozent: 45

TimeCreated      : 12.04.2019 23:19:36
ProviderName     : Microsoft-Windows-Ntfs
Id               : 98
LevelDisplayName : Informationen
Message          : Volume "D:" (\Device\HarddiskVolume1) ist fehlerfrei. Es ist keine Aktion erforderlich.

TimeCreated      : 12.04.2019 23:19:36
ProviderName     : MEIx64
Id               : 2
LevelDisplayName : Informationen
Message          : Intel(R) Management Engine Interface driver has started successfully.

TimeCreated      : 12.04.2019 23:19:36
ProviderName     : Microsoft-Windows-Kernel-Power
Id               : 172
LevelDisplayName : Informationen
Message          : Verbindungsstatus im Standbymodus: Disconnected, Ursache: NIC compliance

TimeCreated      : 12.04.2019 23:19:36
ProviderName     : Microsoft-Windows-FilterManager
Id               : 6
LevelDisplayName : Informationen
Message          : Der Dateisystemfilter "npsvctrig" (10.0, ?2037?-?02?-?23T08:11:04.000000000Z) wurde erfolgreich geladen und im Filter-Manager registriert.

TimeCreated      : 12.04.2019 23:19:36
ProviderName     : Microsoft-Windows-FilterManager
Id               : 6
LevelDisplayName : Informationen
Message          : Der Dateisystemfilter "FileCrypt" (10.0, ?2034?-?08?-?13T16:30:12.000000000Z) wurde erfolgreich geladen und im Filter-Manager registriert.

TimeCreated      : 12.04.2019 23:19:35
ProviderName     : Microsoft-Windows-Ntfs
Id               : 98
LevelDisplayName : Informationen
Message          : Volume "C:" (\Device\HarddiskVolume5) ist fehlerfrei. Es ist keine Aktion erforderlich.

TimeCreated      : 12.04.2019 23:19:34
ProviderName     : Microsoft-Windows-FilterManager
Id               : 6
LevelDisplayName : Informationen
Message          : Der Dateisystemfilter "WdFilter" (10.0, ?2103?-?11?-?18T13:19:06.000000000Z) wurde erfolgreich geladen und im Filter-Manager registriert.

TimeCreated      : 12.04.2019 23:19:34
ProviderName     : Microsoft-Windows-FilterManager
Id               : 6
LevelDisplayName : Informationen
Message          : Der Dateisystemfilter "Wof" (10.0, ?1988?-?11?-?15T01:36:29.000000000Z) wurde erfolgreich geladen und im Filter-Manager registriert.

TimeCreated      : 12.04.2019 23:19:34
ProviderName     : Microsoft-Windows-FilterManager
Id               : 6
LevelDisplayName : Informationen
Message          : Der Dateisystemfilter "FileInfo" (10.0, ?2041?-?01?-?31T09:18:31.000000000Z) wurde erfolgreich geladen und im Filter-Manager registriert.

TimeCreated      : 12.04.2019 23:19:32
ProviderName     : Microsoft-Windows-Kernel-General
Id               : 20
LevelDisplayName : Informationen
Message          : Die Schaltsekundenkonfiguration wurde aktualisiert.
                   Grund: Leap second data initialized from registry during boot
                   Aktivierte Schaltsekunden: true
                   Neue Anzahl der Schaltsekunden: 0
                   Alte Anzahl der Schaltsekunden: 0

TimeCreated      : 12.04.2019 23:19:32
ProviderName     : Microsoft-Windows-Kernel-Boot
Id               : 27
LevelDisplayName : Informationen
Message          : Der Starttyp lautete "0x0".

TimeCreated      : 12.04.2019 23:19:32
ProviderName     : Microsoft-Windows-Kernel-Boot
Id               : 25
LevelDisplayName : Informationen
Message          : Die Richtlinie für das Startmenü lautete "0x1".

TimeCreated      : 12.04.2019 23:19:32
ProviderName     : Microsoft-Windows-Kernel-Boot
Id               : 20
LevelDisplayName : Informationen
Message          : Der Erfolgsstatus des letzten Herunterfahrens war "true". Der Erfolgsstatus des letzten Starts war "true".

TimeCreated      : 12.04.2019 23:19:32
ProviderName     : Microsoft-Windows-Kernel-Boot
Id               : 32
LevelDisplayName : Informationen
Message          : Vom Start-Manager wurde 0 ms auf eine Benutzereingabe gewartet.

TimeCreated      : 12.04.2019 23:19:32
ProviderName     : Microsoft-Windows-Kernel-Boot
Id               : 18
LevelDisplayName : Informationen
Message          : In diesem System sind 0x1 Startoptionen vorhanden.

TimeCreated      : 12.04.2019 23:19:32
ProviderName     : Microsoft-Windows-Kernel-Boot
Id               : 153
LevelDisplayName : Informationen
Message          : Virtualisierungsbasierte Sicherheit (Richtlinien: 0) ist disabled.

TimeCreated      : 12.04.2019 23:19:32
ProviderName     : Microsoft-Windows-Kernel-General
Id               : 12
LevelDisplayName : Informationen
Message          : Das Betriebssystem wurde zur Systemzeit ?2019?-?04?-?12T21:19:32.500000000Z gestartet.

TimeCreated      : 12.04.2019 23:19:10
ProviderName     : Microsoft-Windows-Kernel-General
Id               : 13
LevelDisplayName : Informationen
Message          : Das Betriebssystem wird zur Systemzeit ?2019?-?04?-?12T21:19:10.066618800Z heruntergefahren.

TimeCreated      : 12.04.2019 23:19:09
ProviderName     : Microsoft-Windows-Kernel-Power
Id               : 109
LevelDisplayName : Informationen
Message          : Die Energieverwaltung des Kernels hat einen Wechsel beim Herunterfahren initiiert.
                   
                   Grund für das Herunterfahren: Kernel API

TimeCreated      : 12.04.2019 23:19:42
ProviderName     : EventLog
Id               : 6013
LevelDisplayName : Informationen
Message          : Die aktive Systemzeit ist 9 Sekunden.

TimeCreated      : 12.04.2019 23:19:42
ProviderName     : EventLog
Id               : 6005
LevelDisplayName : Informationen
Message          : Der Ereignisprotokolldienst wurde gestartet.

TimeCreated      : 12.04.2019 23:19:42
ProviderName     : EventLog
Id               : 6009
LevelDisplayName : Informationen
Message          : Microsoft (R) Windows (R) 10.00. 17763  Multiprocessor Free.

TimeCreated      : 12.04.2019 23:19:08
ProviderName     : Microsoft-Windows-Dhcp-Client
Id               : 50037
LevelDisplayName : Informationen
Message          : Der DHCPv4-Clientdienst wird beendet. Der ShutDown-Kennzeichenwert lautet 1.

TimeCreated      : 12.04.2019 23:19:08
ProviderName     : Microsoft-Windows-Dhcp-Client
Id               : 50106
LevelDisplayName : Informationen
Message          : DHCPv4 wartet auf die Beendigung des DHCPv6-Diensts.

TimeCreated      : 12.04.2019 23:19:08
ProviderName     : Microsoft-Windows-DHCPv6-Client
Id               : 51057
LevelDisplayName : Informationen
Message          : Die Beendigung des DHCPv6-Clientdiensts ist fast abgeschlossen. DHCP-Kontextverweisanzahl: 1

TimeCreated      : 12.04.2019 23:19:08
ProviderName     : Microsoft-Windows-DHCPv6-Client
Id               : 51047
LevelDisplayName : Informationen
Message          : Der DHCPv6-Clientdienst wird beendet. Der ShutDown-Kennzeichenwert lautet 1.

TimeCreated      : 12.04.2019 23:19:08
ProviderName     : Microsoft-Windows-Dhcp-Client
Id               : 50105
LevelDisplayName : Informationen
Message          : Der DHCPv4-Client hat für ProcessDHCPRequestForever TERMINATE_EVENT empfangen.

TimeCreated      : 12.04.2019 23:19:08
ProviderName     : Microsoft-Windows-Dhcp-Client
Id               : 50104
LevelDisplayName : Informationen
Message          : Der DHCPv4-Client hat eine Benachrichtigung zum Herunterfahren empfangen.

TimeCreated      : 12.04.2019 23:19:08
ProviderName     : EventLog
Id               : 6006
LevelDisplayName : Informationen
Message          : Der Ereignisprotokolldienst wurde beendet.

TimeCreated      : 12.04.2019 23:19:07
ProviderName     : Microsoft-Windows-Winlogon
Id               : 7002
LevelDisplayName : Informationen
Message          : Benutzerabmeldebenachrichtigung für Programm zur Verbesserung der Benutzerfreundlichkeit

TimeCreated      : 12.04.2019 23:18:54
ProviderName     : User32
Id               : 1073
LevelDisplayName : Warnung
Message          : Der Versuch von Benutzer NIBIRU\admin, Computer NIBIRU neu zu starten bzw. herunterzufahren ist fehlgeschlagen.

TimeCreated      : 12.04.2019 23:18:31
ProviderName     : Virtual Disk Service
Id               : 4
LevelDisplayName : Informationen
Message          : Dienst wurde beendet.

TimeCreated      : 12.04.2019 23:02:35
ProviderName     : Microsoft-Windows-Kernel-General
Id               : 1
LevelDisplayName : Informationen
Message          : Die Systemzeit wurde von ?2019?-?04?-?12T21:02:35.964881400Z in ?2019?-?04?-?12T21:02:35.965133000Z geändert.
                   
                   Änderungsgrund: An application or system component changed the time.
                   Prozess: '\Device\HarddiskVolume5\Windows\System32\svchost.exe' (PID 7256).

TimeCreated      : 12.04.2019 23:02:35
ProviderName     : Microsoft-Windows-Kernel-General
Id               : 1
LevelDisplayName : Informationen
Message          : Die Systemzeit wurde von ?2019?-?04?-?12T21:02:35.962963500Z in ?2019?-?04?-?12T21:02:35.963323800Z geändert.
                   
                   Änderungsgrund: An application or system component changed the time.
                   Prozess: '\Device\HarddiskVolume5\Windows\System32\svchost.exe' (PID 7256).

TimeCreated      : 12.04.2019 23:02:35
ProviderName     : Microsoft-Windows-Time-Service
Id               : 35
LevelDisplayName : Informationen
Message          : Der Zeitdienst synchronisiert jetzt die Systemzeit mit der Zeitquelle time.windows.com,0x9 (ntp.m|0x9|0.0.0.0:123->51.141.32.51:123) mit der 
                   Referenz-ID 857771315. Die aktuelle lokale Stratumnummer ist 3.

TimeCreated      : 12.04.2019 23:02:35
ProviderName     : Microsoft-Windows-Kernel-General
Id               : 1
LevelDisplayName : Informationen
Message          : Die Systemzeit wurde von ?2019?-?04?-?12T21:02:33.680177200Z in ?2019?-?04?-?12T21:02:35.962403500Z geändert.
                   
                   Änderungsgrund: An application or system component changed the time.
                   Prozess: '\Device\HarddiskVolume5\Windows\System32\svchost.exe' (PID 7256).

TimeCreated      : 12.04.2019 23:02:19
ProviderName     : Microsoft-Windows-Time-Service
Id               : 37
LevelDisplayName : Informationen
Message          : Der Zeitanbieter "NtpClient" empfängt derzeit gültige Zeitdaten von time.windows.com,0x9 (ntp.m|0x9|0.0.0.0:123->51.141.32.51:123).

TimeCreated      : 12.04.2019 23:02:17
ProviderName     : Microsoft-Windows-Time-Service
Id               : 158
LevelDisplayName : Informationen
Message          : Der Zeitanbieter 'VMICTimeProvider' hat angegeben, dass die aktuelle Hardware- und Betriebssystemumgebung nicht unterstützt wird und beendet wurde. 
                   Dieses Verhalten wird für VMICTimeProvider in Nicht-HyperV-Gastumgebungen erwartet. Dies kann auch das vom aktuellen Anbieter erwartete Verhalten in 
                   der aktuellen Betriebsumgebung sein.

TimeCreated      : 12.04.2019 22:01:36
ProviderName     : Microsoft-Windows-WindowsUpdateClient
Id               : 19
LevelDisplayName : Informationen
Message          : Installation erfolgreich: Das folgende Update wurde installiert. Definitionsupdate für Windows Defender Antivirus – KB2267602 (Definition 
                   1.291.1757.0)

TimeCreated      : 12.04.2019 22:01:27
ProviderName     : Microsoft-Windows-WindowsUpdateClient
Id               : 43
LevelDisplayName : Informationen
Message          : Installation gestartet: Windows hat mit der Installation des folgenden Updates begonnen: Definitionsupdate für Windows Defender Antivirus – KB2267602 
                   (Definition 1.291.1757.0)

TimeCreated      : 12.04.2019 22:00:59
ProviderName     : Microsoft-Windows-WindowsUpdateClient
Id               : 44
LevelDisplayName : Informationen
Message          : Windows Update hat mit dem Herunterladen eines Updates begonnen.

TimeCreated      : 12.04.2019 21:46:17
ProviderName     : Service Control Manager
Id               : 7040
LevelDisplayName : Informationen
Message          : Der Starttyp des Diensts "Intelligenter Hintergrundübertragungsdienst" wurde von Automatisch starten in Manuell starten geändert.

TimeCreated      : 12.04.2019 21:38:55
ProviderName     : Service Control Manager
Id               : 7040
LevelDisplayName : Informationen
Message          : Der Starttyp des Diensts "Intelligenter Hintergrundübertragungsdienst" wurde von Manuell starten in Automatisch starten geändert.

TimeCreated      : 12.04.2019 20:21:44
ProviderName     : Microsoft-Windows-UserPnp
Id               : 20001
LevelDisplayName : Informationen
Message          : Der Prozess zum Installieren von Treiber wpdfs.inf_amd64_10bfe1c48f153b03 für Geräteinstanz-ID 
                   SWD\WPDBUSENUM\{4F5C4C0B-5BB2-11E9-939A-001A7DDA7102}#0000000000000000 wurde mit folgendem Status beendet: 0x0.

TimeCreated      : 12.04.2019 20:21:43
ProviderName     : Microsoft-Windows-UserPnp
Id               : 20003
LevelDisplayName : Informationen
Message          : Der Prozess zum Hinzufügen von Dienst WUDFWpdFs für Geräteinstanz-ID SWD\WPDBUSENUM\{4F5C4C0B-5BB2-11E9-939A-001A7DDA7102}#0000000000000000 wurde mit 
                   folgendem Status beendet: 0.

TimeCreated      : 12.04.2019 20:21:43
ProviderName     : Microsoft-Windows-DriverFrameworks-UserMode
Id               : 10100
LevelDisplayName : Informationen
Message          : Das Treiberpaket wurde erfolgreich installiert.

TimeCreated      : 12.04.2019 20:21:43
ProviderName     : Microsoft-Windows-DriverFrameworks-UserMode
Id               : 10002
LevelDisplayName : Informationen
Message          : Der UMDF-Dienst WpdFs (CLSID {112de495-ac4c-46f8-b663-6a4266c53313}) wurde aktualisiert. Er erfordert Framework, Version 2.27.0 oder höher.

TimeCreated      : 12.04.2019 20:21:43
ProviderName     : Microsoft-Windows-DriverFrameworks-UserMode
Id               : 10000
LevelDisplayName : Informationen
Message          : Ein Treiberpaket, das die Frameworkversion 2.27.0 des Benutzermodustreibers verwendet, wird auf Gerät 
                   "SWD\WPDBUSENUM\{4F5C4C0B-5BB2-11E9-939A-001A7DDA7102}#0000000000000000" installiert.

TimeCreated      : 12.04.2019 20:21:44
ProviderName     : Microsoft-Windows-WPDClassInstaller
Id               : 24579
LevelDisplayName : Informationen
Message          : Die  Registrierung der automatischen Wiedergabe für Gerät %1 wurde übersprungen.

TimeCreated      : 12.04.2019 20:21:44
ProviderName     : Microsoft-Windows-WPDClassInstaller
Id               : 24577
LevelDisplayName : Informationen
Message          : Die Media Player- und Bildprogramm-Kompatibilitätsebenen für Gerät %1 wurden erfolgreich registriert: angeforderte Layerbits %2, registrierte 
                   Layerbits %3.

TimeCreated      : 12.04.2019 20:21:44
ProviderName     : Microsoft-Windows-WPDClassInstaller
Id               : 24576
LevelDisplayName : Informationen
Message          : Der Treiber für Gerät WPD Device wurde erfolgreich installiert.

TimeCreated      : 12.04.2019 20:20:23
ProviderName     : Service Control Manager
Id               : 7040
LevelDisplayName : Informationen
Message          : Der Starttyp des Diensts "Intelligenter Hintergrundübertragungsdienst" wurde von Automatisch starten in Manuell starten geändert.

TimeCreated      : 12.04.2019 20:19:49
ProviderName     : Virtual Disk Service
Id               : 3
LevelDisplayName : Informationen
Message          : Dienst wurde gestartet.

TimeCreated      : 12.04.2019 20:18:20
ProviderName     : Service Control Manager
Id               : 7040
LevelDisplayName : Informationen
Message          : Der Starttyp des Diensts "Intelligenter Hintergrundübertragungsdienst" wurde von Manuell starten in Automatisch starten geändert.

TimeCreated      : 12.04.2019 19:58:55
ProviderName     : Microsoft-Windows-Kernel-General
Id               : 16
LevelDisplayName : Informationen
Message          : Der Zugriffsverlauf in der Struktur 
                   "\??\C:\Users\admin\AppData\Local\Packages\Microsoft.Windows.ContentDeliveryManager_cw5n1h2txyewy\Settings\settings.dat" wurde gelöscht. Dabei wurden 
                   441 Schlüssel aktualisiert und 38 geänderte Seiten erstellt.

TimeCreated      : 12.04.2019 19:50:08
ProviderName     : Microsoft-Windows-Kernel-General
Id               : 16
LevelDisplayName : Informationen
Message          : Der Zugriffsverlauf in der Struktur "\SystemRoot\System32\config\DRIVERS" wurde gelöscht. Dabei wurden 20304 Schlüssel aktualisiert und 903 geänderte 
                   Seiten erstellt.

TimeCreated      : 12.04.2019 19:48:09
ProviderName     : Service Control Manager
Id               : 7040
LevelDisplayName : Informationen
Message          : Der Starttyp des Diensts "Intelligenter Hintergrundübertragungsdienst" wurde von Automatisch starten in Manuell starten geändert.

TimeCreated      : 12.04.2019 19:46:01
ProviderName     : Service Control Manager
Id               : 7040
LevelDisplayName : Informationen
Message          : Der Starttyp des Diensts "Intelligenter Hintergrundübertragungsdienst" wurde von Manuell starten in Automatisch starten geändert.

TimeCreated      : 12.04.2019 19:13:27
ProviderName     : Service Control Manager
Id               : 7040
LevelDisplayName : Informationen
Message          : Der Starttyp des Diensts "Intelligenter Hintergrundübertragungsdienst" wurde von Automatisch starten in Manuell starten geändert.

TimeCreated      : 12.04.2019 19:11:24
ProviderName     : Service Control Manager
Id               : 7040
LevelDisplayName : Informationen
Message          : Der Starttyp des Diensts "Intelligenter Hintergrundübertragungsdienst" wurde von Manuell starten in Automatisch starten geändert.

TimeCreated      : 12.04.2019 16:42:16
ProviderName     : Service Control Manager
Id               : 7040
LevelDisplayName : Informationen
Message          : Der Starttyp des Diensts "Intelligenter Hintergrundübertragungsdienst" wurde von Automatisch starten in Manuell starten geändert.

TimeCreated      : 12.04.2019 16:38:47
ProviderName     : Service Control Manager
Id               : 7040
LevelDisplayName : Informationen
Message          : Der Starttyp des Diensts "Intelligenter Hintergrundübertragungsdienst" wurde von Manuell starten in Automatisch starten geändert.

TimeCreated      : 12.04.2019 16:32:47
ProviderName     : Microsoft-Windows-DistributedCOM
Id               : 10016
LevelDisplayName : Fehler
Message          : Durch die Berechtigungseinstellungen für "Anwendungsspezifisch" wird dem Benutzer "NIBIRU\admin" (SID: S-1-5-21-2863662748-938137181-2532542191-1000) 
                   unter der Adresse "LocalHost (unter Verwendung von LRPC)" keine Berechtigung vom Typ "Lokal Aktivierung" für die COM-Serveranwendung mit der CLSID 
                   {2593F8B9-4EAF-457C-B68A-50F6B8EA6B54}
                    und der APPID 
                   {15C20B67-12E7-4BB6-92BB-7AFF07997402}
                    im Anwendungscontainer "Nicht verfügbar" (SID: Nicht verfügbar) gewährt. Die Sicherheitsberechtigung kann mit dem Verwaltungstool für 
                   Komponentendienste geändert werden.

TimeCreated      : 12.04.2019 12:02:59
ProviderName     : Microsoft-Windows-DistributedCOM
Id               : 10016
LevelDisplayName : Fehler
Message          : Durch die Berechtigungseinstellungen für "Anwendungsspezifisch" wird dem Benutzer "NIBIRU\admin" (SID: S-1-5-21-2863662748-938137181-2532542191-1000) 
                   unter der Adresse "LocalHost (unter Verwendung von LRPC)" keine Berechtigung vom Typ "Lokal Aktivierung" für die COM-Serveranwendung mit der CLSID 
                   {2593F8B9-4EAF-457C-B68A-50F6B8EA6B54}
                    und der APPID 
                   {15C20B67-12E7-4BB6-92BB-7AFF07997402}
                    im Anwendungscontainer "Nicht verfügbar" (SID: Nicht verfügbar) gewährt. Die Sicherheitsberechtigung kann mit dem Verwaltungstool für 
                   Komponentendienste geändert werden.

TimeCreated      : 12.04.2019 12:00:00
ProviderName     : EventLog
Id               : 6013
LevelDisplayName : Informationen
Message          : Die aktive Systemzeit ist 147496 Sekunden.

TimeCreated      : 12.04.2019 11:36:26
ProviderName     : Microsoft-Windows-Kernel-General
Id               : 16
LevelDisplayName : Informationen
Message          : Der Zugriffsverlauf in der Struktur "\??\C:\ProgramData\Microsoft\Provisioning\Microsoft-Desktop-Provisioning-Sequence.dat" wurde gelöscht. Dabei 
                   wurden 0 Schlüssel aktualisiert und 0 geänderte Seiten erstellt.

TimeCreated      : 12.04.2019 11:17:36
ProviderName     : Service Control Manager
Id               : 7040
LevelDisplayName : Informationen
Message          : Der Starttyp des Diensts "Intelligenter Hintergrundübertragungsdienst" wurde von Automatisch starten in Manuell starten geändert.

TimeCreated      : 12.04.2019 11:15:21
ProviderName     : Service Control Manager
Id               : 7040
LevelDisplayName : Informationen
Message          : Der Starttyp des Diensts "Intelligenter Hintergrundübertragungsdienst" wurde von Manuell starten in Automatisch starten geändert.

TimeCreated      : 12.04.2019 11:09:21
ProviderName     : Microsoft-Windows-DistributedCOM
Id               : 10016
LevelDisplayName : Fehler
Message          : Durch die Berechtigungseinstellungen für "Anwendungsspezifisch" wird dem Benutzer "NIBIRU\admin" (SID: S-1-5-21-2863662748-938137181-2532542191-1000) 
                   unter der Adresse "LocalHost (unter Verwendung von LRPC)" keine Berechtigung vom Typ "Lokal Aktivierung" für die COM-Serveranwendung mit der CLSID 
                   {2593F8B9-4EAF-457C-B68A-50F6B8EA6B54}
                    und der APPID 
                   {15C20B67-12E7-4BB6-92BB-7AFF07997402}
                    im Anwendungscontainer "Nicht verfügbar" (SID: Nicht verfügbar) gewährt. Die Sicherheitsberechtigung kann mit dem Verwaltungstool für 
                   Komponentendienste geändert werden.

TimeCreated      : 12.04.2019 11:06:30
ProviderName     : Microsoft-Windows-DistributedCOM
Id               : 10016
LevelDisplayName : Fehler
Message          : Durch die Berechtigungseinstellungen für "Anwendungsspezifisch" wird dem Benutzer "NIBIRU\admin" (SID: S-1-5-21-2863662748-938137181-2532542191-1000) 
                   unter der Adresse "LocalHost (unter Verwendung von LRPC)" keine Berechtigung vom Typ "Lokal Aktivierung" für die COM-Serveranwendung mit der CLSID 
                   {2593F8B9-4EAF-457C-B68A-50F6B8EA6B54}
                    und der APPID 
                   {15C20B67-12E7-4BB6-92BB-7AFF07997402}
                    im Anwendungscontainer "Nicht verfügbar" (SID: Nicht verfügbar) gewährt. Die Sicherheitsberechtigung kann mit dem Verwaltungstool für 
                   Komponentendienste geändert werden.

TimeCreated      : 12.04.2019 10:57:21
ProviderName     : Microsoft-Windows-DistributedCOM
Id               : 10016
LevelDisplayName : Fehler
Message          : Durch die Berechtigungseinstellungen für "Anwendungsspezifisch" wird dem Benutzer "NIBIRU\admin" (SID: S-1-5-21-2863662748-938137181-2532542191-1000) 
                   unter der Adresse "LocalHost (unter Verwendung von LRPC)" keine Berechtigung vom Typ "Lokal Aktivierung" für die COM-Serveranwendung mit der CLSID 
                   {2593F8B9-4EAF-457C-B68A-50F6B8EA6B54}
                    und der APPID 
                   {15C20B67-12E7-4BB6-92BB-7AFF07997402}
                    im Anwendungscontainer "Nicht verfügbar" (SID: Nicht verfügbar) gewährt. Die Sicherheitsberechtigung kann mit dem Verwaltungstool für 
                   Komponentendienste geändert werden.

TimeCreated      : 12.04.2019 10:56:55
ProviderName     : e1iexpress
Id               : 32
LevelDisplayName : Informationen
Message          : Intel(R) 82579V Gigabit Network Connection
                    Network link has been established at 1Gbps full duplex.
                   

TimeCreated      : 12.04.2019 10:56:55
ProviderName     : Microsoft-Windows-DistributedCOM
Id               : 10016
LevelDisplayName : Fehler
Message          : Durch die Berechtigungseinstellungen für "Anwendungsspezifisch" wird dem Benutzer "NT-AUTORITÄT\Lokaler Dienst" (SID: S-1-5-19) unter der Adresse 
                   "LocalHost (unter Verwendung von LRPC)" keine Berechtigung vom Typ "Lokal Aktivierung" für die COM-Serveranwendung mit der CLSID 
                   {6B3B8D23-FA8D-40B9-8DBD-B950333E2C52}
                    und der APPID 
                   {4839DDB7-58C2-48F5-8283-E1D1807D0D7D}
                    im Anwendungscontainer "Nicht verfügbar" (SID: Nicht verfügbar) gewährt. Die Sicherheitsberechtigung kann mit dem Verwaltungstool für 
                   Komponentendienste geändert werden.

TimeCreated      : 12.04.2019 10:56:55
ProviderName     : Microsoft-Windows-DistributedCOM
Id               : 10016
LevelDisplayName : Fehler
Message          : Durch die Berechtigungseinstellungen für "Anwendungsspezifisch" wird dem Benutzer "NT-AUTORITÄT\Lokaler Dienst" (SID: S-1-5-19) unter der Adresse 
                   "LocalHost (unter Verwendung von LRPC)" keine Berechtigung vom Typ "Lokal Aktivierung" für die COM-Serveranwendung mit der CLSID 
                   {6B3B8D23-FA8D-40B9-8DBD-B950333E2C52}
                    und der APPID 
                   {4839DDB7-58C2-48F5-8283-E1D1807D0D7D}
                    im Anwendungscontainer "Nicht verfügbar" (SID: Nicht verfügbar) gewährt. Die Sicherheitsberechtigung kann mit dem Verwaltungstool für 
                   Komponentendienste geändert werden.

TimeCreated      : 12.04.2019 10:56:54
ProviderName     : Microsoft-Windows-Power-Troubleshooter
Id               : 1
LevelDisplayName : Informationen
Message          : Das System wurde aus einem Standbymodus reaktiviert.
                   
                   Zeit im Energiesparmodus: ?2019?-?04?-?11T23:46:33.319830700Z
                   Reaktivierungszeit: ?2019?-?04?-?12T08:56:52.573762000Z
                   
                   Reaktivierungsquelle: Unbekannt

TimeCreated      : 12.04.2019 10:56:53
ProviderName     : BTHUSB
Id               : 34
LevelDisplayName : Warnung
Message          : Der lokale Adapter bietet keine Unterstützung für einen wichtigen Low Energy-Controllerstatus zur Unterstützung des Peripheral-Modus. Die mindestens 
                   erforderliche unterstützte Statusmaske ist 0x2491f7fffff, vorhanden ist 0x1fffffff. Für die Peripheral-Rolle "Low Energy" ist keine Funktion 
                   verfügbar.

TimeCreated      : 12.04.2019 10:56:53
ProviderName     : BTHUSB
Id               : 18
LevelDisplayName : Informationen
Message          : Windows kann keine Bluetooth-Authentifizierungscodes (Verbindungsschlüssel) auf dem lokalen Adapter speichern. Bluetooth-Tastaturen funktionieren 
                   möglicherweise nicht im System-BIOS während des Systemstarts.

TimeCreated      : 12.04.2019 10:56:53
ProviderName     : Microsoft-Windows-Winlogon
Id               : 7001
LevelDisplayName : Informationen
Message          : Benutzeranmeldebenachrichtigung für Programm zur Verbesserung der Benutzerfreundlichkeit

TimeCreated      : 12.04.2019 10:56:52
ProviderName     : Microsoft-Windows-Kernel-Boot
Id               : 27
LevelDisplayName : Informationen
Message          : Der Starttyp lautete "0x1".

TimeCreated      : 12.04.2019 10:56:52
ProviderName     : Microsoft-Windows-Kernel-Boot
Id               : 25
LevelDisplayName : Informationen
Message          : Die Richtlinie für das Startmenü lautete "0x1".

TimeCreated      : 12.04.2019 10:56:52
ProviderName     : Microsoft-Windows-Kernel-Boot
Id               : 32
LevelDisplayName : Informationen
Message          : Vom Start-Manager wurde 0 ms auf eine Benutzereingabe gewartet.

TimeCreated      : 12.04.2019 10:56:52
ProviderName     : Microsoft-Windows-Kernel-Boot
Id               : 18
LevelDisplayName : Informationen
Message          : In diesem System sind 0x1 Startoptionen vorhanden.

TimeCreated      : 12.04.2019 10:56:52
ProviderName     : e1iexpress
Id               : 27
LevelDisplayName : Warnung
Message          : Intel(R) 82579V Gigabit Network Connection
                    Network link is disconnected.
                   

TimeCreated      : 12.04.2019 10:56:51
ProviderName     : Microsoft-Windows-Kernel-General
Id               : 1
LevelDisplayName : Informationen
Message          : Die Systemzeit wurde von ?2019?-?04?-?11T23:46:35.384452300Z in ?2019?-?04?-?12T08:56:51.500000000Z geändert.
                   
                   Änderungsgrund: System time synchronized with the hardware clock.
                   Prozess: '' (PID 4).

TimeCreated      : 12.04.2019 01:46:35
ProviderName     : Microsoft-Windows-Kernel-Power
Id               : 107
LevelDisplayName : Informationen
Message          : Das System wurde aus dem Energiesparmodus reaktiviert.

TimeCreated      : 12.04.2019 01:46:33
ProviderName     : Microsoft-Windows-Kernel-Power
Id               : 42
LevelDisplayName : Informationen
Message          : Das System wird in den Standbymodus versetzt.
                   
                   Ursache: Application API

TimeCreated      : 12.04.2019 01:46:33
ProviderName     : Microsoft-Windows-Kernel-Power
Id               : 187
LevelDisplayName : Informationen
Message          : Von einem Prozess im Benutzermodus wurde versucht, den Systemstatus durch den Aufruf der SetSuspendState- oder SetSystemPowerState-API zu ändern.

TimeCreated      : 12.04.2019 01:46:31
ProviderName     : Microsoft-Windows-Winlogon
Id               : 7002
LevelDisplayName : Informationen
Message          : Benutzerabmeldebenachrichtigung für Programm zur Verbesserung der Benutzerfreundlichkeit

TimeCreated      : 11.04.2019 21:16:55
ProviderName     : Microsoft-Windows-Kernel-General
Id               : 1
LevelDisplayName : Informationen
Message          : Die Systemzeit wurde von ?2019?-?04?-?11T19:16:55.336369200Z in ?2019?-?04?-?11T19:16:55.337248000Z geändert.
                   
                   Änderungsgrund: An application or system component changed the time.
                   Prozess: '\Device\HarddiskVolume5\Windows\System32\svchost.exe' (PID 11156).

TimeCreated      : 11.04.2019 21:16:55
ProviderName     : Microsoft-Windows-Kernel-General
Id               : 1
LevelDisplayName : Informationen
Message          : Die Systemzeit wurde von ?2019?-?04?-?11T19:16:55.336412400Z in ?2019?-?04?-?11T19:16:55.335863000Z geändert.
                   
                   Änderungsgrund: An application or system component changed the time.
                   Prozess: '\Device\HarddiskVolume5\Windows\System32\svchost.exe' (PID 11156).

TimeCreated      : 11.04.2019 21:16:55
ProviderName     : Microsoft-Windows-Time-Service
Id               : 35
LevelDisplayName : Informationen
Message          : Der Zeitdienst synchronisiert jetzt die Systemzeit mit der Zeitquelle time.windows.com,0x9 (ntp.m|0x9|0.0.0.0:123->51.141.32.51:123) mit der 
                   Referenz-ID 857771315. Die aktuelle lokale Stratumnummer ist 3.

TimeCreated      : 11.04.2019 21:16:55
ProviderName     : Microsoft-Windows-Kernel-General
Id               : 1
LevelDisplayName : Informationen
Message          : Die Systemzeit wurde von ?2019?-?04?-?11T19:16:51.750549000Z in ?2019?-?04?-?11T19:16:55.334910800Z geändert.
                   
                   Änderungsgrund: An application or system component changed the time.
                   Prozess: '\Device\HarddiskVolume5\Windows\System32\svchost.exe' (PID 11156).

TimeCreated      : 11.04.2019 21:16:37
ProviderName     : Microsoft-Windows-Time-Service
Id               : 37
LevelDisplayName : Informationen
Message          : Der Zeitanbieter "NtpClient" empfängt derzeit gültige Zeitdaten von time.windows.com,0x9 (ntp.m|0x9|0.0.0.0:123->51.141.32.51:123).

TimeCreated      : 11.04.2019 21:16:35
ProviderName     : Microsoft-Windows-Time-Service
Id               : 158
LevelDisplayName : Informationen
Message          : Der Zeitanbieter 'VMICTimeProvider' hat angegeben, dass die aktuelle Hardware- und Betriebssystemumgebung nicht unterstützt wird und beendet wurde. 
                   Dieses Verhalten wird für VMICTimeProvider in Nicht-HyperV-Gastumgebungen erwartet. Dies kann auch das vom aktuellen Anbieter erwartete Verhalten in 
                   der aktuellen Betriebsumgebung sein.

TimeCreated      : 11.04.2019 19:56:40
ProviderName     : Microsoft-Windows-WindowsUpdateClient
Id               : 19
LevelDisplayName : Informationen
Message          : Installation erfolgreich: Das folgende Update wurde installiert. 9NBLGGH4NNS1-Microsoft.DesktopAppInstaller

TimeCreated      : 11.04.2019 19:56:34
ProviderName     : Microsoft-Windows-WindowsUpdateClient
Id               : 43
LevelDisplayName : Informationen
Message          : Installation gestartet: Windows hat mit der Installation des folgenden Updates begonnen: 9NBLGGH4NNS1-Microsoft.DesktopAppInstaller

TimeCreated      : 11.04.2019 19:56:34
ProviderName     : Microsoft-Windows-WindowsUpdateClient
Id               : 19
LevelDisplayName : Informationen
Message          : Installation erfolgreich: Das folgende Update wurde installiert. 9NBLGGH5FV99-Microsoft.MSPaint

TimeCreated      : 11.04.2019 19:56:34
ProviderName     : Microsoft-Windows-WindowsUpdateClient
Id               : 43
LevelDisplayName : Informationen
Message          : Installation gestartet: Windows hat mit der Installation des folgenden Updates begonnen: 9NBLGGH5FV99-Microsoft.MSPaint

TimeCreated      : 11.04.2019 19:56:33
ProviderName     : Microsoft-Windows-Kernel-General
Id               : 16
LevelDisplayName : Informationen
Message          : Der Zugriffsverlauf in der Struktur 
                   "\??\C:\ProgramData\Microsoft\Windows\AppRepository\Packages\Microsoft.DesktopAppInstaller_1.0.30732.0_x64__8wekyb3d8bbwe\ActivationStore.dat" wurde 
                   gelöscht. Dabei wurden 0 Schlüssel aktualisiert und 0 geänderte Seiten erstellt.

TimeCreated      : 11.04.2019 19:56:33
ProviderName     : Microsoft-Windows-Kernel-General
Id               : 16
LevelDisplayName : Informationen
Message          : Der Zugriffsverlauf in der Struktur 
                   "\??\C:\ProgramData\Microsoft\Windows\AppRepository\Packages\Microsoft.MSPaint_5.1904.8017.0_x64__8wekyb3d8bbwe\ActivationStore.dat" wurde gelöscht. 
                   Dabei wurden 0 Schlüssel aktualisiert und 0 geänderte Seiten erstellt.

TimeCreated      : 11.04.2019 19:56:29
ProviderName     : Microsoft-Windows-WindowsUpdateClient
Id               : 44
LevelDisplayName : Informationen
Message          : Windows Update hat mit dem Herunterladen eines Updates begonnen.

TimeCreated      : 11.04.2019 19:56:29
ProviderName     : Microsoft-Windows-WindowsUpdateClient
Id               : 44
LevelDisplayName : Informationen
Message          : Windows Update hat mit dem Herunterladen eines Updates begonnen.

