TimeCreated      : 15.04.2019 21:22:11
ProviderName     : Microsoft-Windows-DistributedCOM
Id               : 10016
LevelDisplayName : Fehler
Message          : Durch die Berechtigungseinstellungen für "Anwendungsspezifisch" wird dem Benutzer "NIBIRU\admin" (SID: S-1-5-21-2863662748-938137181-2532542191-1000) 
                   unter der Adresse "LocalHost (unter Verwendung von LRPC)" keine Berechtigung vom Typ "Lokal Aktivierung" für die COM-Serveranwendung mit der CLSID 
                   {2593F8B9-4EAF-457C-B68A-50F6B8EA6B54}
                    und der APPID 
                   {15C20B67-12E7-4BB6-92BB-7AFF07997402}
                    im Anwendungscontainer "Nicht verfügbar" (SID: Nicht verfügbar) gewährt. Die Sicherheitsberechtigung kann mit dem Verwaltungstool für 
                   Komponentendienste geändert werden.

TimeCreated      : 15.04.2019 21:21:12
ProviderName     : Microsoft-Windows-WindowsUpdateClient
Id               : 19
LevelDisplayName : Informationen
Message          : Installation erfolgreich: Das folgende Update wurde installiert. Definitionsupdate für Windows Defender Antivirus – KB2267602 (Definition 
                   1.291.1986.0)

TimeCreated      : 15.04.2019 21:21:03
ProviderName     : Microsoft-Windows-WindowsUpdateClient
Id               : 43
LevelDisplayName : Informationen
Message          : Installation gestartet: Windows hat mit der Installation des folgenden Updates begonnen: Definitionsupdate für Windows Defender Antivirus – KB2267602 
                   (Definition 1.291.1986.0)

TimeCreated      : 15.04.2019 21:20:52
ProviderName     : Microsoft-Windows-WindowsUpdateClient
Id               : 44
LevelDisplayName : Informationen
Message          : Windows Update hat mit dem Herunterladen eines Updates begonnen.

TimeCreated      : 15.04.2019 21:20:21
ProviderName     : Microsoft-Windows-DistributedCOM
Id               : 10016
LevelDisplayName : Fehler
Message          : Durch die Berechtigungseinstellungen für "Anwendungsspezifisch" wird dem Benutzer "NIBIRU\admin" (SID: S-1-5-21-2863662748-938137181-2532542191-1000) 
                   unter der Adresse "LocalHost (unter Verwendung von LRPC)" keine Berechtigung vom Typ "Lokal Aktivierung" für die COM-Serveranwendung mit der CLSID 
                   {2593F8B9-4EAF-457C-B68A-50F6B8EA6B54}
                    und der APPID 
                   {15C20B67-12E7-4BB6-92BB-7AFF07997402}
                    im Anwendungscontainer "Nicht verfügbar" (SID: Nicht verfügbar) gewährt. Die Sicherheitsberechtigung kann mit dem Verwaltungstool für 
                   Komponentendienste geändert werden.

TimeCreated      : 15.04.2019 21:20:21
ProviderName     : Microsoft-Windows-DistributedCOM
Id               : 10016
LevelDisplayName : Fehler
Message          : Durch die Berechtigungseinstellungen für "Anwendungsspezifisch" wird dem Benutzer "NIBIRU\admin" (SID: S-1-5-21-2863662748-938137181-2532542191-1000) 
                   unter der Adresse "LocalHost (unter Verwendung von LRPC)" keine Berechtigung vom Typ "Lokal Aktivierung" für die COM-Serveranwendung mit der CLSID 
                   {2593F8B9-4EAF-457C-B68A-50F6B8EA6B54}
                    und der APPID 
                   {15C20B67-12E7-4BB6-92BB-7AFF07997402}
                    im Anwendungscontainer "Nicht verfügbar" (SID: Nicht verfügbar) gewährt. Die Sicherheitsberechtigung kann mit dem Verwaltungstool für 
                   Komponentendienste geändert werden.

TimeCreated      : 15.04.2019 21:20:20
ProviderName     : Microsoft-Windows-DistributedCOM
Id               : 10016
LevelDisplayName : Fehler
Message          : Durch die Berechtigungseinstellungen für "Anwendungsspezifisch" wird dem Benutzer "NIBIRU\admin" (SID: S-1-5-21-2863662748-938137181-2532542191-1000) 
                   unter der Adresse "LocalHost (unter Verwendung von LRPC)" keine Berechtigung vom Typ "Lokal Aktivierung" für die COM-Serveranwendung mit der CLSID 
                   {2593F8B9-4EAF-457C-B68A-50F6B8EA6B54}
                    und der APPID 
                   {15C20B67-12E7-4BB6-92BB-7AFF07997402}
                    im Anwendungscontainer "Nicht verfügbar" (SID: Nicht verfügbar) gewährt. Die Sicherheitsberechtigung kann mit dem Verwaltungstool für 
                   Komponentendienste geändert werden.

TimeCreated      : 15.04.2019 21:20:20
ProviderName     : Microsoft-Windows-DistributedCOM
Id               : 10016
LevelDisplayName : Fehler
Message          : Durch die Berechtigungseinstellungen für "Anwendungsspezifisch" wird dem Benutzer "NIBIRU\admin" (SID: S-1-5-21-2863662748-938137181-2532542191-1000) 
                   unter der Adresse "LocalHost (unter Verwendung von LRPC)" keine Berechtigung vom Typ "Lokal Aktivierung" für die COM-Serveranwendung mit der CLSID 
                   {2593F8B9-4EAF-457C-B68A-50F6B8EA6B54}
                    und der APPID 
                   {15C20B67-12E7-4BB6-92BB-7AFF07997402}
                    im Anwendungscontainer "Nicht verfügbar" (SID: Nicht verfügbar) gewährt. Die Sicherheitsberechtigung kann mit dem Verwaltungstool für 
                   Komponentendienste geändert werden.

TimeCreated      : 15.04.2019 21:20:13
ProviderName     : Service Control Manager
Id               : 7040
LevelDisplayName : Informationen
Message          : Der Starttyp des Diensts "Intelligenter Hintergrundübertragungsdienst" wurde von Automatisch starten in Manuell starten geändert.

TimeCreated      : 15.04.2019 21:18:07
ProviderName     : Microsoft-Windows-DistributedCOM
Id               : 10016
LevelDisplayName : Fehler
Message          : Durch die Berechtigungseinstellungen für "Anwendungsspezifisch" wird dem Benutzer "NIBIRU\admin" (SID: S-1-5-21-2863662748-938137181-2532542191-1000) 
                   unter der Adresse "LocalHost (unter Verwendung von LRPC)" keine Berechtigung vom Typ "Lokal Aktivierung" für die COM-Serveranwendung mit der CLSID 
                   {2593F8B9-4EAF-457C-B68A-50F6B8EA6B54}
                    und der APPID 
                   {15C20B67-12E7-4BB6-92BB-7AFF07997402}
                    im Anwendungscontainer "Nicht verfügbar" (SID: Nicht verfügbar) gewährt. Die Sicherheitsberechtigung kann mit dem Verwaltungstool für 
                   Komponentendienste geändert werden.

TimeCreated      : 15.04.2019 21:17:41
ProviderName     : e1iexpress
Id               : 32
LevelDisplayName : Informationen
Message          : Intel(R) 82579V Gigabit Network Connection
                    Network link has been established at 1Gbps full duplex.
                   

TimeCreated      : 15.04.2019 21:17:41
ProviderName     : Service Control Manager
Id               : 7040
LevelDisplayName : Informationen
Message          : Der Starttyp des Diensts "Intelligenter Hintergrundübertragungsdienst" wurde von Manuell starten in Automatisch starten geändert.

TimeCreated      : 15.04.2019 21:17:40
ProviderName     : Microsoft-Windows-Power-Troubleshooter
Id               : 1
LevelDisplayName : Informationen
Message          : Das System wurde aus einem Standbymodus reaktiviert.
                   
                   Zeit im Energiesparmodus: ?2019?-?04?-?14T23:05:02.925258300Z
                   Reaktivierungszeit: ?2019?-?04?-?15T19:17:38.764510600Z
                   
                   Reaktivierungsquelle: Unbekannt

TimeCreated      : 15.04.2019 21:17:40
ProviderName     : Microsoft-Windows-DistributedCOM
Id               : 10016
LevelDisplayName : Fehler
Message          : Durch die Berechtigungseinstellungen für "Anwendungsspezifisch" wird dem Benutzer "NT-AUTORITÄT\Lokaler Dienst" (SID: S-1-5-19) unter der Adresse 
                   "LocalHost (unter Verwendung von LRPC)" keine Berechtigung vom Typ "Lokal Aktivierung" für die COM-Serveranwendung mit der CLSID 
                   {6B3B8D23-FA8D-40B9-8DBD-B950333E2C52}
                    und der APPID 
                   {4839DDB7-58C2-48F5-8283-E1D1807D0D7D}
                    im Anwendungscontainer "Nicht verfügbar" (SID: Nicht verfügbar) gewährt. Die Sicherheitsberechtigung kann mit dem Verwaltungstool für 
                   Komponentendienste geändert werden.

TimeCreated      : 15.04.2019 21:17:40
ProviderName     : Microsoft-Windows-DistributedCOM
Id               : 10016
LevelDisplayName : Fehler
Message          : Durch die Berechtigungseinstellungen für "Anwendungsspezifisch" wird dem Benutzer "NT-AUTORITÄT\Lokaler Dienst" (SID: S-1-5-19) unter der Adresse 
                   "LocalHost (unter Verwendung von LRPC)" keine Berechtigung vom Typ "Lokal Aktivierung" für die COM-Serveranwendung mit der CLSID 
                   {6B3B8D23-FA8D-40B9-8DBD-B950333E2C52}
                    und der APPID 
                   {4839DDB7-58C2-48F5-8283-E1D1807D0D7D}
                    im Anwendungscontainer "Nicht verfügbar" (SID: Nicht verfügbar) gewährt. Die Sicherheitsberechtigung kann mit dem Verwaltungstool für 
                   Komponentendienste geändert werden.

TimeCreated      : 15.04.2019 21:17:39
ProviderName     : Microsoft-Windows-Winlogon
Id               : 7001
LevelDisplayName : Informationen
Message          : Benutzeranmeldebenachrichtigung für Programm zur Verbesserung der Benutzerfreundlichkeit

TimeCreated      : 15.04.2019 21:17:39
ProviderName     : BTHUSB
Id               : 34
LevelDisplayName : Warnung
Message          : Der lokale Adapter bietet keine Unterstützung für einen wichtigen Low Energy-Controllerstatus zur Unterstützung des Peripheral-Modus. Die mindestens 
                   erforderliche unterstützte Statusmaske ist 0x2491f7fffff, vorhanden ist 0x1fffffff. Für die Peripheral-Rolle "Low Energy" ist keine Funktion 
                   verfügbar.

TimeCreated      : 15.04.2019 21:17:39
ProviderName     : BTHUSB
Id               : 18
LevelDisplayName : Informationen
Message          : Windows kann keine Bluetooth-Authentifizierungscodes (Verbindungsschlüssel) auf dem lokalen Adapter speichern. Bluetooth-Tastaturen funktionieren 
                   möglicherweise nicht im System-BIOS während des Systemstarts.

TimeCreated      : 15.04.2019 21:17:38
ProviderName     : Microsoft-Windows-Kernel-Boot
Id               : 27
LevelDisplayName : Informationen
Message          : Der Starttyp lautete "0x1".

TimeCreated      : 15.04.2019 21:17:38
ProviderName     : Microsoft-Windows-Kernel-Boot
Id               : 25
LevelDisplayName : Informationen
Message          : Die Richtlinie für das Startmenü lautete "0x1".

TimeCreated      : 15.04.2019 21:17:38
ProviderName     : Microsoft-Windows-Kernel-Boot
Id               : 32
LevelDisplayName : Informationen
Message          : Vom Start-Manager wurde 0 ms auf eine Benutzereingabe gewartet.

TimeCreated      : 15.04.2019 21:17:38
ProviderName     : Microsoft-Windows-Kernel-Boot
Id               : 18
LevelDisplayName : Informationen
Message          : In diesem System sind 0x1 Startoptionen vorhanden.

TimeCreated      : 15.04.2019 21:17:38
ProviderName     : e1iexpress
Id               : 27
LevelDisplayName : Warnung
Message          : Intel(R) 82579V Gigabit Network Connection
                    Network link is disconnected.
                   

TimeCreated      : 15.04.2019 21:17:37
ProviderName     : Microsoft-Windows-Kernel-General
Id               : 1
LevelDisplayName : Informationen
Message          : Die Systemzeit wurde von ?2019?-?04?-?14T23:05:06.073251400Z in ?2019?-?04?-?15T19:17:37.500000000Z geändert.
                   
                   Änderungsgrund: System time synchronized with the hardware clock.
                   Prozess: '' (PID 4).

TimeCreated      : 15.04.2019 01:05:06
ProviderName     : Microsoft-Windows-Kernel-Power
Id               : 107
LevelDisplayName : Informationen
Message          : Das System wurde aus dem Energiesparmodus reaktiviert.

TimeCreated      : 15.04.2019 21:17:38
ProviderName     : EventLog
Id               : 6013
LevelDisplayName : Informationen
Message          : Die aktive Systemzeit ist 251882 Sekunden.

TimeCreated      : 15.04.2019 01:05:03
ProviderName     : Microsoft-Windows-Kernel-Power
Id               : 42
LevelDisplayName : Informationen
Message          : Das System wird in den Standbymodus versetzt.
                   
                   Ursache: Application API

TimeCreated      : 15.04.2019 01:05:02
ProviderName     : Microsoft-Windows-Kernel-Power
Id               : 187
LevelDisplayName : Informationen
Message          : Von einem Prozess im Benutzermodus wurde versucht, den Systemstatus durch den Aufruf der SetSuspendState- oder SetSystemPowerState-API zu ändern.

TimeCreated      : 15.04.2019 01:05:01
ProviderName     : Microsoft-Windows-Winlogon
Id               : 7002
LevelDisplayName : Informationen
Message          : Benutzerabmeldebenachrichtigung für Programm zur Verbesserung der Benutzerfreundlichkeit

TimeCreated      : 14.04.2019 22:49:55
ProviderName     : Microsoft-Windows-DistributedCOM
Id               : 10016
LevelDisplayName : Fehler
Message          : Durch die Berechtigungseinstellungen für "Anwendungsspezifisch" wird dem Benutzer "NIBIRU\admin" (SID: S-1-5-21-2863662748-938137181-2532542191-1000) 
                   unter der Adresse "LocalHost (unter Verwendung von LRPC)" keine Berechtigung vom Typ "Lokal Aktivierung" für die COM-Serveranwendung mit der CLSID 
                   {2593F8B9-4EAF-457C-B68A-50F6B8EA6B54}
                    und der APPID 
                   {15C20B67-12E7-4BB6-92BB-7AFF07997402}
                    im Anwendungscontainer "Nicht verfügbar" (SID: Nicht verfügbar) gewährt. Die Sicherheitsberechtigung kann mit dem Verwaltungstool für 
                   Komponentendienste geändert werden.

TimeCreated      : 14.04.2019 22:47:32
ProviderName     : Microsoft-Windows-Kernel-General
Id               : 16
LevelDisplayName : Informationen
Message          : Der Zugriffsverlauf in der Struktur "\??\C:\ProgramData\Microsoft\Provisioning\Microsoft-Desktop-Provisioning-Sequence.dat" wurde gelöscht. Dabei 
                   wurden 0 Schlüssel aktualisiert und 0 geänderte Seiten erstellt.

TimeCreated      : 14.04.2019 20:24:54
ProviderName     : Microsoft-Windows-DistributedCOM
Id               : 10016
LevelDisplayName : Fehler
Message          : Durch die Berechtigungseinstellungen für "Anwendungsspezifisch" wird dem Benutzer "NIBIRU\admin" (SID: S-1-5-21-2863662748-938137181-2532542191-1000) 
                   unter der Adresse "LocalHost (unter Verwendung von LRPC)" keine Berechtigung vom Typ "Lokal Aktivierung" für die COM-Serveranwendung mit der CLSID 
                   {2593F8B9-4EAF-457C-B68A-50F6B8EA6B54}
                    und der APPID 
                   {15C20B67-12E7-4BB6-92BB-7AFF07997402}
                    im Anwendungscontainer "Nicht verfügbar" (SID: Nicht verfügbar) gewährt. Die Sicherheitsberechtigung kann mit dem Verwaltungstool für 
                   Komponentendienste geändert werden.

TimeCreated      : 14.04.2019 20:12:41
ProviderName     : Volsnap
Id               : 33
LevelDisplayName : Informationen
Message          : Die älteste Schattenkopie von Volume "C:" wurde gelöscht, um den Datenträger-Speicherplatz für Schattenkopien auf Volume "C:" unterhalb des 
                   benutzerdefinierten Limits zu belassen.

TimeCreated      : 14.04.2019 20:11:49
ProviderName     : Service Control Manager
Id               : 7000
LevelDisplayName : Fehler
Message          : Der Dienst "LogMeIn Hamachi Tunneling Engine" wurde aufgrund folgenden Fehlers nicht gestartet: 
                   Der Dienst antwortete nicht rechtzeitig auf die Start- oder Steuerungsanforderung.

TimeCreated      : 14.04.2019 20:11:49
ProviderName     : Service Control Manager
Id               : 7009
LevelDisplayName : Fehler
Message          : Das Zeitlimit (30000 ms) wurde beim Verbindungsversuch mit dem Dienst LogMeIn Hamachi Tunneling Engine erreicht.

TimeCreated      : 14.04.2019 20:11:46
ProviderName     : Service Control Manager
Id               : 7030
LevelDisplayName : Fehler
Message          : Der Dienst "LogMeIn Hamachi Tunneling Engine" ist als interaktiver Dienst gekennzeichnet. Das System wurde jedoch so konfiguriert, dass interaktive 
                   Dienste nicht möglich sind. Der Dienst wird möglicherweise nicht richtig funktionieren.

TimeCreated      : 14.04.2019 20:11:46
ProviderName     : Service Control Manager
Id               : 7045
LevelDisplayName : Informationen
Message          : Im System wurde ein Dienst installiert.
                   
                   Dienstname:  LogMeIn Hamachi Tunneling Engine
                   Dienstdateiname:  "C:\Program Files (x86)\LogMeIn Hamachi\x64\hamachi-2.exe" -s
                   Diensttyp:  Benutzermodusdienst
                   Dienststarttyp:  Automatisch starten
                   Dienstkonto:  LocalSystem

TimeCreated      : 14.04.2019 20:11:40
ProviderName     : Microsoft-Windows-UserPnp
Id               : 20001
LevelDisplayName : Informationen
Message          : Der Prozess zum Installieren von Treiber hamdrv.inf_amd64_c59072ec40c0c372 für Geräteinstanz-ID ROOT\NET\0000 wurde mit folgendem Status beendet: 0x0.

TimeCreated      : 14.04.2019 20:11:40
ProviderName     : Microsoft-Windows-UserPnp
Id               : 20003
LevelDisplayName : Informationen
Message          : Der Prozess zum Hinzufügen von Dienst Hamachi für Geräteinstanz-ID ROOT\NET\0000 wurde mit folgendem Status beendet: 0.

TimeCreated      : 14.04.2019 20:11:40
ProviderName     : Service Control Manager
Id               : 7045
LevelDisplayName : Informationen
Message          : Im System wurde ein Dienst installiert.
                   
                   Dienstname:  LogMeIn Hamachi Virtual Miniport)
                   Dienstdateiname:  \SystemRoot\system32\DRIVERS\Hamdrv.sys
                   Diensttyp:  Kernelmodustreiber
                   Dienststarttyp:  Manuell starten
                   Dienstkonto:  

TimeCreated      : 14.04.2019 20:11:39
ProviderName     : Service Control Manager
Id               : 7045
LevelDisplayName : Informationen
Message          : Im System wurde ein Dienst installiert.
                   
                   Dienstname:  LMIGuardianSvc
                   Dienstdateiname:  "C:\Program Files (x86)\LogMeIn Hamachi\x64\LMIGuardianSvc.exe"
                   Diensttyp:  Benutzermodusdienst
                   Dienststarttyp:  Automatisch starten
                   Dienstkonto:  LocalSystem

TimeCreated      : 14.04.2019 20:08:25
ProviderName     : Microsoft-Windows-DistributedCOM
Id               : 10016
LevelDisplayName : Fehler
Message          : Durch die Berechtigungseinstellungen für "Anwendungsspezifisch" wird dem Benutzer "NIBIRU\admin" (SID: S-1-5-21-2863662748-938137181-2532542191-1000) 
                   unter der Adresse "LocalHost (unter Verwendung von LRPC)" keine Berechtigung vom Typ "Lokal Aktivierung" für die COM-Serveranwendung mit der CLSID 
                   {2593F8B9-4EAF-457C-B68A-50F6B8EA6B54}
                    und der APPID 
                   {15C20B67-12E7-4BB6-92BB-7AFF07997402}
                    im Anwendungscontainer "Nicht verfügbar" (SID: Nicht verfügbar) gewährt. Die Sicherheitsberechtigung kann mit dem Verwaltungstool für 
                   Komponentendienste geändert werden.

TimeCreated      : 14.04.2019 20:06:30
ProviderName     : Microsoft-Windows-UserPnp
Id               : 20001
LevelDisplayName : Informationen
Message          : Der Prozess zum Installieren von Treiber lgaudio.inf_amd64_2c12e9bd731d3023 für Geräteinstanz-ID USB\VID_046D&PID_0A5C&MI_00\A&336123EB&0&0000 wurde 
                   mit folgendem Status beendet: 0x0.

TimeCreated      : 14.04.2019 20:06:30
ProviderName     : Microsoft-Windows-UserPnp
Id               : 20003
LevelDisplayName : Informationen
Message          : Der Prozess zum Hinzufügen von Dienst usbaudio für Geräteinstanz-ID USB\VID_046D&PID_0A5C&MI_00\A&336123EB&0&0000 wurde mit folgendem Status beendet: 
                   0.

TimeCreated      : 14.04.2019 20:06:30
ProviderName     : Microsoft-Windows-UserPnp
Id               : 20003
LevelDisplayName : Informationen
Message          : Der Prozess zum Hinzufügen von Dienst ladfGSS für Geräteinstanz-ID USB\VID_046D&PID_0A5C&MI_00\A&336123EB&0&0000 wurde mit folgendem Status beendet: 
                   0.

TimeCreated      : 14.04.2019 20:06:30
ProviderName     : Service Control Manager
Id               : 7045
LevelDisplayName : Informationen
Message          : Im System wurde ein Dienst installiert.
                   
                   Dienstname:  Logitech USB Surround Filter Driver (LGS)
                   Dienstdateiname:  \SystemRoot\system32\drivers\ladfGSS.sys
                   Diensttyp:  Kernelmodustreiber
                   Dienststarttyp:  Manuell starten
                   Dienstkonto:  

TimeCreated      : 14.04.2019 20:00:55
ProviderName     : Service Control Manager
Id               : 7040
LevelDisplayName : Informationen
Message          : Der Starttyp des Diensts "Intelligenter Hintergrundübertragungsdienst" wurde von Automatisch starten in Manuell starten geändert.

TimeCreated      : 14.04.2019 19:58:53
ProviderName     : Service Control Manager
Id               : 7040
LevelDisplayName : Informationen
Message          : Der Starttyp des Diensts "Intelligenter Hintergrundübertragungsdienst" wurde von Manuell starten in Automatisch starten geändert.

TimeCreated      : 14.04.2019 19:58:18
ProviderName     : Service Control Manager
Id               : 7040
LevelDisplayName : Informationen
Message          : Der Starttyp des Diensts "Intelligenter Hintergrundübertragungsdienst" wurde von Automatisch starten in Manuell starten geändert.

TimeCreated      : 14.04.2019 19:56:22
ProviderName     : Microsoft-Windows-DistributedCOM
Id               : 10016
LevelDisplayName : Fehler
Message          : Durch die Berechtigungseinstellungen für "Anwendungsspezifisch" wird dem Benutzer "NIBIRU\admin" (SID: S-1-5-21-2863662748-938137181-2532542191-1000) 
                   unter der Adresse "LocalHost (unter Verwendung von LRPC)" keine Berechtigung vom Typ "Lokal Aktivierung" für die COM-Serveranwendung mit der CLSID 
                   {2593F8B9-4EAF-457C-B68A-50F6B8EA6B54}
                    und der APPID 
                   {15C20B67-12E7-4BB6-92BB-7AFF07997402}
                    im Anwendungscontainer "Nicht verfügbar" (SID: Nicht verfügbar) gewährt. Die Sicherheitsberechtigung kann mit dem Verwaltungstool für 
                   Komponentendienste geändert werden.

TimeCreated      : 14.04.2019 19:56:15
ProviderName     : Service Control Manager
Id               : 7040
LevelDisplayName : Informationen
Message          : Der Starttyp des Diensts "Intelligenter Hintergrundübertragungsdienst" wurde von Manuell starten in Automatisch starten geändert.

TimeCreated      : 14.04.2019 19:55:56
ProviderName     : e1iexpress
Id               : 32
LevelDisplayName : Informationen
Message          : Intel(R) 82579V Gigabit Network Connection
                    Network link has been established at 1Gbps full duplex.
                   

TimeCreated      : 14.04.2019 19:55:55
ProviderName     : Microsoft-Windows-Power-Troubleshooter
Id               : 1
LevelDisplayName : Informationen
Message          : Das System wurde aus einem Standbymodus reaktiviert.
                   
                   Zeit im Energiesparmodus: ?2019?-?04?-?14T14:32:28.070448100Z
                   Reaktivierungszeit: ?2019?-?04?-?14T17:55:53.593188600Z
                   
                   Reaktivierungsquelle: Unbekannt

TimeCreated      : 14.04.2019 19:55:55
ProviderName     : Microsoft-Windows-DistributedCOM
Id               : 10016
LevelDisplayName : Fehler
Message          : Durch die Berechtigungseinstellungen für "Anwendungsspezifisch" wird dem Benutzer "NT-AUTORITÄT\Lokaler Dienst" (SID: S-1-5-19) unter der Adresse 
                   "LocalHost (unter Verwendung von LRPC)" keine Berechtigung vom Typ "Lokal Aktivierung" für die COM-Serveranwendung mit der CLSID 
                   {6B3B8D23-FA8D-40B9-8DBD-B950333E2C52}
                    und der APPID 
                   {4839DDB7-58C2-48F5-8283-E1D1807D0D7D}
                    im Anwendungscontainer "Nicht verfügbar" (SID: Nicht verfügbar) gewährt. Die Sicherheitsberechtigung kann mit dem Verwaltungstool für 
                   Komponentendienste geändert werden.

TimeCreated      : 14.04.2019 19:55:55
ProviderName     : Microsoft-Windows-DistributedCOM
Id               : 10016
LevelDisplayName : Fehler
Message          : Durch die Berechtigungseinstellungen für "Anwendungsspezifisch" wird dem Benutzer "NT-AUTORITÄT\Lokaler Dienst" (SID: S-1-5-19) unter der Adresse 
                   "LocalHost (unter Verwendung von LRPC)" keine Berechtigung vom Typ "Lokal Aktivierung" für die COM-Serveranwendung mit der CLSID 
                   {6B3B8D23-FA8D-40B9-8DBD-B950333E2C52}
                    und der APPID 
                   {4839DDB7-58C2-48F5-8283-E1D1807D0D7D}
                    im Anwendungscontainer "Nicht verfügbar" (SID: Nicht verfügbar) gewährt. Die Sicherheitsberechtigung kann mit dem Verwaltungstool für 
                   Komponentendienste geändert werden.

TimeCreated      : 14.04.2019 19:55:54
ProviderName     : BTHUSB
Id               : 34
LevelDisplayName : Warnung
Message          : Der lokale Adapter bietet keine Unterstützung für einen wichtigen Low Energy-Controllerstatus zur Unterstützung des Peripheral-Modus. Die mindestens 
                   erforderliche unterstützte Statusmaske ist 0x2491f7fffff, vorhanden ist 0x1fffffff. Für die Peripheral-Rolle "Low Energy" ist keine Funktion 
                   verfügbar.

TimeCreated      : 14.04.2019 19:55:54
ProviderName     : Microsoft-Windows-Winlogon
Id               : 7001
LevelDisplayName : Informationen
Message          : Benutzeranmeldebenachrichtigung für Programm zur Verbesserung der Benutzerfreundlichkeit

TimeCreated      : 14.04.2019 19:55:54
ProviderName     : BTHUSB
Id               : 18
LevelDisplayName : Informationen
Message          : Windows kann keine Bluetooth-Authentifizierungscodes (Verbindungsschlüssel) auf dem lokalen Adapter speichern. Bluetooth-Tastaturen funktionieren 
                   möglicherweise nicht im System-BIOS während des Systemstarts.

TimeCreated      : 14.04.2019 19:55:53
ProviderName     : Microsoft-Windows-Kernel-Boot
Id               : 27
LevelDisplayName : Informationen
Message          : Der Starttyp lautete "0x1".

TimeCreated      : 14.04.2019 19:55:53
ProviderName     : Microsoft-Windows-Kernel-Boot
Id               : 25
LevelDisplayName : Informationen
Message          : Die Richtlinie für das Startmenü lautete "0x1".

TimeCreated      : 14.04.2019 19:55:53
ProviderName     : Microsoft-Windows-Kernel-Boot
Id               : 32
LevelDisplayName : Informationen
Message          : Vom Start-Manager wurde 0 ms auf eine Benutzereingabe gewartet.

TimeCreated      : 14.04.2019 19:55:53
ProviderName     : Microsoft-Windows-Kernel-Boot
Id               : 18
LevelDisplayName : Informationen
Message          : In diesem System sind 0x1 Startoptionen vorhanden.

TimeCreated      : 14.04.2019 19:55:53
ProviderName     : e1iexpress
Id               : 27
LevelDisplayName : Warnung
Message          : Intel(R) 82579V Gigabit Network Connection
                    Network link is disconnected.
                   

TimeCreated      : 14.04.2019 19:55:52
ProviderName     : Microsoft-Windows-Kernel-General
Id               : 1
LevelDisplayName : Informationen
Message          : Die Systemzeit wurde von ?2019?-?04?-?14T14:32:30.142221700Z in ?2019?-?04?-?14T17:55:52.500000000Z geändert.
                   
                   Änderungsgrund: System time synchronized with the hardware clock.
                   Prozess: '' (PID 4).

TimeCreated      : 14.04.2019 16:32:30
ProviderName     : Microsoft-Windows-Kernel-Power
Id               : 107
LevelDisplayName : Informationen
Message          : Das System wurde aus dem Energiesparmodus reaktiviert.

TimeCreated      : 14.04.2019 16:32:28
ProviderName     : Microsoft-Windows-Kernel-Power
Id               : 42
LevelDisplayName : Informationen
Message          : Das System wird in den Standbymodus versetzt.
                   
                   Ursache: Application API

TimeCreated      : 14.04.2019 16:32:28
ProviderName     : Microsoft-Windows-Kernel-Power
Id               : 187
LevelDisplayName : Informationen
Message          : Von einem Prozess im Benutzermodus wurde versucht, den Systemstatus durch den Aufruf der SetSuspendState- oder SetSystemPowerState-API zu ändern.

TimeCreated      : 14.04.2019 16:32:27
ProviderName     : Microsoft-Windows-Winlogon
Id               : 7002
LevelDisplayName : Informationen
Message          : Benutzerabmeldebenachrichtigung für Programm zur Verbesserung der Benutzerfreundlichkeit

TimeCreated      : 14.04.2019 15:53:53
ProviderName     : Microsoft-Windows-Kernel-General
Id               : 1
LevelDisplayName : Informationen
Message          : Die Systemzeit wurde von ?2019?-?04?-?14T13:53:53.795392700Z in ?2019?-?04?-?14T13:53:53.795432500Z geändert.
                   
                   Änderungsgrund: An application or system component changed the time.
                   Prozess: '\Device\HarddiskVolume5\Windows\System32\svchost.exe' (PID 9768).

TimeCreated      : 14.04.2019 15:53:53
ProviderName     : Microsoft-Windows-Kernel-General
Id               : 1
LevelDisplayName : Informationen
Message          : Die Systemzeit wurde von ?2019?-?04?-?14T13:53:53.794400700Z in ?2019?-?04?-?14T13:53:53.794417700Z geändert.
                   
                   Änderungsgrund: An application or system component changed the time.
                   Prozess: '\Device\HarddiskVolume5\Windows\System32\svchost.exe' (PID 9768).

TimeCreated      : 14.04.2019 15:53:53
ProviderName     : Microsoft-Windows-Time-Service
Id               : 35
LevelDisplayName : Informationen
Message          : Der Zeitdienst synchronisiert jetzt die Systemzeit mit der Zeitquelle time.windows.com,0x9 (ntp.m|0x9|0.0.0.0:123->51.141.32.51:123) mit der 
                   Referenz-ID 857771315. Die aktuelle lokale Stratumnummer ist 3.

TimeCreated      : 14.04.2019 15:53:53
ProviderName     : Microsoft-Windows-Kernel-General
Id               : 1
LevelDisplayName : Informationen
Message          : Die Systemzeit wurde von ?2019?-?04?-?14T13:53:51.246157500Z in ?2019?-?04?-?14T13:53:53.793736300Z geändert.
                   
                   Änderungsgrund: An application or system component changed the time.
                   Prozess: '\Device\HarddiskVolume5\Windows\System32\svchost.exe' (PID 9768).

TimeCreated      : 14.04.2019 15:53:36
ProviderName     : Microsoft-Windows-Time-Service
Id               : 37
LevelDisplayName : Informationen
Message          : Der Zeitanbieter "NtpClient" empfängt derzeit gültige Zeitdaten von time.windows.com,0x9 (ntp.m|0x9|0.0.0.0:123->51.141.32.51:123).

TimeCreated      : 14.04.2019 15:53:35
ProviderName     : Microsoft-Windows-Time-Service
Id               : 158
LevelDisplayName : Informationen
Message          : Der Zeitanbieter 'VMICTimeProvider' hat angegeben, dass die aktuelle Hardware- und Betriebssystemumgebung nicht unterstützt wird und beendet wurde. 
                   Dieses Verhalten wird für VMICTimeProvider in Nicht-HyperV-Gastumgebungen erwartet. Dies kann auch das vom aktuellen Anbieter erwartete Verhalten in 
                   der aktuellen Betriebsumgebung sein.

TimeCreated      : 14.04.2019 15:53:34
ProviderName     : Microsoft-Windows-Kernel-General
Id               : 16
LevelDisplayName : Informationen
Message          : Der Zugriffsverlauf in der Struktur "\??\C:\ProgramData\Microsoft\Provisioning\Microsoft-Desktop-Provisioning-Sequence.dat" wurde gelöscht. Dabei 
                   wurden 0 Schlüssel aktualisiert und 0 geänderte Seiten erstellt.

TimeCreated      : 14.04.2019 15:19:47
ProviderName     : Microsoft-Windows-Kernel-General
Id               : 16
LevelDisplayName : Informationen
Message          : Der Zugriffsverlauf in der Struktur "\??\C:\ProgramData\Packages\AcrobatNotificationClient_e1rzdqpraam7r\S-1-5-21-2863662748-938137181-2532542191-1000
                   \SystemAppData\Helium\Cache\54fe4f7fadd94ddf_COM15.dat" wurde gelöscht. Dabei wurden 1 Schlüssel aktualisiert und 1 geänderte Seiten erstellt.

TimeCreated      : 14.04.2019 15:19:47
ProviderName     : Microsoft-Windows-Kernel-General
Id               : 16
LevelDisplayName : Informationen
Message          : Der Zugriffsverlauf in der Struktur "\??\C:\ProgramData\Packages\AcrobatNotificationClient_e1rzdqpraam7r\S-1-5-21-2863662748-938137181-2532542191-1000
                   \SystemAppData\Helium\UserClasses.dat" wurde gelöscht. Dabei wurden 1 Schlüssel aktualisiert und 1 geänderte Seiten erstellt.

TimeCreated      : 14.04.2019 15:19:47
ProviderName     : Microsoft-Windows-Kernel-General
Id               : 16
LevelDisplayName : Informationen
Message          : Der Zugriffsverlauf in der Struktur 
                   "\??\C:\ProgramData\Packages\AcrobatNotificationClient_e1rzdqpraam7r\S-1-5-21-2863662748-938137181-2532542191-1000\SystemAppData\Helium\User.dat" 
                   wurde gelöscht. Dabei wurden 1 Schlüssel aktualisiert und 1 geänderte Seiten erstellt.

TimeCreated      : 14.04.2019 14:57:06
ProviderName     : Service Control Manager
Id               : 7040
LevelDisplayName : Informationen
Message          : Der Starttyp des Diensts "Intelligenter Hintergrundübertragungsdienst" wurde von Automatisch starten in Manuell starten geändert.

TimeCreated      : 14.04.2019 14:54:45
ProviderName     : Service Control Manager
Id               : 7040
LevelDisplayName : Informationen
Message          : Der Starttyp des Diensts "Intelligenter Hintergrundübertragungsdienst" wurde von Manuell starten in Automatisch starten geändert.

TimeCreated      : 14.04.2019 14:48:45
ProviderName     : Microsoft-Windows-DistributedCOM
Id               : 10016
LevelDisplayName : Fehler
Message          : Durch die Berechtigungseinstellungen für "Anwendungsspezifisch" wird dem Benutzer "NIBIRU\admin" (SID: S-1-5-21-2863662748-938137181-2532542191-1000) 
                   unter der Adresse "LocalHost (unter Verwendung von LRPC)" keine Berechtigung vom Typ "Lokal Aktivierung" für die COM-Serveranwendung mit der CLSID 
                   {2593F8B9-4EAF-457C-B68A-50F6B8EA6B54}
                    und der APPID 
                   {15C20B67-12E7-4BB6-92BB-7AFF07997402}
                    im Anwendungscontainer "Nicht verfügbar" (SID: Nicht verfügbar) gewährt. Die Sicherheitsberechtigung kann mit dem Verwaltungstool für 
                   Komponentendienste geändert werden.

TimeCreated      : 14.04.2019 14:42:00
ProviderName     : Service Control Manager
Id               : 7040
LevelDisplayName : Informationen
Message          : Der Starttyp des Diensts "Intelligenter Hintergrundübertragungsdienst" wurde von Automatisch starten in Manuell starten geändert.

TimeCreated      : 14.04.2019 14:40:30
ProviderName     : Microsoft-Windows-WindowsUpdateClient
Id               : 19
LevelDisplayName : Informationen
Message          : Installation erfolgreich: Das folgende Update wurde installiert. Definitionsupdate für Windows Defender Antivirus – KB2267602 (Definition 
                   1.291.1858.0)

TimeCreated      : 14.04.2019 14:40:18
ProviderName     : Microsoft-Windows-WindowsUpdateClient
Id               : 43
LevelDisplayName : Informationen
Message          : Installation gestartet: Windows hat mit der Installation des folgenden Updates begonnen: Definitionsupdate für Windows Defender Antivirus – KB2267602 
                   (Definition 1.291.1858.0)

TimeCreated      : 14.04.2019 14:40:13
ProviderName     : Microsoft-Windows-WindowsUpdateClient
Id               : 44
LevelDisplayName : Informationen
Message          : Windows Update hat mit dem Herunterladen eines Updates begonnen.

TimeCreated      : 14.04.2019 14:39:57
ProviderName     : Service Control Manager
Id               : 7040
LevelDisplayName : Informationen
Message          : Der Starttyp des Diensts "Intelligenter Hintergrundübertragungsdienst" wurde von Manuell starten in Automatisch starten geändert.

TimeCreated      : 14.04.2019 14:39:35
ProviderName     : Microsoft-Windows-DistributedCOM
Id               : 10016
LevelDisplayName : Fehler
Message          : Durch die Berechtigungseinstellungen für "Anwendungsspezifisch" wird dem Benutzer "NIBIRU\admin" (SID: S-1-5-21-2863662748-938137181-2532542191-1000) 
                   unter der Adresse "LocalHost (unter Verwendung von LRPC)" keine Berechtigung vom Typ "Lokal Aktivierung" für die COM-Serveranwendung mit der CLSID 
                   {2593F8B9-4EAF-457C-B68A-50F6B8EA6B54}
                    und der APPID 
                   {15C20B67-12E7-4BB6-92BB-7AFF07997402}
                    im Anwendungscontainer "Nicht verfügbar" (SID: Nicht verfügbar) gewährt. Die Sicherheitsberechtigung kann mit dem Verwaltungstool für 
                   Komponentendienste geändert werden.

TimeCreated      : 14.04.2019 14:39:34
ProviderName     : Microsoft-Windows-DistributedCOM
Id               : 10016
LevelDisplayName : Fehler
Message          : Durch die Berechtigungseinstellungen für "Anwendungsspezifisch" wird dem Benutzer "NIBIRU\admin" (SID: S-1-5-21-2863662748-938137181-2532542191-1000) 
                   unter der Adresse "LocalHost (unter Verwendung von LRPC)" keine Berechtigung vom Typ "Lokal Aktivierung" für die COM-Serveranwendung mit der CLSID 
                   {2593F8B9-4EAF-457C-B68A-50F6B8EA6B54}
                    und der APPID 
                   {15C20B67-12E7-4BB6-92BB-7AFF07997402}
                    im Anwendungscontainer "Nicht verfügbar" (SID: Nicht verfügbar) gewährt. Die Sicherheitsberechtigung kann mit dem Verwaltungstool für 
                   Komponentendienste geändert werden.

TimeCreated      : 14.04.2019 14:39:34
ProviderName     : Microsoft-Windows-DistributedCOM
Id               : 10016
LevelDisplayName : Fehler
Message          : Durch die Berechtigungseinstellungen für "Anwendungsspezifisch" wird dem Benutzer "NIBIRU\admin" (SID: S-1-5-21-2863662748-938137181-2532542191-1000) 
                   unter der Adresse "LocalHost (unter Verwendung von LRPC)" keine Berechtigung vom Typ "Lokal Aktivierung" für die COM-Serveranwendung mit der CLSID 
                   {2593F8B9-4EAF-457C-B68A-50F6B8EA6B54}
                    und der APPID 
                   {15C20B67-12E7-4BB6-92BB-7AFF07997402}
                    im Anwendungscontainer "Nicht verfügbar" (SID: Nicht verfügbar) gewährt. Die Sicherheitsberechtigung kann mit dem Verwaltungstool für 
                   Komponentendienste geändert werden.

TimeCreated      : 14.04.2019 14:39:34
ProviderName     : Microsoft-Windows-DistributedCOM
Id               : 10016
LevelDisplayName : Fehler
Message          : Durch die Berechtigungseinstellungen für "Anwendungsspezifisch" wird dem Benutzer "NIBIRU\admin" (SID: S-1-5-21-2863662748-938137181-2532542191-1000) 
                   unter der Adresse "LocalHost (unter Verwendung von LRPC)" keine Berechtigung vom Typ "Lokal Aktivierung" für die COM-Serveranwendung mit der CLSID 
                   {2593F8B9-4EAF-457C-B68A-50F6B8EA6B54}
                    und der APPID 
                   {15C20B67-12E7-4BB6-92BB-7AFF07997402}
                    im Anwendungscontainer "Nicht verfügbar" (SID: Nicht verfügbar) gewährt. Die Sicherheitsberechtigung kann mit dem Verwaltungstool für 
                   Komponentendienste geändert werden.

TimeCreated      : 14.04.2019 14:39:03
ProviderName     : Service Control Manager
Id               : 7040
LevelDisplayName : Informationen
Message          : Der Starttyp des Diensts "Intelligenter Hintergrundübertragungsdienst" wurde von Automatisch starten in Manuell starten geändert.

TimeCreated      : 14.04.2019 14:37:23
ProviderName     : Microsoft-Windows-DistributedCOM
Id               : 10016
LevelDisplayName : Fehler
Message          : Durch die Berechtigungseinstellungen für "Anwendungsspezifisch" wird dem Benutzer "NIBIRU\admin" (SID: S-1-5-21-2863662748-938137181-2532542191-1000) 
                   unter der Adresse "LocalHost (unter Verwendung von LRPC)" keine Berechtigung vom Typ "Lokal Aktivierung" für die COM-Serveranwendung mit der CLSID 
                   {2593F8B9-4EAF-457C-B68A-50F6B8EA6B54}
                    und der APPID 
                   {15C20B67-12E7-4BB6-92BB-7AFF07997402}
                    im Anwendungscontainer "Nicht verfügbar" (SID: Nicht verfügbar) gewährt. Die Sicherheitsberechtigung kann mit dem Verwaltungstool für 
                   Komponentendienste geändert werden.

TimeCreated      : 14.04.2019 14:37:00
ProviderName     : e1iexpress
Id               : 32
LevelDisplayName : Informationen
Message          : Intel(R) 82579V Gigabit Network Connection
                    Network link has been established at 1Gbps full duplex.
                   

TimeCreated      : 14.04.2019 14:37:00
ProviderName     : Service Control Manager
Id               : 7040
LevelDisplayName : Informationen
Message          : Der Starttyp des Diensts "Intelligenter Hintergrundübertragungsdienst" wurde von Manuell starten in Automatisch starten geändert.

TimeCreated      : 14.04.2019 14:36:59
ProviderName     : Microsoft-Windows-Power-Troubleshooter
Id               : 1
LevelDisplayName : Informationen
Message          : Das System wurde aus einem Standbymodus reaktiviert.
                   
                   Zeit im Energiesparmodus: ?2019?-?04?-?13T17:38:54.358045500Z
                   Reaktivierungszeit: ?2019?-?04?-?14T12:36:57.573632400Z
                   
                   Reaktivierungsquelle: Unbekannt

TimeCreated      : 14.04.2019 14:36:59
ProviderName     : Microsoft-Windows-DistributedCOM
Id               : 10016
LevelDisplayName : Fehler
Message          : Durch die Berechtigungseinstellungen für "Anwendungsspezifisch" wird dem Benutzer "NT-AUTORITÄT\Lokaler Dienst" (SID: S-1-5-19) unter der Adresse 
                   "LocalHost (unter Verwendung von LRPC)" keine Berechtigung vom Typ "Lokal Aktivierung" für die COM-Serveranwendung mit der CLSID 
                   {6B3B8D23-FA8D-40B9-8DBD-B950333E2C52}
                    und der APPID 
                   {4839DDB7-58C2-48F5-8283-E1D1807D0D7D}
                    im Anwendungscontainer "Nicht verfügbar" (SID: Nicht verfügbar) gewährt. Die Sicherheitsberechtigung kann mit dem Verwaltungstool für 
                   Komponentendienste geändert werden.

TimeCreated      : 14.04.2019 14:36:59
ProviderName     : Microsoft-Windows-DistributedCOM
Id               : 10016
LevelDisplayName : Fehler
Message          : Durch die Berechtigungseinstellungen für "Anwendungsspezifisch" wird dem Benutzer "NT-AUTORITÄT\Lokaler Dienst" (SID: S-1-5-19) unter der Adresse 
                   "LocalHost (unter Verwendung von LRPC)" keine Berechtigung vom Typ "Lokal Aktivierung" für die COM-Serveranwendung mit der CLSID 
                   {6B3B8D23-FA8D-40B9-8DBD-B950333E2C52}
                    und der APPID 
                   {4839DDB7-58C2-48F5-8283-E1D1807D0D7D}
                    im Anwendungscontainer "Nicht verfügbar" (SID: Nicht verfügbar) gewährt. Die Sicherheitsberechtigung kann mit dem Verwaltungstool für 
                   Komponentendienste geändert werden.

TimeCreated      : 14.04.2019 14:36:58
ProviderName     : BTHUSB
Id               : 34
LevelDisplayName : Warnung
Message          : Der lokale Adapter bietet keine Unterstützung für einen wichtigen Low Energy-Controllerstatus zur Unterstützung des Peripheral-Modus. Die mindestens 
                   erforderliche unterstützte Statusmaske ist 0x2491f7fffff, vorhanden ist 0x1fffffff. Für die Peripheral-Rolle "Low Energy" ist keine Funktion 
                   verfügbar.

TimeCreated      : 14.04.2019 14:36:58
ProviderName     : BTHUSB
Id               : 18
LevelDisplayName : Informationen
Message          : Windows kann keine Bluetooth-Authentifizierungscodes (Verbindungsschlüssel) auf dem lokalen Adapter speichern. Bluetooth-Tastaturen funktionieren 
                   möglicherweise nicht im System-BIOS während des Systemstarts.

TimeCreated      : 14.04.2019 14:36:58
ProviderName     : Microsoft-Windows-Winlogon
Id               : 7001
LevelDisplayName : Informationen
Message          : Benutzeranmeldebenachrichtigung für Programm zur Verbesserung der Benutzerfreundlichkeit

TimeCreated      : 14.04.2019 14:36:57
ProviderName     : Microsoft-Windows-Kernel-Boot
Id               : 27
LevelDisplayName : Informationen
Message          : Der Starttyp lautete "0x1".

TimeCreated      : 14.04.2019 14:36:57
ProviderName     : Microsoft-Windows-Kernel-Boot
Id               : 25
LevelDisplayName : Informationen
Message          : Die Richtlinie für das Startmenü lautete "0x1".

TimeCreated      : 14.04.2019 14:36:57
ProviderName     : Microsoft-Windows-Kernel-Boot
Id               : 32
LevelDisplayName : Informationen
Message          : Vom Start-Manager wurde 0 ms auf eine Benutzereingabe gewartet.

TimeCreated      : 14.04.2019 14:36:57
ProviderName     : Microsoft-Windows-Kernel-Boot
Id               : 18
LevelDisplayName : Informationen
Message          : In diesem System sind 0x1 Startoptionen vorhanden.

TimeCreated      : 14.04.2019 14:36:57
ProviderName     : e1iexpress
Id               : 27
LevelDisplayName : Warnung
Message          : Intel(R) 82579V Gigabit Network Connection
                    Network link is disconnected.
                   

TimeCreated      : 14.04.2019 14:36:56
ProviderName     : Microsoft-Windows-Kernel-General
Id               : 1
LevelDisplayName : Informationen
Message          : Die Systemzeit wurde von ?2019?-?04?-?13T17:38:56.145409500Z in ?2019?-?04?-?14T12:36:56.500000000Z geändert.
                   
                   Änderungsgrund: System time synchronized with the hardware clock.
                   Prozess: '' (PID 4).

TimeCreated      : 13.04.2019 19:38:56
ProviderName     : Microsoft-Windows-Kernel-Power
Id               : 107
LevelDisplayName : Informationen
Message          : Das System wurde aus dem Energiesparmodus reaktiviert.

TimeCreated      : 14.04.2019 14:36:56
ProviderName     : EventLog
Id               : 6013
LevelDisplayName : Informationen
Message          : Die aktive Systemzeit ist 141444 Sekunden.

TimeCreated      : 13.04.2019 19:38:54
ProviderName     : Microsoft-Windows-Kernel-Power
Id               : 42
LevelDisplayName : Informationen
Message          : Das System wird in den Standbymodus versetzt.
                   
                   Ursache: Application API

TimeCreated      : 13.04.2019 19:38:54
ProviderName     : Microsoft-Windows-Kernel-Power
Id               : 187
LevelDisplayName : Informationen
Message          : Von einem Prozess im Benutzermodus wurde versucht, den Systemstatus durch den Aufruf der SetSuspendState- oder SetSystemPowerState-API zu ändern.

TimeCreated      : 13.04.2019 19:38:53
ProviderName     : Microsoft-Windows-Winlogon
Id               : 7002
LevelDisplayName : Informationen
Message          : Benutzerabmeldebenachrichtigung für Programm zur Verbesserung der Benutzerfreundlichkeit

TimeCreated      : 13.04.2019 19:13:30
ProviderName     : Service Control Manager
Id               : 7040
LevelDisplayName : Informationen
Message          : Der Starttyp des Diensts "Intelligenter Hintergrundübertragungsdienst" wurde von Automatisch starten in Manuell starten geändert.

TimeCreated      : 13.04.2019 19:11:27
ProviderName     : Service Control Manager
Id               : 7040
LevelDisplayName : Informationen
Message          : Der Starttyp des Diensts "Intelligenter Hintergrundübertragungsdienst" wurde von Manuell starten in Automatisch starten geändert.

TimeCreated      : 13.04.2019 18:39:43
ProviderName     : Service Control Manager
Id               : 7040
LevelDisplayName : Informationen
Message          : Der Starttyp des Diensts "Intelligenter Hintergrundübertragungsdienst" wurde von Automatisch starten in Manuell starten geändert.

TimeCreated      : 13.04.2019 18:37:28
ProviderName     : Service Control Manager
Id               : 7040
LevelDisplayName : Informationen
Message          : Der Starttyp des Diensts "Intelligenter Hintergrundübertragungsdienst" wurde von Manuell starten in Automatisch starten geändert.

